\BOOKMARK [1][-]{Doc-Start}{\376\377\000D\000a\000n\000h\000\040\000m\036\345\000c\000\040\000t\000h\000u\036\255\000t\000\040\000n\000g\036\357}{}% 1
\BOOKMARK [1][-]{Doc-Start}{\376\377\000M\036\336\000\040\001\020\036\246\000U}{}% 2
\BOOKMARK [1][-]{section.1}{\376\377\000M\036\331\000t\000\040\000s\036\321\000\040\000k\000i\036\277\000n\000\040\000t\000h\036\351\000c\000\040\000c\001\241\000\040\000b\036\243\000n\000\040\000v\036\301\000\040\000D\000e\000e\000p\000\040\000L\000e\000a\000r\000n\000i\000n\000g}{}% 3
\BOOKMARK [2][-]{subsection.1.1}{\376\377\000M\036\331\000t\000\040\000s\036\321\000\040\000k\000h\000\341\000i\000\040\000n\000i\036\307\000m}{section.1}% 4
\BOOKMARK [2][-]{subsection.1.2}{\376\377\000M\036\241\000n\000g\000\040\000n\001\241\000-\000r\000o\000n\000\040\000s\000\342\000u\000\040\000\050\000D\000e\000e\000p\000\040\000N\000e\000u\000r\000a\000l\000\040\000N\000e\000t\000w\000o\000r\000k\000s\000\051}{section.1}% 5
\BOOKMARK [3][-]{subsubsection.1.2.1}{\376\377\000N\001\241\000-\000r\000o\000n}{subsection.1.2}% 6
\BOOKMARK [3][-]{subsubsection.1.2.2}{\376\377\000M\036\241\000n\000g\000\040\000n\001\241\000\040\000r\000o\000n}{subsection.1.2}% 7
\BOOKMARK [2][-]{subsection.1.3}{\376\377\000C\000\341\000c\000\040\000y\036\277\000u\000\040\000t\036\321\000\040\000t\000r\000o\000n\000g\000\040\000h\000u\036\245\000n\000\040\000l\000u\000y\036\307\000n\000\040\000m\036\331\000t\000\040\000m\000\364\000\040\000h\000\354\000n\000h\000\040\000M\036\241\000n\000g\000\040\000N\001\241\000-\000r\000o\000n}{section.1}% 8
\BOOKMARK [1][-]{section.2}{\376\377\000K\000i\036\277\000n\000\040\000t\000r\000\372\000c\000\040\000m\000\341\000y\000\040\000t\000\355\000n\000h\000\040\000s\000o\000n\000g\000\040\000s\000o\000n\000g}{}% 9
\BOOKMARK [2][-]{subsection.2.1}{\376\377\000M\000\341\000y\000\040\000t\000\355\000n\000h\000\040\000s\000o\000n\000g\000\040\000s\000o\000n\000g\000\040\001\021\001\241\000n\000\040\000\050\000S\000i\000n\000g\000l\000e\000-\000m\000a\000c\000h\000i\000n\000e\000\040\000P\000a\000r\000a\000l\000l\000e\000l\000i\000s\000m\000\051}{section.2}% 10
\BOOKMARK [2][-]{subsection.2.2}{\376\377\001\020\000a\000\040\000m\000\341\000y\000\040\000t\000\355\000n\000h\000\040\000s\000o\000n\000g\000\040\000s\000o\000n\000g\000\040\000\050\000m\000u\000l\000t\000i\000-\000m\000a\000c\000h\000i\000n\000e\000\040\000P\000a\000r\000a\000l\000l\000e\000l\000i\000s\000m\000\051}{section.2}% 11
\BOOKMARK [2][-]{subsection.2.3}{\376\377\000L\036\255\000p\000\040\000t\000r\000\354\000n\000h\000\040\000s\000o\000n\000g\000\040\000s\000o\000n\000g\000\040\000\050\000P\000a\000r\000a\000l\000l\000e\000l\000\040\000P\000r\000o\000g\000r\000a\000m\000m\000i\000n\000g\000\051}{section.2}% 12
\BOOKMARK [2][-]{subsection.2.4}{\376\377\000T\000h\000u\036\255\000t\000\040\000t\000o\000\341\000n\000\040\000s\000o\000n\000g\000\040\000s\000o\000n\000g\000\040\000\050\000P\000a\000r\000a\000l\000l\000e\000l\000\040\000A\000l\000g\000o\000r\000i\000t\000h\000m\000s\000\051}{section.2}% 13
\BOOKMARK [1][-]{section.3}{\376\377\000T\000\354\000m\000\040\000h\000i\036\303\000u\000\040\000v\036\301\000\040\000H\036\307\000\040\000t\000h\036\321\000n\000g\000\040\000h\036\315\000c\000\040\000s\000\342\000u\000\040\000p\000h\000\342\000n\000\040\000t\000\341\000n}{}% 14
\BOOKMARK [2][-]{subsection.3.1}{\376\377\001\020\036\313\000n\000h\000\040\000n\000g\000h\001\051\000a}{section.3}% 15
\BOOKMARK [2][-]{subsection.3.2}{\376\377\000N\000h\036\357\000n\000g\000\040\000v\036\245\000n\000\040\001\021\036\301\000\040\000k\000h\000i\000\040\000p\000h\000\341\000t\000\040\000t\000r\000i\036\303\000n\000\040\000m\036\331\000t\000\040\000h\036\307\000\040\000t\000h\036\321\000n\000g\000\040\000h\036\315\000c\000\040\000s\000\342\000u\000\040\000p\000h\000\342\000n\000\040\000t\000\341\000n}{section.3}% 16
\BOOKMARK [2][-]{subsection.3.3}{\376\377\000C\000\341\000c\000\040\000c\000h\000i\036\277\000n\000\040\000l\001\260\036\343\000c\000\040\000s\000o\000n\000g\000\040\000s\000o\000n\000g}{section.3}% 17
\BOOKMARK [3][-]{subsubsection.3.3.1}{\376\377\000S\000o\000n\000g\000\040\000s\000o\000n\000g\000\040\000d\036\357\000\040\000l\000i\036\307\000u\000\040\000\050\000D\000a\000t\000a\000\040\000P\000a\000r\000a\000l\000l\000e\000l\000i\000s\000m\000\051}{subsection.3.3}% 18
\BOOKMARK [3][-]{subsubsection.3.3.2}{\376\377\000S\000o\000n\000g\000\040\000s\000o\000n\000g\000\040\000m\000\364\000\040\000h\000\354\000n\000h\000\040\000\050\000M\000o\000d\000e\000l\000\040\000P\000a\000r\000a\000l\000l\000e\000l\000i\000s\000m\000\051}{subsection.3.3}% 19
\BOOKMARK [3][-]{subsubsection.3.3.3}{\376\377\000K\036\371\000\040\000t\000h\000u\036\255\000t\000\040\001\021\001\260\036\335\000n\000g\000\040\036\321\000n\000g\000\040\000\050\000P\000i\000p\000e\000l\000i\000n\000i\000n\000g\000\051}{subsection.3.3}% 20
\BOOKMARK [1][-]{section.4}{\376\377\000C\000\341\000c\000\040\000t\000h\000u\036\255\000t\000\040\000t\000o\000\341\000n\000\040\000t\036\321\000i\000\040\001\260\000u\000\040\000h\000\363\000a\000\040\000p\000h\000\342\000n\000\040\000t\000\341\000n}{}% 21
\BOOKMARK [2][-]{subsection.4.1}{\376\377\000D\000o\000w\000n\000p\000o\000u\000r\000\040\000S\000G\000D}{section.4}% 22
\BOOKMARK [2][-]{subsection.4.2}{\376\377\000S\000a\000n\000d\000b\000l\000a\000s\000t\000e\000r\000\040\000L\000-\000B\000F\000G\000S}{section.4}% 23
\BOOKMARK [1][-]{section.5}{\376\377\000T\000\354\000m\000\040\000h\000i\036\303\000u\000\040\000v\036\301\000\040\001\020\000\340\000o\000\040\000t\036\241\000o\000\040\000T\000e\000n\000s\000o\000r\000F\000l\000o\000w\000\040\000p\000h\000\342\000n\000\040\000t\000\341\000n\000\040\000\050\000D\000i\000s\000t\000r\000i\000b\000u\000t\000e\000d\000\040\000T\000e\000n\000s\000o\000r\000F\000l\000o\000w\000\040\000t\000r\000a\000i\000n\000i\000n\000g\000\051\000\040}{}% 24
\BOOKMARK [2][-]{subsection.5.1}{\376\377\000T\000e\000n\000s\000o\000r\000F\000l\000o\000w\000\040\000l\000\340\000\040\000g\000\354\000?}{section.5}% 25
\BOOKMARK [2][-]{subsection.5.2}{\376\377\000T\000e\000n\000s\000o\000r\000F\000l\000o\000w\000\040\000A\000P\000I}{section.5}% 26
\BOOKMARK [1][-]{section.6}{\376\377\000K\036\277\000t\000\040\000q\000u\036\243\000\040\000\050\000t\000r\000\355\000c\000h\000\040\000d\036\253\000n\000\040\000t\036\353\000\040\000m\036\331\000t\000\040\000s\036\321\000\040\000b\000\340\000i\000\040\000b\000\341\000o\000\040\000k\000h\000o\000a\000\040\000h\036\315\000c\000\051}{}% 27
\BOOKMARK [2][-]{subsection.6.1}{\376\377\000K\036\277\000t\000\040\000q\000u\036\243\000\040\000n\000g\000h\000i\000\352\000n\000\040\000c\036\351\000u\000\040\000c\036\347\000a\000\040\000c\000\341\000c\000\040\000G\000i\000\341\000o\000\040\000s\001\260\000,\000\040\000C\000h\000u\000y\000\352\000n\000\040\000g\000i\000a\000\040\000c\036\347\000a\000\040\000G\000o\000o\000g\000l\000e\000\040\000I\000n\000c\000\040}{section.6}% 28
\BOOKMARK [2][-]{subsection.6.2}{\376\377\000\301\000p\000\040\000d\036\345\000n\000g\000\040\000p\000h\001\260\001\241\000n\000g\000\040\000p\000h\000\341\000p\000\040\001\021\000\340\000o\000\040\000t\036\241\000o\000\040\000h\036\315\000c\000\040\000s\000\342\000u\000\040\000p\000h\000\342\000n\000\040\000t\000\341\000n\000\040\000c\036\347\000a\000\040\000p\000h\000\362\000n\000g\000\040\000n\000g\000h\000i\000\352\000n\000\040\000c\036\351\000u\000\040\000M\000I\000T\000\040\000L\000i\000n\000c\000o\000l\000n}{section.6}% 29
\BOOKMARK [1][-]{section.7}{\376\377\000K\036\277\000t\000\040\000q\000u\036\243\000\040\000c\000h\001\260\001\241\000n\000g\000\040\000t\000r\000\354\000n\000h\000\040\000D\000e\000m\000o}{}% 30
\BOOKMARK [1][-]{section.8}{\376\377\000K\036\277\000t\000\040\000l\000u\036\255\000n}{}% 31
\BOOKMARK [1][-]{Item.55}{\376\377\000T\000\340\000i\000\040\000l\000i\036\307\000u\000\040\000t\000h\000a\000m\000\040\000k\000h\036\243\000o}{}% 32
