This is pdfTeX, Version 3.14159265-2.6-1.40.21 (TeX Live 2020/W32TeX) (preloaded format=pdflatex 2020.9.30)  30 JUL 2021 01:37
entering extended mode
 restricted \write18 enabled.
 %&-line parsing enabled.
**TieuLuan_TTSS.tex
(./TieuLuan_TTSS.tex
LaTeX2e <2020-02-02> patch level 5
L3 programming layer <2020-03-06>
(d:/APP/texlive/2020/texmf-dist/tex/latex/base/article.cls
Document Class: article 2019/12/20 v1.4l Standard LaTeX document class
(d:/APP/texlive/2020/texmf-dist/tex/latex/base/size11.clo
File: size11.clo 2019/12/20 v1.4l Standard LaTeX file (size option)
)
\c@part=\count167
\c@section=\count168
\c@subsection=\count169
\c@subsubsection=\count170
\c@paragraph=\count171
\c@subparagraph=\count172
\c@figure=\count173
\c@table=\count174
\abovecaptionskip=\skip47
\belowcaptionskip=\skip48
\bibindent=\dimen134
)
(d:/APP/texlive/2020/texmf-dist/tex/latex/vntex/vietnam.sty
Package: vietnam 2009/07/12 v1.3 support for Vietnamese

(d:/APP/texlive/2020/texmf-dist/tex/latex/base/ifthen.sty
Package: ifthen 2014/09/29 v1.1c Standard LaTeX ifthen package (DPC)
)
(d:/APP/texlive/2020/texmf-dist/tex/latex/base/fontenc.sty
Package: fontenc 2020/02/11 v2.0o Standard LaTeX package

(d:/APP/texlive/2020/texmf-dist/tex/latex/vntex/t5enc.def
File: t5enc.def 2006/11/21 v1.4 Vietnamese T5 encoding
Now handling font encoding T5 ...
... processing UTF-8 mapping file for font encoding T5

(d:/APP/texlive/2020/texmf-dist/tex/latex/vntex/t5enc.dfu
File: t5enc.dfu 2006/08/19 v1.1 UTF8 support for Vietnamese
   defining Unicode char U+00AB (decimal 171)
   defining Unicode char U+00BB (decimal 187)
   defining Unicode char U+00C0 (decimal 192)
   defining Unicode char U+00C1 (decimal 193)
   defining Unicode char U+00C2 (decimal 194)
   defining Unicode char U+00C3 (decimal 195)
   defining Unicode char U+00C8 (decimal 200)
   defining Unicode char U+00C9 (decimal 201)
   defining Unicode char U+00CA (decimal 202)
   defining Unicode char U+00CC (decimal 204)
   defining Unicode char U+00CD (decimal 205)
   defining Unicode char U+00D2 (decimal 210)
   defining Unicode char U+00D3 (decimal 211)
   defining Unicode char U+00D4 (decimal 212)
   defining Unicode char U+00D5 (decimal 213)
   defining Unicode char U+00D9 (decimal 217)
   defining Unicode char U+00DA (decimal 218)
   defining Unicode char U+00DD (decimal 221)
   defining Unicode char U+00E0 (decimal 224)
   defining Unicode char U+00E1 (decimal 225)
   defining Unicode char U+00E2 (decimal 226)
   defining Unicode char U+00E3 (decimal 227)
   defining Unicode char U+00E8 (decimal 232)
   defining Unicode char U+00E9 (decimal 233)
   defining Unicode char U+00EA (decimal 234)
   defining Unicode char U+00EC (decimal 236)
   defining Unicode char U+00ED (decimal 237)
   defining Unicode char U+00F2 (decimal 242)
   defining Unicode char U+00F3 (decimal 243)
   defining Unicode char U+00F4 (decimal 244)
   defining Unicode char U+00F5 (decimal 245)
   defining Unicode char U+00F9 (decimal 249)
   defining Unicode char U+00FA (decimal 250)
   defining Unicode char U+00FD (decimal 253)
   defining Unicode char U+0102 (decimal 258)
   defining Unicode char U+0103 (decimal 259)
   defining Unicode char U+0110 (decimal 272)
   defining Unicode char U+0111 (decimal 273)
   defining Unicode char U+0128 (decimal 296)
   defining Unicode char U+0129 (decimal 297)
   defining Unicode char U+0131 (decimal 305)
   defining Unicode char U+0168 (decimal 360)
   defining Unicode char U+0169 (decimal 361)
   defining Unicode char U+01A0 (decimal 416)
   defining Unicode char U+01A1 (decimal 417)
   defining Unicode char U+01AF (decimal 431)
   defining Unicode char U+01B0 (decimal 432)
   defining Unicode char U+1EA0 (decimal 7840)
   defining Unicode char U+1EA1 (decimal 7841)
   defining Unicode char U+1EA2 (decimal 7842)
   defining Unicode char U+1EA3 (decimal 7843)
   defining Unicode char U+1EA4 (decimal 7844)
   defining Unicode char U+1EA5 (decimal 7845)
   defining Unicode char U+1EA6 (decimal 7846)
   defining Unicode char U+1EA7 (decimal 7847)
   defining Unicode char U+1EA8 (decimal 7848)
   defining Unicode char U+1EA9 (decimal 7849)
   defining Unicode char U+1EAA (decimal 7850)
   defining Unicode char U+1EAB (decimal 7851)
   defining Unicode char U+1EAC (decimal 7852)
   defining Unicode char U+1EAD (decimal 7853)
   defining Unicode char U+1EAE (decimal 7854)
   defining Unicode char U+1EAF (decimal 7855)
   defining Unicode char U+1EB0 (decimal 7856)
   defining Unicode char U+1EB1 (decimal 7857)
   defining Unicode char U+1EB2 (decimal 7858)
   defining Unicode char U+1EB3 (decimal 7859)
   defining Unicode char U+1EB4 (decimal 7860)
   defining Unicode char U+1EB5 (decimal 7861)
   defining Unicode char U+1EB6 (decimal 7862)
   defining Unicode char U+1EB7 (decimal 7863)
   defining Unicode char U+1EB8 (decimal 7864)
   defining Unicode char U+1EB9 (decimal 7865)
   defining Unicode char U+1EBA (decimal 7866)
   defining Unicode char U+1EBB (decimal 7867)
   defining Unicode char U+1EBC (decimal 7868)
   defining Unicode char U+1EBD (decimal 7869)
   defining Unicode char U+1EBE (decimal 7870)
   defining Unicode char U+1EBF (decimal 7871)
   defining Unicode char U+1EC0 (decimal 7872)
   defining Unicode char U+1EC1 (decimal 7873)
   defining Unicode char U+1EC2 (decimal 7874)
   defining Unicode char U+1EC3 (decimal 7875)
   defining Unicode char U+1EC4 (decimal 7876)
   defining Unicode char U+1EC5 (decimal 7877)
   defining Unicode char U+1EC6 (decimal 7878)
   defining Unicode char U+1EC7 (decimal 7879)
   defining Unicode char U+1EC8 (decimal 7880)
   defining Unicode char U+1EC9 (decimal 7881)
   defining Unicode char U+1ECA (decimal 7882)
   defining Unicode char U+1ECB (decimal 7883)
   defining Unicode char U+1ECC (decimal 7884)
   defining Unicode char U+1ECD (decimal 7885)
   defining Unicode char U+1ECE (decimal 7886)
   defining Unicode char U+1ECF (decimal 7887)
   defining Unicode char U+1ED0 (decimal 7888)
   defining Unicode char U+1ED1 (decimal 7889)
   defining Unicode char U+1ED2 (decimal 7890)
   defining Unicode char U+1ED3 (decimal 7891)
   defining Unicode char U+1ED4 (decimal 7892)
   defining Unicode char U+1ED5 (decimal 7893)
   defining Unicode char U+1ED6 (decimal 7894)
   defining Unicode char U+1ED7 (decimal 7895)
   defining Unicode char U+1ED8 (decimal 7896)
   defining Unicode char U+1ED9 (decimal 7897)
   defining Unicode char U+1EDA (decimal 7898)
   defining Unicode char U+1EDB (decimal 7899)
   defining Unicode char U+1EDC (decimal 7900)
   defining Unicode char U+1EDD (decimal 7901)
   defining Unicode char U+1EDE (decimal 7902)
   defining Unicode char U+1EDF (decimal 7903)
   defining Unicode char U+1EE0 (decimal 7904)
   defining Unicode char U+1EE1 (decimal 7905)
   defining Unicode char U+1EE2 (decimal 7906)
   defining Unicode char U+1EE3 (decimal 7907)
   defining Unicode char U+1EE4 (decimal 7908)
   defining Unicode char U+1EE5 (decimal 7909)
   defining Unicode char U+1EE6 (decimal 7910)
   defining Unicode char U+1EE7 (decimal 7911)
   defining Unicode char U+1EE8 (decimal 7912)
   defining Unicode char U+1EE9 (decimal 7913)
   defining Unicode char U+1EEA (decimal 7914)
   defining Unicode char U+1EEB (decimal 7915)
   defining Unicode char U+1EEC (decimal 7916)
   defining Unicode char U+1EED (decimal 7917)
   defining Unicode char U+1EEE (decimal 7918)
   defining Unicode char U+1EEF (decimal 7919)
   defining Unicode char U+1EF0 (decimal 7920)
   defining Unicode char U+1EF1 (decimal 7921)
   defining Unicode char U+1EF2 (decimal 7922)
   defining Unicode char U+1EF3 (decimal 7923)
   defining Unicode char U+1EF4 (decimal 7924)
   defining Unicode char U+1EF5 (decimal 7925)
   defining Unicode char U+1EF6 (decimal 7926)
   defining Unicode char U+1EF7 (decimal 7927)
   defining Unicode char U+1EF8 (decimal 7928)
   defining Unicode char U+1EF9 (decimal 7929)
   defining Unicode char U+200C (decimal 8204)
   defining Unicode char U+2013 (decimal 8211)
   defining Unicode char U+2014 (decimal 8212)
   defining Unicode char U+2018 (decimal 8216)
   defining Unicode char U+2019 (decimal 8217)
   defining Unicode char U+201A (decimal 8218)
   defining Unicode char U+201C (decimal 8220)
   defining Unicode char U+201D (decimal 8221)
   defining Unicode char U+201E (decimal 8222)
   defining Unicode char U+2030 (decimal 8240)
   defining Unicode char U+2031 (decimal 8241)
   defining Unicode char U+2039 (decimal 8249)
   defining Unicode char U+203A (decimal 8250)
   defining Unicode char U+2423 (decimal 9251)
))
LaTeX Font Info:    Trying to load font information for T5+cmr on input line 11
2.

(d:/APP/texlive/2020/texmf-dist/tex/latex/vntex/t5cmr.fd
File: t5cmr.fd 1999/05/25 v2.5h Standard LaTeX font definitions
))
(d:/APP/texlive/2020/texmf-dist/tex/latex/base/inputenc.sty
Package: inputenc 2018/08/11 v1.3c Input encoding file
\inpenc@prehook=\toks15
\inpenc@posthook=\toks16
)
(d:/APP/texlive/2020/texmf-dist/tex/latex/vntex/vncaps.tex
File: vncaps.tex 2006/06/07 v1.1 Captions in Vietnamese
))
(d:/APP/texlive/2020/texmf-dist/tex/latex/geometry/geometry.sty
Package: geometry 2020/01/02 v5.9 Page Geometry

(d:/APP/texlive/2020/texmf-dist/tex/latex/graphics/keyval.sty
Package: keyval 2014/10/28 v1.15 key=value parser (DPC)
\KV@toks@=\toks17
)
(d:/APP/texlive/2020/texmf-dist/tex/generic/iftex/ifvtex.sty
Package: ifvtex 2019/10/25 v1.7 ifvtex legacy package. Use iftex instead.

(d:/APP/texlive/2020/texmf-dist/tex/generic/iftex/iftex.sty
Package: iftex 2020/03/06 v1.0d TeX engine tests
))
\Gm@cnth=\count175
\Gm@cntv=\count176
\c@Gm@tempcnt=\count177
\Gm@bindingoffset=\dimen135
\Gm@wd@mp=\dimen136
\Gm@odd@mp=\dimen137
\Gm@even@mp=\dimen138
\Gm@layoutwidth=\dimen139
\Gm@layoutheight=\dimen140
\Gm@layouthoffset=\dimen141
\Gm@layoutvoffset=\dimen142
\Gm@dimlist=\toks18
)
(d:/APP/texlive/2020/texmf-dist/tex/latex/amsmath/amsmath.sty
Package: amsmath 2020/01/20 v2.17e AMS math features
\@mathmargin=\skip49

For additional information on amsmath, use the `?' option.
(d:/APP/texlive/2020/texmf-dist/tex/latex/amsmath/amstext.sty
Package: amstext 2000/06/29 v2.01 AMS text

(d:/APP/texlive/2020/texmf-dist/tex/latex/amsmath/amsgen.sty
File: amsgen.sty 1999/11/30 v2.0 generic functions
\@emptytoks=\toks19
\ex@=\dimen143
))
(d:/APP/texlive/2020/texmf-dist/tex/latex/amsmath/amsbsy.sty
Package: amsbsy 1999/11/29 v1.2d Bold Symbols
\pmbraise@=\dimen144
)
(d:/APP/texlive/2020/texmf-dist/tex/latex/amsmath/amsopn.sty
Package: amsopn 2016/03/08 v2.02 operator names
)
\inf@bad=\count178
LaTeX Info: Redefining \frac on input line 227.
\uproot@=\count179
\leftroot@=\count180
LaTeX Info: Redefining \overline on input line 389.
\classnum@=\count181
\DOTSCASE@=\count182
LaTeX Info: Redefining \ldots on input line 486.
LaTeX Info: Redefining \dots on input line 489.
LaTeX Info: Redefining \cdots on input line 610.
\Mathstrutbox@=\box45
\strutbox@=\box46
\big@size=\dimen145
LaTeX Font Info:    Redeclaring font encoding OML on input line 733.
LaTeX Font Info:    Redeclaring font encoding OMS on input line 734.
\macc@depth=\count183
\c@MaxMatrixCols=\count184
\dotsspace@=\muskip16
\c@parentequation=\count185
\dspbrk@lvl=\count186
\tag@help=\toks20
\row@=\count187
\column@=\count188
\maxfields@=\count189
\andhelp@=\toks21
\eqnshift@=\dimen146
\alignsep@=\dimen147
\tagshift@=\dimen148
\tagwidth@=\dimen149
\totwidth@=\dimen150
\lineht@=\dimen151
\@envbody=\toks22
\multlinegap=\skip50
\multlinetaggap=\skip51
\mathdisplay@stack=\toks23
LaTeX Info: Redefining \[ on input line 2859.
LaTeX Info: Redefining \] on input line 2860.
)
(d:/APP/texlive/2020/texmf-dist/tex/latex/amsfonts/amsfonts.sty
Package: amsfonts 2013/01/14 v3.01 Basic AMSFonts support
\symAMSa=\mathgroup4
\symAMSb=\mathgroup5
LaTeX Font Info:    Redeclaring math symbol \hbar on input line 98.
LaTeX Font Info:    Overwriting math alphabet `\mathfrak' in version `bold'
(Font)                  U/euf/m/n --> U/euf/b/n on input line 106.
)
(d:/APP/texlive/2020/texmf-dist/tex/latex/amsfonts/amssymb.sty
Package: amssymb 2013/01/14 v3.01 AMS font symbols
)
(d:/APP/texlive/2020/texmf-dist/tex/latex/tools/enumerate.sty
Package: enumerate 2015/07/23 v3.00 enumerate extensions (DPC)
\@enLab=\toks24
)
(d:/APP/texlive/2020/texmf-dist/tex/latex/tools/indentfirst.sty
Package: indentfirst 1995/11/23 v1.03 Indent first paragraph (DPC)
)
(d:/APP/texlive/2020/texmf-dist/tex/latex/graphics/rotating.sty
Package: rotating 2016/08/11 v2.16d rotated objects in LaTeX

(d:/APP/texlive/2020/texmf-dist/tex/latex/graphics/graphicx.sty
Package: graphicx 2019/11/30 v1.2a Enhanced LaTeX Graphics (DPC,SPQR)

(d:/APP/texlive/2020/texmf-dist/tex/latex/graphics/graphics.sty
Package: graphics 2019/11/30 v1.4a Standard LaTeX Graphics (DPC,SPQR)

(d:/APP/texlive/2020/texmf-dist/tex/latex/graphics/trig.sty
Package: trig 2016/01/03 v1.10 sin cos tan (DPC)
)
(d:/APP/texlive/2020/texmf-dist/tex/latex/graphics-cfg/graphics.cfg
File: graphics.cfg 2016/06/04 v1.11 sample graphics configuration
)
Package graphics Info: Driver file: pdftex.def on input line 105.

(d:/APP/texlive/2020/texmf-dist/tex/latex/graphics-def/pdftex.def
File: pdftex.def 2018/01/08 v1.0l Graphics/color driver for pdftex
))
\Gin@req@height=\dimen152
\Gin@req@width=\dimen153
)
\c@r@tfl@t=\count190
\rotFPtop=\skip52
\rotFPbot=\skip53
\rot@float@box=\box47
\rot@mess@toks=\toks25
)
(d:/APP/texlive/2020/texmf-dist/tex/latex/graphics/epsfig.sty
Package: epsfig 2017/06/25 v1.7b (e)psfig emulation (SPQR)
\epsfxsize=\dimen154
\epsfysize=\dimen155
)
(d:/APP/texlive/2020/texmf-dist/tex/latex/listings/listings.sty
\lst@mode=\count191
\lst@gtempboxa=\box48
\lst@token=\toks26
\lst@length=\count192
\lst@currlwidth=\dimen156
\lst@column=\count193
\lst@pos=\count194
\lst@lostspace=\dimen157
\lst@width=\dimen158
\lst@newlines=\count195
\lst@lineno=\count196
\lst@maxwidth=\dimen159

(d:/APP/texlive/2020/texmf-dist/tex/latex/listings/lstmisc.sty
File: lstmisc.sty 2020/03/24 1.8d (Carsten Heinz)
\c@lstnumber=\count197
\lst@skipnumbers=\count198
\lst@framebox=\box49
)
(d:/APP/texlive/2020/texmf-dist/tex/latex/listings/listings.cfg
File: listings.cfg 2020/03/24 1.8d listings configuration
))
Package: listings 2020/03/24 1.8d (Carsten Heinz)

(d:/APP/texlive/2020/texmf-dist/tex/latex/pdfpages/pdfpages.sty
Package: pdfpages 2020/01/28 v0.5q Insert pages of external PDF documents (AM)

(d:/APP/texlive/2020/texmf-dist/tex/latex/tools/calc.sty
Package: calc 2017/05/25 v4.3 Infix arithmetic (KKT,FJ)
\calc@Acount=\count199
\calc@Bcount=\count266
\calc@Adimen=\dimen160
\calc@Bdimen=\dimen161
\calc@Askip=\skip54
\calc@Bskip=\skip55
LaTeX Info: Redefining \setlength on input line 80.
LaTeX Info: Redefining \addtolength on input line 81.
\calc@Ccount=\count267
\calc@Cskip=\skip56
)
(d:/APP/texlive/2020/texmf-dist/tex/latex/eso-pic/eso-pic.sty
Package: eso-pic 2018/04/12 v2.0h eso-pic (RN)

(d:/APP/texlive/2020/texmf-dist/tex/generic/atbegshi/atbegshi.sty
Package: atbegshi 2019/12/05 v1.19 At begin shipout hook (HO)

(d:/APP/texlive/2020/texmf-dist/tex/generic/infwarerr/infwarerr.sty
Package: infwarerr 2019/12/03 v1.5 Providing info/warning/error messages (HO)
)
(d:/APP/texlive/2020/texmf-dist/tex/generic/ltxcmds/ltxcmds.sty
Package: ltxcmds 2019/12/15 v1.24 LaTeX kernel commands for general use (HO)
))
(d:/APP/texlive/2020/texmf-dist/tex/latex/xcolor/xcolor.sty
Package: xcolor 2016/05/11 v2.12 LaTeX color extensions (UK)

(d:/APP/texlive/2020/texmf-dist/tex/latex/graphics-cfg/color.cfg
File: color.cfg 2016/01/02 v1.6 sample color configuration
)
Package xcolor Info: Driver file: pdftex.def on input line 225.
Package xcolor Info: Model `cmy' substituted by `cmy0' on input line 1348.
Package xcolor Info: Model `hsb' substituted by `rgb' on input line 1352.
Package xcolor Info: Model `RGB' extended on input line 1364.
Package xcolor Info: Model `HTML' substituted by `rgb' on input line 1366.
Package xcolor Info: Model `Hsb' substituted by `hsb' on input line 1367.
Package xcolor Info: Model `tHsb' substituted by `hsb' on input line 1368.
Package xcolor Info: Model `HSB' substituted by `hsb' on input line 1369.
Package xcolor Info: Model `Gray' substituted by `gray' on input line 1370.
Package xcolor Info: Model `wave' substituted by `hsb' on input line 1371.
))
\AM@pagewidth=\dimen162
\AM@pageheight=\dimen163

(d:/APP/texlive/2020/texmf-dist/tex/latex/pdfpages/pppdftex.def
File: pppdftex.def 2020/01/28 v0.5q Pdfpages driver for pdfTeX (AM)
)
\AM@pagebox=\box50
\AM@global@opts=\toks27
\AM@pagecnt=\count268
\AM@toc@title=\toks28
\c@AM@survey=\count269
\AM@templatesizebox=\box51
)
(d:/APP/texlive/2020/texmf-dist/tex/latex/tools/multicol.sty
Package: multicol 2019/12/09 v1.8y multicolumn formatting (FMi)
\c@tracingmulticols=\count270
\mult@box=\box52
\multicol@leftmargin=\dimen164
\c@unbalance=\count271
\c@collectmore=\count272
\doublecol@number=\count273
\multicoltolerance=\count274
\multicolpretolerance=\count275
\full@width=\dimen165
\page@free=\dimen166
\premulticols=\dimen167
\postmulticols=\dimen168
\multicolsep=\skip57
\multicolbaselineskip=\skip58
\partial@page=\box53
\last@line=\box54
\maxbalancingoverflow=\dimen169
\mult@rightbox=\box55
\mult@grightbox=\box56
\mult@gfirstbox=\box57
\mult@firstbox=\box58
\@tempa=\box59
\@tempa=\box60
\@tempa=\box61
\@tempa=\box62
\@tempa=\box63
\@tempa=\box64
\@tempa=\box65
\@tempa=\box66
\@tempa=\box67
\@tempa=\box68
\@tempa=\box69
\@tempa=\box70
\@tempa=\box71
\@tempa=\box72
\@tempa=\box73
\@tempa=\box74
\@tempa=\box75
\@tempa=\box76
\@tempa=\box77
\@tempa=\box78
\@tempa=\box79
\@tempa=\box80
\@tempa=\box81
\@tempa=\box82
\@tempa=\box83
\@tempa=\box84
\@tempa=\box85
\@tempa=\box86
\@tempa=\box87
\@tempa=\box88
\@tempa=\box89
\@tempa=\box90
\@tempa=\box91
\@tempa=\box92
\@tempa=\box93
\@tempa=\box94
\@tempa=\box95
\c@minrows=\count276
\c@columnbadness=\count277
\c@finalcolumnbadness=\count278
\last@try=\dimen170
\multicolovershoot=\dimen171
\multicolundershoot=\dimen172
\mult@nat@firstbox=\box96
\colbreak@box=\box97
\mc@col@check@num=\count279
)
(d:/APP/texlive/2020/texmf-dist/tex/latex/hyperref/hyperref.sty
Package: hyperref 2020/01/14 v7.00d Hypertext links for LaTeX

(d:/APP/texlive/2020/texmf-dist/tex/latex/pdftexcmds/pdftexcmds.sty
Package: pdftexcmds 2019/11/24 v0.31 Utility functions of pdfTeX for LuaTeX (HO
)
Package pdftexcmds Info: \pdf@primitive is available.
Package pdftexcmds Info: \pdf@ifprimitive is available.
Package pdftexcmds Info: \pdfdraftmode found.
)
(d:/APP/texlive/2020/texmf-dist/tex/generic/kvsetkeys/kvsetkeys.sty
Package: kvsetkeys 2019/12/15 v1.18 Key value parser (HO)
)
(d:/APP/texlive/2020/texmf-dist/tex/generic/kvdefinekeys/kvdefinekeys.sty
Package: kvdefinekeys 2019-12-19 v1.6 Define keys (HO)
)
(d:/APP/texlive/2020/texmf-dist/tex/generic/pdfescape/pdfescape.sty
Package: pdfescape 2019/12/09 v1.15 Implements pdfTeX's escape features (HO)
)
(d:/APP/texlive/2020/texmf-dist/tex/latex/hycolor/hycolor.sty
Package: hycolor 2020-01-27 v1.10 Color options for hyperref/bookmark (HO)
)
(d:/APP/texlive/2020/texmf-dist/tex/latex/letltxmacro/letltxmacro.sty
Package: letltxmacro 2019/12/03 v1.6 Let assignment for LaTeX macros (HO)
)
(d:/APP/texlive/2020/texmf-dist/tex/latex/auxhook/auxhook.sty
Package: auxhook 2019-12-17 v1.6 Hooks for auxiliary files (HO)
)
(d:/APP/texlive/2020/texmf-dist/tex/latex/kvoptions/kvoptions.sty
Package: kvoptions 2019/11/29 v3.13 Key value format for package options (HO)
)
\@linkdim=\dimen173
\Hy@linkcounter=\count280
\Hy@pagecounter=\count281

(d:/APP/texlive/2020/texmf-dist/tex/latex/hyperref/pd1enc.def
File: pd1enc.def 2020/01/14 v7.00d Hyperref: PDFDocEncoding definition (HO)
Now handling font encoding PD1 ...
... no UTF-8 mapping file for font encoding PD1
)
(d:/APP/texlive/2020/texmf-dist/tex/generic/intcalc/intcalc.sty
Package: intcalc 2019/12/15 v1.3 Expandable calculations with integers (HO)
)
(d:/APP/texlive/2020/texmf-dist/tex/generic/etexcmds/etexcmds.sty
Package: etexcmds 2019/12/15 v1.7 Avoid name clashes with e-TeX commands (HO)
)
\Hy@SavedSpaceFactor=\count282
Package hyperref Info: Option `bookmarks' set `true' on input line 4421.
Package hyperref Info: Option `unicode' set `true' on input line 4421.

(d:/APP/texlive/2020/texmf-dist/tex/latex/hyperref/puenc.def
File: puenc.def 2020/01/14 v7.00d Hyperref: PDF Unicode definition (HO)
Now handling font encoding PU ...
... no UTF-8 mapping file for font encoding PU
)
(d:/APP/texlive/2020/texmf-dist/tex/generic/stringenc/stringenc.sty
Package: stringenc 2019/11/29 v1.12 Convert strings between diff. encodings (HO
)
)
Package hyperref Info: Option `unicode' set `true' on input line 4421.
Package hyperref Info: Option `pdffitwindow' set `true' on input line 4421.
Package hyperref Info: Hyper figures OFF on input line 4547.
Package hyperref Info: Link nesting OFF on input line 4552.
Package hyperref Info: Hyper index ON on input line 4555.
Package hyperref Info: Plain pages OFF on input line 4562.
Package hyperref Info: Backreferencing OFF on input line 4567.
Package hyperref Info: Implicit mode ON; LaTeX internals redefined.
Package hyperref Info: Bookmarks ON on input line 4800.
\c@Hy@tempcnt=\count283

(d:/APP/texlive/2020/texmf-dist/tex/latex/url/url.sty
\Urlmuskip=\muskip17
Package: url 2013/09/16  ver 3.4  Verb mode for urls, etc.
)
LaTeX Info: Redefining \url on input line 5159.
\XeTeXLinkMargin=\dimen174

(d:/APP/texlive/2020/texmf-dist/tex/generic/bitset/bitset.sty
Package: bitset 2019/12/09 v1.3 Handle bit-vector datatype (HO)

(d:/APP/texlive/2020/texmf-dist/tex/generic/bigintcalc/bigintcalc.sty
Package: bigintcalc 2019/12/15 v1.5 Expandable calculations on big integers (HO
)
))
\Fld@menulength=\count284
\Field@Width=\dimen175
\Fld@charsize=\dimen176
Package hyperref Info: Hyper figures OFF on input line 6430.
Package hyperref Info: Link nesting OFF on input line 6435.
Package hyperref Info: Hyper index ON on input line 6438.
Package hyperref Info: backreferencing OFF on input line 6445.
Package hyperref Info: Link coloring OFF on input line 6450.
Package hyperref Info: Link coloring with OCG OFF on input line 6455.
Package hyperref Info: PDF/A mode OFF on input line 6460.
LaTeX Info: Redefining \ref on input line 6500.
LaTeX Info: Redefining \pageref on input line 6504.
\Hy@abspage=\count285
\c@Item=\count286
\c@Hfootnote=\count287
)
Package hyperref Info: Driver: hpdftex.

(d:/APP/texlive/2020/texmf-dist/tex/latex/hyperref/hpdftex.def
File: hpdftex.def 2020/01/14 v7.00d Hyperref driver for pdfTeX

(d:/APP/texlive/2020/texmf-dist/tex/latex/atveryend/atveryend.sty
Package: atveryend 2019-12-11 v1.11 Hooks at the very end of document (HO)
Package atveryend Info: \enddocument detected (standard20110627).
)
\Fld@listcount=\count288
\c@bookmark@seq@number=\count289

(d:/APP/texlive/2020/texmf-dist/tex/latex/rerunfilecheck/rerunfilecheck.sty
Package: rerunfilecheck 2019/12/05 v1.9 Rerun checks for auxiliary files (HO)

(d:/APP/texlive/2020/texmf-dist/tex/generic/uniquecounter/uniquecounter.sty
Package: uniquecounter 2019/12/15 v1.4 Provide unlimited unique counter (HO)
)
Package uniquecounter Info: New unique counter `rerunfilecheck' on input line 2
86.
)
\Hy@SectionHShift=\skip59
)
(d:/APP/texlive/2020/texmf-dist/tex/latex/caption/subcaption.sty
Package: subcaption 2020/01/22 v1.3d Sub-captions (AR)

(d:/APP/texlive/2020/texmf-dist/tex/latex/caption/caption.sty
Package: caption 2020/01/03 v3.4h Customizing captions (AR)

(d:/APP/texlive/2020/texmf-dist/tex/latex/caption/caption3.sty
Package: caption3 2020/01/03 v1.8h caption3 kernel (AR)
Package caption3 Info: TeX engine: e-TeX on input line 61.
\captionmargin=\dimen177
\captionmargin@=\dimen178
\captionwidth=\dimen179
\caption@tempdima=\dimen180
\caption@indent=\dimen181
\caption@parindent=\dimen182
\caption@hangindent=\dimen183
Package caption Info: Standard document class detected.
)
\c@caption@flags=\count290
\c@continuedfloat=\count291
Package caption Info: hyperref package is loaded.
Package caption Info: listings package is loaded.
Package caption Info: rotating package is loaded.
)
\c@subfigure=\count292
\c@subtable=\count293
)
(d:/APP/texlive/2020/texmf-dist/tex/latex/beamer/multimedia.sty
Package: multimedia 2012/05/02 ver 0.02

(d:/APP/texlive/2020/texmf-dist/tex/generic/iftex/ifpdf.sty
Package: ifpdf 2019/10/25 v3.4 ifpdf legacy package. Use iftex instead.
)
\mm@movie=\count294
)
(d:/APP/texlive/2020/texmf-dist/tex/latex/boxedminipage/boxedminipage.sty)
(d:/APP/texlive/2020/texmf-dist/tex/latex/pgf/frontendlayer/tikz.sty
(d:/APP/texlive/2020/texmf-dist/tex/latex/pgf/basiclayer/pgf.sty
(d:/APP/texlive/2020/texmf-dist/tex/latex/pgf/utilities/pgfrcs.sty
(d:/APP/texlive/2020/texmf-dist/tex/generic/pgf/utilities/pgfutil-common.tex
\pgfutil@everybye=\toks29
\pgfutil@tempdima=\dimen184
\pgfutil@tempdimb=\dimen185

(d:/APP/texlive/2020/texmf-dist/tex/generic/pgf/utilities/pgfutil-common-lists.
tex))
(d:/APP/texlive/2020/texmf-dist/tex/generic/pgf/utilities/pgfutil-latex.def
\pgfutil@abb=\box98

(d:/APP/texlive/2020/texmf-dist/tex/latex/ms/everyshi.sty
Package: everyshi 2001/05/15 v3.00 EveryShipout Package (MS)
))
(d:/APP/texlive/2020/texmf-dist/tex/generic/pgf/utilities/pgfrcs.code.tex
(d:/APP/texlive/2020/texmf-dist/tex/generic/pgf/pgf.revision.tex)
Package: pgfrcs 2020/01/08 v3.1.5b (3.1.5b)
))
Package: pgf 2020/01/08 v3.1.5b (3.1.5b)

(d:/APP/texlive/2020/texmf-dist/tex/latex/pgf/basiclayer/pgfcore.sty
(d:/APP/texlive/2020/texmf-dist/tex/latex/pgf/systemlayer/pgfsys.sty
(d:/APP/texlive/2020/texmf-dist/tex/generic/pgf/systemlayer/pgfsys.code.tex
Package: pgfsys 2020/01/08 v3.1.5b (3.1.5b)

(d:/APP/texlive/2020/texmf-dist/tex/generic/pgf/utilities/pgfkeys.code.tex
\pgfkeys@pathtoks=\toks30
\pgfkeys@temptoks=\toks31

(d:/APP/texlive/2020/texmf-dist/tex/generic/pgf/utilities/pgfkeysfiltered.code.
tex
\pgfkeys@tmptoks=\toks32
))
\pgf@x=\dimen186
\pgf@y=\dimen187
\pgf@xa=\dimen188
\pgf@ya=\dimen189
\pgf@xb=\dimen190
\pgf@yb=\dimen191
\pgf@xc=\dimen192
\pgf@yc=\dimen193
\pgf@xd=\dimen194
\pgf@yd=\dimen195
\w@pgf@writea=\write3
\r@pgf@reada=\read2
\c@pgf@counta=\count295
\c@pgf@countb=\count296
\c@pgf@countc=\count297
\c@pgf@countd=\count298
\t@pgf@toka=\toks33
\t@pgf@tokb=\toks34
\t@pgf@tokc=\toks35
\pgf@sys@id@count=\count299
 (d:/APP/texlive/2020/texmf-dist/tex/generic/pgf/systemlayer/pgf.cfg
File: pgf.cfg 2020/01/08 v3.1.5b (3.1.5b)
)
Driver file for pgf: pgfsys-pdftex.def

(d:/APP/texlive/2020/texmf-dist/tex/generic/pgf/systemlayer/pgfsys-pdftex.def
File: pgfsys-pdftex.def 2020/01/08 v3.1.5b (3.1.5b)

(d:/APP/texlive/2020/texmf-dist/tex/generic/pgf/systemlayer/pgfsys-common-pdf.d
ef
File: pgfsys-common-pdf.def 2020/01/08 v3.1.5b (3.1.5b)
)))
(d:/APP/texlive/2020/texmf-dist/tex/generic/pgf/systemlayer/pgfsyssoftpath.code
.tex
File: pgfsyssoftpath.code.tex 2020/01/08 v3.1.5b (3.1.5b)
\pgfsyssoftpath@smallbuffer@items=\count300
\pgfsyssoftpath@bigbuffer@items=\count301
)
(d:/APP/texlive/2020/texmf-dist/tex/generic/pgf/systemlayer/pgfsysprotocol.code
.tex
File: pgfsysprotocol.code.tex 2020/01/08 v3.1.5b (3.1.5b)
))
(d:/APP/texlive/2020/texmf-dist/tex/generic/pgf/basiclayer/pgfcore.code.tex
Package: pgfcore 2020/01/08 v3.1.5b (3.1.5b)

(d:/APP/texlive/2020/texmf-dist/tex/generic/pgf/math/pgfmath.code.tex
(d:/APP/texlive/2020/texmf-dist/tex/generic/pgf/math/pgfmathcalc.code.tex
(d:/APP/texlive/2020/texmf-dist/tex/generic/pgf/math/pgfmathutil.code.tex)
(d:/APP/texlive/2020/texmf-dist/tex/generic/pgf/math/pgfmathparser.code.tex
\pgfmath@dimen=\dimen196
\pgfmath@count=\count302
\pgfmath@box=\box99
\pgfmath@toks=\toks36
\pgfmath@stack@operand=\toks37
\pgfmath@stack@operation=\toks38
)
(d:/APP/texlive/2020/texmf-dist/tex/generic/pgf/math/pgfmathfunctions.code.tex
(d:/APP/texlive/2020/texmf-dist/tex/generic/pgf/math/pgfmathfunctions.basic.cod
e.tex)
(d:/APP/texlive/2020/texmf-dist/tex/generic/pgf/math/pgfmathfunctions.trigonome
tric.code.tex)
(d:/APP/texlive/2020/texmf-dist/tex/generic/pgf/math/pgfmathfunctions.random.co
de.tex)
(d:/APP/texlive/2020/texmf-dist/tex/generic/pgf/math/pgfmathfunctions.compariso
n.code.tex)
(d:/APP/texlive/2020/texmf-dist/tex/generic/pgf/math/pgfmathfunctions.base.code
.tex)
(d:/APP/texlive/2020/texmf-dist/tex/generic/pgf/math/pgfmathfunctions.round.cod
e.tex)
(d:/APP/texlive/2020/texmf-dist/tex/generic/pgf/math/pgfmathfunctions.misc.code
.tex)
(d:/APP/texlive/2020/texmf-dist/tex/generic/pgf/math/pgfmathfunctions.integerar
ithmetics.code.tex)))
(d:/APP/texlive/2020/texmf-dist/tex/generic/pgf/math/pgfmathfloat.code.tex
\c@pgfmathroundto@lastzeros=\count303
))
(d:/APP/texlive/2020/texmf-dist/tex/generic/pgf/math/pgfint.code.tex)
(d:/APP/texlive/2020/texmf-dist/tex/generic/pgf/basiclayer/pgfcorepoints.code.t
ex
File: pgfcorepoints.code.tex 2020/01/08 v3.1.5b (3.1.5b)
\pgf@picminx=\dimen197
\pgf@picmaxx=\dimen198
\pgf@picminy=\dimen199
\pgf@picmaxy=\dimen256
\pgf@pathminx=\dimen257
\pgf@pathmaxx=\dimen258
\pgf@pathminy=\dimen259
\pgf@pathmaxy=\dimen260
\pgf@xx=\dimen261
\pgf@xy=\dimen262
\pgf@yx=\dimen263
\pgf@yy=\dimen264
\pgf@zx=\dimen265
\pgf@zy=\dimen266
)
(d:/APP/texlive/2020/texmf-dist/tex/generic/pgf/basiclayer/pgfcorepathconstruct
.code.tex
File: pgfcorepathconstruct.code.tex 2020/01/08 v3.1.5b (3.1.5b)
\pgf@path@lastx=\dimen267
\pgf@path@lasty=\dimen268
)
(d:/APP/texlive/2020/texmf-dist/tex/generic/pgf/basiclayer/pgfcorepathusage.cod
e.tex
File: pgfcorepathusage.code.tex 2020/01/08 v3.1.5b (3.1.5b)
\pgf@shorten@end@additional=\dimen269
\pgf@shorten@start@additional=\dimen270
)
(d:/APP/texlive/2020/texmf-dist/tex/generic/pgf/basiclayer/pgfcorescopes.code.t
ex
File: pgfcorescopes.code.tex 2020/01/08 v3.1.5b (3.1.5b)
\pgfpic=\box100
\pgf@hbox=\box101
\pgf@layerbox@main=\box102
\pgf@picture@serial@count=\count304
)
(d:/APP/texlive/2020/texmf-dist/tex/generic/pgf/basiclayer/pgfcoregraphicstate.
code.tex
File: pgfcoregraphicstate.code.tex 2020/01/08 v3.1.5b (3.1.5b)
\pgflinewidth=\dimen271
)
(d:/APP/texlive/2020/texmf-dist/tex/generic/pgf/basiclayer/pgfcoretransformatio
ns.code.tex
File: pgfcoretransformations.code.tex 2020/01/08 v3.1.5b (3.1.5b)
\pgf@pt@x=\dimen272
\pgf@pt@y=\dimen273
\pgf@pt@temp=\dimen274
)
(d:/APP/texlive/2020/texmf-dist/tex/generic/pgf/basiclayer/pgfcorequick.code.te
x
File: pgfcorequick.code.tex 2020/01/08 v3.1.5b (3.1.5b)
)
(d:/APP/texlive/2020/texmf-dist/tex/generic/pgf/basiclayer/pgfcoreobjects.code.
tex
File: pgfcoreobjects.code.tex 2020/01/08 v3.1.5b (3.1.5b)
)
(d:/APP/texlive/2020/texmf-dist/tex/generic/pgf/basiclayer/pgfcorepathprocessin
g.code.tex
File: pgfcorepathprocessing.code.tex 2020/01/08 v3.1.5b (3.1.5b)
)
(d:/APP/texlive/2020/texmf-dist/tex/generic/pgf/basiclayer/pgfcorearrows.code.t
ex
File: pgfcorearrows.code.tex 2020/01/08 v3.1.5b (3.1.5b)
\pgfarrowsep=\dimen275
)
(d:/APP/texlive/2020/texmf-dist/tex/generic/pgf/basiclayer/pgfcoreshade.code.te
x
File: pgfcoreshade.code.tex 2020/01/08 v3.1.5b (3.1.5b)
\pgf@max=\dimen276
\pgf@sys@shading@range@num=\count305
\pgf@shadingcount=\count306
)
(d:/APP/texlive/2020/texmf-dist/tex/generic/pgf/basiclayer/pgfcoreimage.code.te
x
File: pgfcoreimage.code.tex 2020/01/08 v3.1.5b (3.1.5b)

(d:/APP/texlive/2020/texmf-dist/tex/generic/pgf/basiclayer/pgfcoreexternal.code
.tex
File: pgfcoreexternal.code.tex 2020/01/08 v3.1.5b (3.1.5b)
\pgfexternal@startupbox=\box103
))
(d:/APP/texlive/2020/texmf-dist/tex/generic/pgf/basiclayer/pgfcorelayers.code.t
ex
File: pgfcorelayers.code.tex 2020/01/08 v3.1.5b (3.1.5b)
)
(d:/APP/texlive/2020/texmf-dist/tex/generic/pgf/basiclayer/pgfcoretransparency.
code.tex
File: pgfcoretransparency.code.tex 2020/01/08 v3.1.5b (3.1.5b)
)
(d:/APP/texlive/2020/texmf-dist/tex/generic/pgf/basiclayer/pgfcorepatterns.code
.tex
File: pgfcorepatterns.code.tex 2020/01/08 v3.1.5b (3.1.5b)
)
(d:/APP/texlive/2020/texmf-dist/tex/generic/pgf/basiclayer/pgfcorerdf.code.tex
File: pgfcorerdf.code.tex 2020/01/08 v3.1.5b (3.1.5b)
)))
(d:/APP/texlive/2020/texmf-dist/tex/generic/pgf/modules/pgfmoduleshapes.code.te
x
File: pgfmoduleshapes.code.tex 2020/01/08 v3.1.5b (3.1.5b)
\pgfnodeparttextbox=\box104
)
(d:/APP/texlive/2020/texmf-dist/tex/generic/pgf/modules/pgfmoduleplot.code.tex
File: pgfmoduleplot.code.tex 2020/01/08 v3.1.5b (3.1.5b)
)
(d:/APP/texlive/2020/texmf-dist/tex/latex/pgf/compatibility/pgfcomp-version-0-6
5.sty
Package: pgfcomp-version-0-65 2020/01/08 v3.1.5b (3.1.5b)
\pgf@nodesepstart=\dimen277
\pgf@nodesepend=\dimen278
)
(d:/APP/texlive/2020/texmf-dist/tex/latex/pgf/compatibility/pgfcomp-version-1-1
8.sty
Package: pgfcomp-version-1-18 2020/01/08 v3.1.5b (3.1.5b)
)) (d:/APP/texlive/2020/texmf-dist/tex/latex/pgf/utilities/pgffor.sty
(d:/APP/texlive/2020/texmf-dist/tex/latex/pgf/utilities/pgfkeys.sty
(d:/APP/texlive/2020/texmf-dist/tex/generic/pgf/utilities/pgfkeys.code.tex))
(d:/APP/texlive/2020/texmf-dist/tex/latex/pgf/math/pgfmath.sty
(d:/APP/texlive/2020/texmf-dist/tex/generic/pgf/math/pgfmath.code.tex))
(d:/APP/texlive/2020/texmf-dist/tex/generic/pgf/utilities/pgffor.code.tex
Package: pgffor 2020/01/08 v3.1.5b (3.1.5b)

(d:/APP/texlive/2020/texmf-dist/tex/generic/pgf/math/pgfmath.code.tex)
\pgffor@iter=\dimen279
\pgffor@skip=\dimen280
\pgffor@stack=\toks39
\pgffor@toks=\toks40
))
(d:/APP/texlive/2020/texmf-dist/tex/generic/pgf/frontendlayer/tikz/tikz.code.te
x
Package: tikz 2020/01/08 v3.1.5b (3.1.5b)

(d:/APP/texlive/2020/texmf-dist/tex/generic/pgf/libraries/pgflibraryplothandler
s.code.tex
File: pgflibraryplothandlers.code.tex 2020/01/08 v3.1.5b (3.1.5b)
\pgf@plot@mark@count=\count307
\pgfplotmarksize=\dimen281
)
\tikz@lastx=\dimen282
\tikz@lasty=\dimen283
\tikz@lastxsaved=\dimen284
\tikz@lastysaved=\dimen285
\tikz@lastmovetox=\dimen286
\tikz@lastmovetoy=\dimen287
\tikzleveldistance=\dimen288
\tikzsiblingdistance=\dimen289
\tikz@figbox=\box105
\tikz@figbox@bg=\box106
\tikz@tempbox=\box107
\tikz@tempbox@bg=\box108
\tikztreelevel=\count308
\tikznumberofchildren=\count309
\tikznumberofcurrentchild=\count310
\tikz@fig@count=\count311

(d:/APP/texlive/2020/texmf-dist/tex/generic/pgf/modules/pgfmodulematrix.code.te
x
File: pgfmodulematrix.code.tex 2020/01/08 v3.1.5b (3.1.5b)
\pgfmatrixcurrentrow=\count312
\pgfmatrixcurrentcolumn=\count313
\pgf@matrix@numberofcolumns=\count314
)
\tikz@expandcount=\count315

(d:/APP/texlive/2020/texmf-dist/tex/generic/pgf/frontendlayer/tikz/libraries/ti
kzlibrarytopaths.code.tex
File: tikzlibrarytopaths.code.tex 2020/01/08 v3.1.5b (3.1.5b)
)))
(d:/APP/texlive/2020/texmf-dist/tex/latex/units/nicefrac.sty
Package: nicefrac 1998/08/04 v0.9b Nice fractions
\L@UnitsRaiseDisplaystyle=\skip60
\L@UnitsRaiseTextstyle=\skip61
\L@UnitsRaiseScriptstyle=\skip62
)
(d:/APP/texlive/2020/texmf-dist/tex/latex/lipsum/lipsum.sty
(d:/APP/texlive/2020/texmf-dist/tex/latex/l3kernel/expl3.sty
Package: expl3 2020-03-06 L3 programming layer (loader) 

(d:/APP/texlive/2020/texmf-dist/tex/latex/l3backend/l3backend-pdfmode.def
File: l3backend-pdfmode.def 2020-03-12 L3 backend support: PDF mode
\l__kernel_color_stack_int=\count316
\l__pdf_internal_box=\box109
))
(d:/APP/texlive/2020/texmf-dist/tex/latex/l3packages/xparse/xparse.sty
Package: xparse 2020-03-06 L3 Experimental document command parser
\l__xparse_current_arg_int=\count317
\g__xparse_grabber_int=\count318
\l__xparse_m_args_int=\count319
\l__xparse_v_nesting_int=\count320
)
Package: lipsum 2019/01/02 v2.2 150 paragraphs of Lorem Ipsum dummy text

(d:/APP/texlive/2020/texmf-dist/tex/latex/lipsum/lipsum.ltd.tex
File: lipsum.ltd.tex 2019/01/02 v2.2 The Lorem ipsum dummy text
))
(d:/APP/texlive/2020/texmf-dist/tex/latex/fancyhdr/fancyhdr.sty
Package: fancyhdr 2019/01/31 v3.10 Extensive control of page headers and footer
s
\f@nch@headwidth=\skip63
\f@nch@O@elh=\skip64
\f@nch@O@erh=\skip65
\f@nch@O@olh=\skip66
\f@nch@O@orh=\skip67
\f@nch@O@elf=\skip68
\f@nch@O@erf=\skip69
\f@nch@O@olf=\skip70
\f@nch@O@orf=\skip71
)
(d:/APP/texlive/2020/texmf-dist/tex/latex/multirow/multirow.sty
Package: multirow 2019/05/31 v2.5 Span multiple rows of a table
\multirow@colwidth=\skip72
\multirow@cntb=\count321
\multirow@dima=\skip73
\bigstrutjot=\dimen290
)
(d:/APP/texlive/2020/texmf-dist/tex/latex/koma-script/scrextend.sty
Package: scrextend 2020/01/24 v3.29 KOMA-Script package (extend other classes w
ith features of KOMA-Script classes)

(d:/APP/texlive/2020/texmf-dist/tex/latex/koma-script/scrkbase.sty
Package: scrkbase 2020/01/24 v3.29 KOMA-Script package (KOMA-Script-dependent b
asics and keyval usage)

(d:/APP/texlive/2020/texmf-dist/tex/latex/koma-script/scrbase.sty
Package: scrbase 2020/01/24 v3.29 KOMA-Script package (KOMA-Script-independent 
basics and keyval usage)

(d:/APP/texlive/2020/texmf-dist/tex/latex/koma-script/scrlfile.sty
Package: scrlfile 2020/01/24 v3.29 KOMA-Script package (loading files)
)))

LaTeX Warning: Command \@footnotemark  has changed.
               Check if current package is valid.

) (d:/APP/texlive/2020/texmf-dist/tex/latex/titlesec/titlesec.sty
Package: titlesec 2019/10/16 v2.13 Sectioning titles
\ttl@box=\box110
\beforetitleunit=\skip74
\aftertitleunit=\skip75
\ttl@plus=\dimen291
\ttl@minus=\dimen292
\ttl@toksa=\toks41
\titlewidth=\dimen293
\titlewidthlast=\dimen294
\titlewidthfirst=\dimen295
)
(d:/APP/texlive/2020/texmf-dist/tex/latex/mdframed/mdframed.sty
Package: mdframed 2013/07/01 1.9b: mdframed

(d:/APP/texlive/2020/texmf-dist/tex/latex/etoolbox/etoolbox.sty
Package: etoolbox 2019/09/21 v2.5h e-TeX tools for LaTeX (JAW)
\etb@tempcnta=\count322
)
(d:/APP/texlive/2020/texmf-dist/tex/latex/zref/zref-abspage.sty
Package: zref-abspage 2020-03-03 v2.29 Module abspage for zref (HO)

(d:/APP/texlive/2020/texmf-dist/tex/latex/zref/zref-base.sty
Package: zref-base 2020-03-03 v2.29 Module base for zref (HO)
Package zref Info: New property list: main on input line 763.
Package zref Info: New property: default on input line 764.
Package zref Info: New property: page on input line 765.
)
\c@abspage=\count323
Package zref Info: New property: abspage on input line 66.
)
(d:/APP/texlive/2020/texmf-dist/tex/latex/needspace/needspace.sty
Package: needspace 2010/09/12 v1.3d reserve vertical space
)
\mdf@templength=\skip76
\c@mdf@globalstyle@cnt=\count324
\mdf@skipabove@length=\skip77
\mdf@skipbelow@length=\skip78
\mdf@leftmargin@length=\skip79
\mdf@rightmargin@length=\skip80
\mdf@innerleftmargin@length=\skip81
\mdf@innerrightmargin@length=\skip82
\mdf@innertopmargin@length=\skip83
\mdf@innerbottommargin@length=\skip84
\mdf@splittopskip@length=\skip85
\mdf@splitbottomskip@length=\skip86
\mdf@outermargin@length=\skip87
\mdf@innermargin@length=\skip88
\mdf@linewidth@length=\skip89
\mdf@innerlinewidth@length=\skip90
\mdf@middlelinewidth@length=\skip91
\mdf@outerlinewidth@length=\skip92
\mdf@roundcorner@length=\skip93
\mdf@footenotedistance@length=\skip94
\mdf@userdefinedwidth@length=\skip95
\mdf@needspace@length=\skip96
\mdf@frametitleaboveskip@length=\skip97
\mdf@frametitlebelowskip@length=\skip98
\mdf@frametitlerulewidth@length=\skip99
\mdf@frametitleleftmargin@length=\skip100
\mdf@frametitlerightmargin@length=\skip101
\mdf@shadowsize@length=\skip102
\mdf@extratopheight@length=\skip103
\mdf@subtitleabovelinewidth@length=\skip104
\mdf@subtitlebelowlinewidth@length=\skip105
\mdf@subtitleaboveskip@length=\skip106
\mdf@subtitlebelowskip@length=\skip107
\mdf@subtitleinneraboveskip@length=\skip108
\mdf@subtitleinnerbelowskip@length=\skip109
\mdf@subsubtitleabovelinewidth@length=\skip110
\mdf@subsubtitlebelowlinewidth@length=\skip111
\mdf@subsubtitleaboveskip@length=\skip112
\mdf@subsubtitlebelowskip@length=\skip113
\mdf@subsubtitleinneraboveskip@length=\skip114
\mdf@subsubtitleinnerbelowskip@length=\skip115

(d:/APP/texlive/2020/texmf-dist/tex/latex/mdframed/md-frame-0.mdf
File: md-frame-0.mdf 2013/07/01\ 1.9b: md-frame-0
)
\mdf@frametitlebox=\box111
\mdf@footnotebox=\box112
\mdf@splitbox@one=\box113
\mdf@splitbox@two=\box114
\mdf@splitbox@save=\box115
\mdfsplitboxwidth=\skip116
\mdfsplitboxtotalwidth=\skip117
\mdfsplitboxheight=\skip118
\mdfsplitboxdepth=\skip119
\mdfsplitboxtotalheight=\skip120
\mdfframetitleboxwidth=\skip121
\mdfframetitleboxtotalwidth=\skip122
\mdfframetitleboxheight=\skip123
\mdfframetitleboxdepth=\skip124
\mdfframetitleboxtotalheight=\skip125
\mdffootnoteboxwidth=\skip126
\mdffootnoteboxtotalwidth=\skip127
\mdffootnoteboxheight=\skip128
\mdffootnoteboxdepth=\skip129
\mdffootnoteboxtotalheight=\skip130
\mdftotallinewidth=\skip131
\mdfboundingboxwidth=\skip132
\mdfboundingboxtotalwidth=\skip133
\mdfboundingboxheight=\skip134
\mdfboundingboxdepth=\skip135
\mdfboundingboxtotalheight=\skip136
\mdf@freevspace@length=\skip137
\mdf@horizontalwidthofbox@length=\skip138
\mdf@verticalmarginwhole@length=\skip139
\mdf@horizontalspaceofbox=\skip140
\mdfsubtitleheight=\skip141
\mdfsubsubtitleheight=\skip142
\c@mdfcountframes=\count325

****** mdframed patching \endmdf@trivlist

****** -- success******

\mdf@envdepth=\count326
\c@mdf@env@i=\count327
\c@mdf@env@ii=\count328
\c@mdf@zref@counter=\count329
Package zref Info: New property: mdf@pagevalue on input line 895.
)
(d:/APP/texlive/2020/texmf-dist/tex/latex/tools/array.sty
Package: array 2019/08/31 v2.4l Tabular extension package (FMi)
\col@sep=\dimen296
\ar@mcellbox=\box116
\extrarowheight=\dimen297
\NC@list=\toks42
\extratabsurround=\skip143
\backup@length=\skip144
\ar@cellbox=\box117
)
(d:/APP/texlive/2020/texmf-dist/tex/latex/biblatex/biblatex.sty
Package: biblatex 2019/12/01 v3.14 programmable bibliographies (PK/MW)

(d:/APP/texlive/2020/texmf-dist/tex/latex/logreq/logreq.sty
Package: logreq 2010/08/04 v1.0 xml request logger
\lrq@indent=\count330

(d:/APP/texlive/2020/texmf-dist/tex/latex/logreq/logreq.def
File: logreq.def 2010/08/04 v1.0 logreq spec v1.0
))
\c@tabx@nest=\count331
\c@listtotal=\count332
\c@listcount=\count333
\c@liststart=\count334
\c@liststop=\count335
\c@citecount=\count336
\c@citetotal=\count337
\c@multicitecount=\count338
\c@multicitetotal=\count339
\c@instcount=\count340
\c@maxnames=\count341
\c@minnames=\count342
\c@maxitems=\count343
\c@minitems=\count344
\c@citecounter=\count345
\c@maxcitecounter=\count346
\c@savedcitecounter=\count347
\c@uniquelist=\count348
\c@uniquename=\count349
\c@refsection=\count350
\c@refsegment=\count351
\c@maxextratitle=\count352
\c@maxextratitleyear=\count353
\c@maxextraname=\count354
\c@maxextradate=\count355
\c@maxextraalpha=\count356
\c@abbrvpenalty=\count357
\c@highnamepenalty=\count358
\c@lownamepenalty=\count359
\c@maxparens=\count360
\c@parenlevel=\count361
\blx@tempcnta=\count362
\blx@tempcntb=\count363
\blx@tempcntc=\count364
\blx@maxsection=\count365
\blx@maxsegment@0=\count366
\blx@notetype=\count367
\blx@parenlevel@text=\count368
\blx@parenlevel@foot=\count369
\blx@sectionciteorder@0=\count370
\blx@entrysetcounter=\count371
\labelnumberwidth=\skip145
\labelalphawidth=\skip146
\biblabelsep=\skip147
\bibitemsep=\skip148
\bibnamesep=\skip149
\bibinitsep=\skip150
\bibparsep=\skip151
\bibhang=\skip152
\blx@bcfin=\read3
\blx@bcfout=\write4
\blx@langwohyphens=\language86
\c@mincomprange=\count372
\c@maxcomprange=\count373
\c@mincompwidth=\count374
Package biblatex Info: Trying to load biblatex default data model...
Package biblatex Info: ... file 'blx-dm.def' found.

(d:/APP/texlive/2020/texmf-dist/tex/latex/biblatex/blx-dm.def
File: blx-dm.def 2019/12/01 v3.14 biblatex localization (PK/MW)
)
Package biblatex Info: Trying to load biblatex custom data model...
Package biblatex Info: ... file 'biblatex-dm.cfg' not found.
\c@afterword=\count375
\c@savedafterword=\count376
\c@annotator=\count377
\c@savedannotator=\count378
\c@author=\count379
\c@savedauthor=\count380
\c@bookauthor=\count381
\c@savedbookauthor=\count382
\c@commentator=\count383
\c@savedcommentator=\count384
\c@editor=\count385
\c@savededitor=\count386
\c@editora=\count387
\c@savededitora=\count388
\c@editorb=\count389
\c@savededitorb=\count390
\c@editorc=\count391
\c@savededitorc=\count392
\c@foreword=\count393
\c@savedforeword=\count394
\c@holder=\count395
\c@savedholder=\count396
\c@introduction=\count397
\c@savedintroduction=\count398
\c@namea=\count399
\c@savednamea=\count400
\c@nameb=\count401
\c@savednameb=\count402
\c@namec=\count403
\c@savednamec=\count404
\c@translator=\count405
\c@savedtranslator=\count406
\c@shortauthor=\count407
\c@savedshortauthor=\count408
\c@shorteditor=\count409
\c@savedshorteditor=\count410
\c@labelname=\count411
\c@savedlabelname=\count412
\c@institution=\count413
\c@savedinstitution=\count414
\c@lista=\count415
\c@savedlista=\count416
\c@listb=\count417
\c@savedlistb=\count418
\c@listc=\count419
\c@savedlistc=\count420
\c@listd=\count421
\c@savedlistd=\count422
\c@liste=\count423
\c@savedliste=\count424
\c@listf=\count425
\c@savedlistf=\count426
\c@location=\count427
\c@savedlocation=\count428
\c@organization=\count429
\c@savedorganization=\count430
\c@origlocation=\count431
\c@savedoriglocation=\count432
\c@origpublisher=\count433
\c@savedorigpublisher=\count434
\c@publisher=\count435
\c@savedpublisher=\count436
\c@language=\count437
\c@savedlanguage=\count438
\c@origlanguage=\count439
\c@savedoriglanguage=\count440
\c@pageref=\count441
\c@savedpageref=\count442
\shorthandwidth=\skip153
\shortjournalwidth=\skip154
\shortserieswidth=\skip155
\shorttitlewidth=\skip156
\shortauthorwidth=\skip157
\shorteditorwidth=\skip158
\locallabelnumberwidth=\skip159
\locallabelalphawidth=\skip160
\localshorthandwidth=\skip161
\localshortjournalwidth=\skip162
\localshortserieswidth=\skip163
\localshorttitlewidth=\skip164
\localshortauthorwidth=\skip165
\localshorteditorwidth=\skip166
Package biblatex Info: Trying to load compatibility code...
Package biblatex Info: ... file 'blx-compat.def' found.

(d:/APP/texlive/2020/texmf-dist/tex/latex/biblatex/blx-compat.def
File: blx-compat.def 2019/12/01 v3.14 biblatex compatibility (PK/MW)
)
Package biblatex Info: Trying to load generic definitions...
Package biblatex Info: ... file 'biblatex.def' found.

(d:/APP/texlive/2020/texmf-dist/tex/latex/biblatex/biblatex.def
File: biblatex.def 2019/12/01 v3.14 biblatex compatibility (PK/MW)
\c@textcitecount=\count443
\c@textcitetotal=\count444
\c@textcitemaxnames=\count445
\c@biburlbigbreakpenalty=\count446
\c@biburlbreakpenalty=\count447
\c@biburlnumpenalty=\count448
\c@biburlucpenalty=\count449
\c@biburllcpenalty=\count450
\biburlbigskip=\muskip18
\biburlnumskip=\muskip19
\biburlucskip=\muskip20
\biburllcskip=\muskip21
\c@smartand=\count451
)
Package biblatex Info: Trying to load bibliography style 'numeric'...
Package biblatex Info: ... file 'numeric.bbx' found.

(d:/APP/texlive/2020/texmf-dist/tex/latex/biblatex/bbx/numeric.bbx
File: numeric.bbx 2019/12/01 v3.14 biblatex bibliography style (PK/MW)
Package biblatex Info: Trying to load bibliography style 'standard'...
Package biblatex Info: ... file 'standard.bbx' found.

(d:/APP/texlive/2020/texmf-dist/tex/latex/biblatex/bbx/standard.bbx
File: standard.bbx 2019/12/01 v3.14 biblatex bibliography style (PK/MW)
\c@bbx:relatedcount=\count452
\c@bbx:relatedtotal=\count453
))
Package biblatex Info: Trying to load citation style 'numeric'...
Package biblatex Info: ... file 'numeric.cbx' found.

(d:/APP/texlive/2020/texmf-dist/tex/latex/biblatex/cbx/numeric.cbx
File: numeric.cbx 2019/12/01 v3.14 biblatex citation style (PK/MW)
Package biblatex Info: Redefining '\cite'.
Package biblatex Info: Redefining '\parencite'.
Package biblatex Info: Redefining '\footcite'.
Package biblatex Info: Redefining '\footcitetext'.
Package biblatex Info: Redefining '\smartcite'.
Package biblatex Info: Redefining '\supercite'.
Package biblatex Info: Redefining '\textcite'.
Package biblatex Info: Redefining '\textcites'.
Package biblatex Info: Redefining '\cites'.
Package biblatex Info: Redefining '\parencites'.
Package biblatex Info: Redefining '\smartcites'.
)
Package biblatex Info: Trying to load configuration file...
Package biblatex Info: ... file 'biblatex.cfg' found.

(d:/APP/texlive/2020/texmf-dist/tex/latex/biblatex/biblatex.cfg
File: biblatex.cfg 
))
\c@proposition=\count454
\c@theorem=\count455
\c@lemma=\count456
\c@corollary=\count457
\c@conjecture=\count458
\c@remark=\count459
\c@example=\count460
\c@problem=\count461
\c@exercise=\count462
\c@define=\count463

(d:/APP/texlive/2020/texmf-dist/tex/generic/pgf/frontendlayer/tikz/libraries/ti
kzlibrarycalc.code.tex
File: tikzlibrarycalc.code.tex 2020/01/08 v3.1.5b (3.1.5b)
)
\@quotelevel=\count464
\@quotereset=\count465
 (./TieuLuan_TTSS.aux

LaTeX Warning: Label `lst:code_direct' multiply defined.


LaTeX Warning: Label `lst:code_direct' multiply defined.


LaTeX Warning: Label `lst:code_direct' multiply defined.


LaTeX Warning: Label `lst:code_direct' multiply defined.


LaTeX Warning: Label `lst:code_direct' multiply defined.


LaTeX Warning: Label `lst:code_direct' multiply defined.

)
\openout1 = `TieuLuan_TTSS.aux'.

LaTeX Font Info:    Checking defaults for OML/cmm/m/it on input line 81.
LaTeX Font Info:    ... okay on input line 81.
LaTeX Font Info:    Checking defaults for OMS/cmsy/m/n on input line 81.
LaTeX Font Info:    ... okay on input line 81.
LaTeX Font Info:    Checking defaults for OT1/cmr/m/n on input line 81.
LaTeX Font Info:    ... okay on input line 81.
LaTeX Font Info:    Checking defaults for T1/cmr/m/n on input line 81.
LaTeX Font Info:    ... okay on input line 81.
LaTeX Font Info:    Checking defaults for TS1/cmr/m/n on input line 81.
LaTeX Font Info:    ... okay on input line 81.
LaTeX Font Info:    Checking defaults for OMX/cmex/m/n on input line 81.
LaTeX Font Info:    ... okay on input line 81.
LaTeX Font Info:    Checking defaults for U/cmr/m/n on input line 81.
LaTeX Font Info:    ... okay on input line 81.
LaTeX Font Info:    Checking defaults for T5/cmr/m/n on input line 81.
LaTeX Font Info:    ... okay on input line 81.
LaTeX Font Info:    Checking defaults for PD1/pdf/m/n on input line 81.
LaTeX Font Info:    ... okay on input line 81.
LaTeX Font Info:    Checking defaults for PU/pdf/m/n on input line 81.
LaTeX Font Info:    ... okay on input line 81.

*geometry* driver: auto-detecting
*geometry* detected driver: pdftex
*geometry* verbose mode - [ preamble ] result:
* driver: pdftex
* paper: a4paper
* layout: <same size as paper>
* layoutoffset:(h,v)=(0.0pt,0.0pt)
* modes: 
* h-part:(L,W,R)=(99.58464pt, 441.01773pt, 56.9055pt)
* v-part:(T,H,B)=(99.58464pt, 660.10394pt, 85.35826pt)
* \paperwidth=597.50787pt
* \paperheight=845.04684pt
* \textwidth=441.01773pt
* \textheight=660.10394pt
* \oddsidemargin=27.31465pt
* \evensidemargin=27.31465pt
* \topmargin=-9.68535pt
* \headheight=12.0pt
* \headsep=25.0pt
* \topskip=11.0pt
* \footskip=30.0pt
* \marginparwidth=50.0pt
* \marginparsep=10.0pt
* \columnsep=10.0pt
* \skip\footins=10.0pt plus 4.0pt minus 2.0pt
* \hoffset=0.0pt
* \voffset=0.0pt
* \mag=1000
* \@twocolumnfalse
* \@twosidefalse
* \@mparswitchfalse
* \@reversemarginfalse
* (1in=72.27pt=25.4mm, 1cm=28.453pt)

(d:/APP/texlive/2020/texmf-dist/tex/context/base/mkii/supp-pdf.mkii
[Loading MPS to PDF converter (version 2006.09.02).]
\scratchcounter=\count466
\scratchdimen=\dimen298
\scratchbox=\box118
\nofMPsegments=\count467
\nofMParguments=\count468
\everyMPshowfont=\toks43
\MPscratchCnt=\count469
\MPscratchDim=\dimen299
\MPnumerator=\count470
\makeMPintoPDFobject=\count471
\everyMPtoPDFconversion=\toks44
) (d:/APP/texlive/2020/texmf-dist/tex/latex/epstopdf-pkg/epstopdf-base.sty
Package: epstopdf-base 2020-01-24 v2.11 Base part for package epstopdf
Package epstopdf-base Info: Redefining graphics rule for `.eps' on input line 4
85.

(d:/APP/texlive/2020/texmf-dist/tex/latex/latexconfig/epstopdf-sys.cfg
File: epstopdf-sys.cfg 2010/07/13 v1.3 Configuration of (r)epstopdf for TeX Liv
e
))
\c@lstlisting=\count472
\AtBeginShipoutBox=\box119

(d:/APP/texlive/2020/texmf-dist/tex/latex/pdflscape/pdflscape.sty
Package: pdflscape 2019/12/05 v0.12 Display of landscape pages in PDF (HO)

(d:/APP/texlive/2020/texmf-dist/tex/latex/graphics/lscape.sty
Package: lscape 2000/10/22 v3.01 Landscape Pages (DPC)
)
Package pdflscape Info: Auto-detected driver: pdftex on input line 81.
)
Package hyperref Info: Link coloring OFF on input line 81.

(d:/APP/texlive/2020/texmf-dist/tex/latex/hyperref/nameref.sty
Package: nameref 2019/09/16 v2.46 Cross-referencing by name of section

(d:/APP/texlive/2020/texmf-dist/tex/latex/refcount/refcount.sty
Package: refcount 2019/12/15 v3.6 Data extraction from label references (HO)
)
(d:/APP/texlive/2020/texmf-dist/tex/generic/gettitlestring/gettitlestring.sty
Package: gettitlestring 2019/12/15 v1.6 Cleanup title references (HO)
)
\c@section@level=\count473
)
LaTeX Info: Redefining \ref on input line 81.
LaTeX Info: Redefining \pageref on input line 81.
LaTeX Info: Redefining \nameref on input line 81.
(./TieuLuan_TTSS.out) (./TieuLuan_TTSS.out)
\@outlinefile=\write5
\openout5 = `TieuLuan_TTSS.out'.

Package caption Info: Begin \AtBeginDocument code.
Package caption Info: End \AtBeginDocument code.

ABD: EveryShipout initializing macros
Package biblatex Info: Trying to load language 'english'...
Package biblatex Info: ... file 'english.lbx' found.

(d:/APP/texlive/2020/texmf-dist/tex/latex/biblatex/lbx/english.lbx
File: english.lbx 2019/12/01 v3.14 biblatex localization (PK/MW)
)
Package biblatex Info: Input encoding 'utf8' detected.
Package biblatex Info: Automatic encoding selection.
(biblatex)             Assuming data encoding 'utf8'.
\openout4 = `TieuLuan_TTSS.bcf'.

Package biblatex Info: Trying to load bibliographic data...
Package biblatex Info: ... file 'TieuLuan_TTSS.bbl' not found.

No file TieuLuan_TTSS.bbl.
Package biblatex Info: Reference section=0 on input line 81.
Package biblatex Info: Reference segment=0 on input line 81.
<logo_Hust.png, id=135, 184.69pt x 275.0275pt>
File: logo_Hust.png Graphic file (type png)
<use logo_Hust.png>
Package pdftex.def Info: logo_Hust.png  used on input line 104.
(pdftex.def)             Requested size: 71.13188pt x 105.92578pt.
LaTeX Font Info:    Trying to load font information for U+msa on input line 124
.
(d:/APP/texlive/2020/texmf-dist/tex/latex/amsfonts/umsa.fd
File: umsa.fd 2013/01/14 v3.01 AMS symbols A
)
LaTeX Font Info:    Trying to load font information for U+msb on input line 124
.

(d:/APP/texlive/2020/texmf-dist/tex/latex/amsfonts/umsb.fd
File: umsb.fd 2013/01/14 v3.01 AMS symbols B
) [1

{d:/APP/texlive/2020/texmf-var/fonts/map/pdftex/updmap/pdftex.map} <./logo_Hust
.png>]
Underfull \hbox (badness 10000) in paragraph at lines 143--144

 []


Underfull \hbox (badness 10000) in paragraph at lines 145--146

 []


Underfull \hbox (badness 10000) in paragraph at lines 147--149

 []


Underfull \hbox (badness 10000) in paragraph at lines 153--154

 []


Underfull \hbox (badness 10000) in paragraph at lines 155--160

 []


Package Fancyhdr Warning: \headheight is too small (12.0pt): 
Make it at least 16.69987pt.
We now make it that large for the rest of the document.
This may cause the page layout to be inconsistent, however.

pdfTeX warning (ext4): destination with the same identifier (name{page.1}) has 
been already used, duplicate ignored
<to be read again> 
                   \relax 
l.166 \newpage
               [1] (./TieuLuan_TTSS.toc)
\tf@toc=\write6
\openout6 = `TieuLuan_TTSS.toc'.

 [2]
Overfull \hbox (2.4313pt too wide) in paragraph at lines 173--204
[][] 
 []

[3] (./TieuLuan_TTSS.lof)
\tf@lof=\write7
\openout7 = `TieuLuan_TTSS.lof'.

 [4]
Underfull \hbox (badness 10000) in paragraph at lines 222--223

 []


Underfull \hbox (badness 10000) in paragraph at lines 224--225

 []


Underfull \hbox (badness 10000) in paragraph at lines 226--227

 []

[5]

LaTeX Warning: The counter will not be printed.
             The label is: - on input line 239.

<AI_ML_DEEP.png, id=261, 260.172pt x 165.4983pt>
File: AI_ML_DEEP.png Graphic file (type png)
<use AI_ML_DEEP.png>
Package pdftex.def Info: AI_ML_DEEP.png  used on input line 247.
(pdftex.def)             Requested size: 416.27573pt x 264.7976pt.
<DNN.PNG, id=262, 532.99126pt x 175.25475pt>
File: DNN.PNG Graphic file (type png)
<use DNN.PNG>
Package pdftex.def Info: DNN.PNG  used on input line 255.
(pdftex.def)             Requested size: 426.39359pt x 140.20396pt.

LaTeX Warning: `!h' float specifier changed to `!ht'.


Underfull \hbox (badness 10000) in paragraph at lines 264--265

 []

[6 <./AI_ML_DEEP.png>]
<ANN.png, id=272, 401.5pt x 289.08pt>
File: ANN.png Graphic file (type png)
<use ANN.png>
Package pdftex.def Info: ANN.png  used on input line 269.
(pdftex.def)             Requested size: 361.34665pt x 260.16959pt.
 [7 <./DNN.PNG> <./ANN.png>]

LaTeX Warning: The counter will not be printed.
             The label is: - on input line 283.

<Deep_save.png, id=279, 586.5915pt x 332.442pt>
File: Deep_save.png Graphic file (type png)
<use Deep_save.png>
Package pdftex.def Info: Deep_save.png  used on input line 304.
(pdftex.def)             Requested size: 410.61125pt x 232.70781pt.

LaTeX Warning: `!h' float specifier changed to `!ht'.

[8]
Underfull \hbox (badness 10000) in paragraph at lines 314--315

 []


LaTeX Warning: The counter will not be printed.
             The label is: - on input line 317.

<parallel_Deep.PNG, id=288, 600.44325pt x 211.38976pt>
File: parallel_Deep.PNG Graphic file (type png)
<use parallel_Deep.PNG>
Package pdftex.def Info: parallel_Deep.PNG  used on input line 325.
(pdftex.def)             Requested size: 450.33133pt x 158.54192pt.

Overfull \hbox (9.3136pt too wide) in paragraph at lines 325--326
 [] 
 []


LaTeX Warning: `!h' float specifier changed to `!ht'.


Underfull \hbox (badness 10000) in paragraph at lines 330--331

 []


Underfull \hbox (badness 10000) in paragraph at lines 332--333

 []

[9 <./Deep_save.PNG>]
<FPGA.jpg, id=297, 876.876pt x 876.876pt>
File: FPGA.jpg Graphic file (type jpg)
<use FPGA.jpg>
Package pdftex.def Info: FPGA.jpg  used on input line 338.
(pdftex.def)             Requested size: 219.21846pt x 219.21846pt.
 [10 <./parallel_Deep.PNG> <./FPGA.jpg>]

LaTeX Warning: The counter will not be printed.
             The label is: - on input line 347.


LaTeX Warning: The counter will not be printed.
             The label is: + on input line 354.

<parallel_Deep_2.PNG, id=303, 587.796pt x 212.59425pt>
File: parallel_Deep_2.PNG Graphic file (type png)
<use parallel_Deep_2.PNG>
Package pdftex.def Info: parallel_Deep_2.PNG  used on input line 363.
(pdftex.def)             Requested size: 440.84592pt x 159.44528pt.

Underfull \hbox (badness 10000) in paragraph at lines 369--370

 []


Underfull \hbox (badness 10000) in paragraph at lines 371--372

 []

[11 <./parallel_Deep_2.PNG>]

LaTeX Warning: The counter will not be printed.
             The label is: - on input line 374.


LaTeX Warning: The counter will not be printed.
             The label is: + on input line 388.

<parallel_Deep_3.PNG, id=317, 479.99326pt x 160.1985pt>
File: parallel_Deep_3.PNG Graphic file (type png)
<use parallel_Deep_3.PNG>
Package pdftex.def Info: parallel_Deep_3.PNG  used on input line 398.
(pdftex.def)             Requested size: 383.99512pt x 128.15897pt.
[12 <./parallel_Deep_3.PNG>]
Underfull \hbox (badness 10000) in paragraph at lines 407--408

 []

<DDLS.png, id=337, 684.5575pt x 473.77pt>
File: DDLS.png Graphic file (type png)
<use DDLS.png>
Package pdftex.def Info: DDLS.png  used on input line 411.
(pdftex.def)             Requested size: 410.73766pt x 284.26419pt.
[13 <./DDLS.png>]
Underfull \hbox (badness 10000) in paragraph at lines 429--430

 []

<parallel_1.png, id=346, 569.7285pt x 148.1535pt>
File: parallel_1.png Graphic file (type png)
<use parallel_1.png>
Package pdftex.def Info: parallel_1.png  used on input line 437.
(pdftex.def)             Requested size: 398.80724pt x 103.70674pt.

Underfull \hbox (badness 10000) in paragraph at lines 442--443

 []


Underfull \hbox (badness 10000) in paragraph at lines 449--450

 []


Underfull \hbox (badness 10000) in paragraph at lines 460--461

 []

[14 <./parallel_1.PNG>]
<Async.PNG, id=353, 572.1375pt x 319.79475pt>
File: Async.PNG Graphic file (type png)
<use Async.PNG>
Package pdftex.def Info: Async.PNG  used on input line 467.
(pdftex.def)             Requested size: 286.06804pt x 159.89697pt.


LaTeX Warning: The counter will not be printed.
             The label is: - on input line 474.

<sync.PNG, id=354, 281.853pt x 308.352pt>
File: sync.PNG Graphic file (type png)
<use sync.PNG>
Package pdftex.def Info: sync.PNG  used on input line 487.
(pdftex.def)             Requested size: 197.29575pt x 215.84492pt.

LaTeX Warning: `!h' float specifier changed to `!ht'.


Underfull \hbox (badness 10000) in paragraph at lines 494--495

 []


Underfull \hbox (badness 10000) in paragraph at lines 496--497

 []

[15 <./Async.PNG>]
Underfull \hbox (badness 10000) in paragraph at lines 498--499

 []


Underfull \hbox (badness 10000) in paragraph at lines 501--502

 []


Underfull \hbox (badness 10000) in paragraph at lines 503--504

 []


Underfull \hbox (badness 10000) in paragraph at lines 508--509

 []


Underfull \hbox (badness 10000) in paragraph at lines 510--511

 []

[16 <./sync.PNG>]
<DSN.PNG, id=367, 182.48175pt x 126.4725pt>
File: DSN.PNG Graphic file (type png)
<use DSN.PNG>
Package pdftex.def Info: DSN.PNG  used on input line 516.
(pdftex.def)             Requested size: 218.97699pt x 151.76622pt.
 [17 <./DSN.PNG>]
Underfull \hbox (badness 10000) in paragraph at lines 525--526

 []

<SGD.PNG, id=373, 755.82375pt x 277.63725pt>
File: SGD.PNG Graphic file (type png)
<use SGD.PNG>
Package pdftex.def Info: SGD.PNG  used on input line 531.
(pdftex.def)             Requested size: 377.91095pt x 138.81828pt.

Underfull \hbox (badness 10000) in paragraph at lines 538--539

 []


Underfull \hbox (badness 10000) in paragraph at lines 540--542

 []


Underfull \hbox (badness 10000) in paragraph at lines 549--550

 []


Underfull \hbox (badness 10000) in paragraph at lines 551--552

 []

[18 <./SGD.PNG>]

LaTeX Warning: The counter will not be printed.
             The label is: - on input line 554.


Underfull \hbox (badness 10000) in paragraph at lines 558--559

 []


Underfull \hbox (badness 10000) in paragraph at lines 560--561

 []


Underfull \hbox (badness 10000) in paragraph at lines 562--563

 []


Underfull \hbox (badness 10000) in paragraph at lines 567--568

 []


Underfull \hbox (badness 10000) in paragraph at lines 569--570

 []

[19]
Underfull \hbox (badness 10000) in paragraph at lines 571--573

 []

[20]
Underfull \hbox (badness 10000) in paragraph at lines 584--585

 []


Underfull \hbox (badness 10000) in paragraph at lines 586--587

 []


LaTeX Warning: The counter will not be printed.
             The label is: - on input line 589.

(d:/APP/texlive/2020/texmf-dist/tex/latex/listings/lstlang1.sty
File: lstlang1.sty 2020/03/24 1.8d listings language file
) [21] [22]
Underfull \hbox (badness 10000) in paragraph at lines 668--669

 []


Underfull \hbox (badness 10000) in paragraph at lines 670--671

 []


Underfull \hbox (badness 10000) in paragraph at lines 672--673

 []

<GG_1.PNG, id=432, 601.0455pt x 473.97075pt>
File: GG_1.PNG Graphic file (type png)
<use GG_1.PNG>
Package pdftex.def Info: GG_1.PNG  used on input line 678.
(pdftex.def)             Requested size: 390.67494pt x 308.07733pt.

LaTeX Warning: `!h' float specifier changed to `!ht'.

<GG_2.PNG, id=433, 569.7285pt x 475.7775pt>
File: GG_2.PNG Graphic file (type png)
<use GG_2.PNG>
Package pdftex.def Info: GG_2.PNG  used on input line 685.
(pdftex.def)             Requested size: 210.79625pt x 176.03491pt.
<GG_3.PNG, id=434, 548.0475pt x 454.69875pt>
File: GG_3.PNG Graphic file (type png)
<use GG_3.PNG>
Package pdftex.def Info: GG_3.PNG  used on input line 686.
(pdftex.def)             Requested size: 213.73766pt x 177.33179pt.

LaTeX Warning: `!h' float specifier changed to `!ht'.


Underfull \hbox (badness 10000) in paragraph at lines 691--692

 []


Underfull \hbox (badness 10000) in paragraph at lines 693--694

 []


Underfull \hbox (badness 10000) in paragraph at lines 695--696

 []


Underfull \hbox (badness 10000) in paragraph at lines 697--698

 []

[23]
Underfull \hbox (badness 10000) in paragraph at lines 699--700

 []

<GG_4.PNG, id=439, 531.1845pt x 437.2335pt>
File: GG_4.PNG Graphic file (type png)
<use GG_4.PNG>
Package pdftex.def Info: GG_4.PNG  used on input line 705.
(pdftex.def)             Requested size: 207.1611pt x 170.52037pt.
<GG_5.PNG, id=440, 531.78674pt x 434.22224pt>
File: GG_5.PNG Graphic file (type png)
<use GG_5.PNG>
Package pdftex.def Info: GG_5.PNG  used on input line 706.
(pdftex.def)             Requested size: 207.396pt x 169.346pt.

LaTeX Warning: `!h' float specifier changed to `!ht'.

[24 <./GG_1.PNG>]
Underfull \hbox (badness 10000) in paragraph at lines 719--720

 []

[25 <./GG_2.PNG> <./GG_3.PNG> <./GG_4.PNG> <./GG_5.PNG>]
Underfull \hbox (badness 10000) in paragraph at lines 721--722

 []


Underfull \hbox (badness 10000) in paragraph at lines 723--726

 []


LaTeX Warning: The counter will not be printed.
             The label is: - on input line 729.


Underfull \hbox (badness 10000) in paragraph at lines 733--734

 []


Underfull \hbox (badness 10000) in paragraph at lines 735--736

 []


LaTeX Warning: The counter will not be printed.
             The label is: - on input line 748.


Underfull \hbox (badness 10000) in paragraph at lines 754--756

 []

[26]
Underfull \hbox (badness 10000) in paragraph at lines 757--758

 []

<MIT_1.PNG, id=466, 704.03024pt x 349.305pt>
File: MIT_1.PNG Graphic file (type png)
<use MIT_1.PNG>
Package pdftex.def Info: MIT_1.PNG  used on input line 763.
(pdftex.def)             Requested size: 352.01425pt x 174.65207pt.
<MIT_2.PNG, id=467, 666.69075pt x 367.97475pt>
File: MIT_2.PNG Graphic file (type png)
<use MIT_2.PNG>
Package pdftex.def Info: MIT_2.PNG  used on input line 772.
(pdftex.def)             Requested size: 300.00806pt x 165.5871pt.
<MIT_3.PNG, id=468, 702.2235pt x 367.3725pt>
File: MIT_3.PNG Graphic file (type png)
<use MIT_3.PNG>
Package pdftex.def Info: MIT_3.PNG  used on input line 780.
(pdftex.def)             Requested size: 351.11089pt x 183.68579pt.

LaTeX Warning: `!h' float specifier changed to `!ht'.

<MIT_4.PNG, id=469, 718.48425pt x 297.5115pt>
File: MIT_4.PNG Graphic file (type png)
<use MIT_4.PNG>
Package pdftex.def Info: MIT_4.PNG  used on input line 787.
(pdftex.def)             Requested size: 445.45563pt x 184.45522pt.

Overfull \hbox (4.4379pt too wide) in paragraph at lines 787--788
 [] 
 []


LaTeX Warning: `!h' float specifier changed to `!ht'.

[27 <./MIT_1.PNG> <./MIT_2.PNG>]
Underfull \hbox (badness 10000) in paragraph at lines 797--798

 []


Underfull \hbox (badness 10000) in paragraph at lines 799--800

 []

[28 <./MIT_3.PNG> <./MIT_4.PNG>]
Overfull \hbox (47.26706pt too wide) in paragraph at lines 811--812
[][][][][][][][][][][][][][][][][][][][][][][][][][][][][]
 []


Overfull \hbox (41.71837pt too wide) in paragraph at lines 812--813
[][][][][][][][][][][][][][][][][][][][][][][][][][][]
 []


Overfull \hbox (41.71837pt too wide) in paragraph at lines 813--814
[][][][][][][][][][][][][][][][][][][][][][][][][][][][][]
 []


Overfull \hbox (41.71837pt too wide) in paragraph at lines 814--815
[][][][][][][][][][][][][][][][][][][][][][][][][][][][][]
 []


Underfull \hbox (badness 10000) in paragraph at lines 830--831

 []

<IP.PNG, id=483, 695.59875pt x 87.32625pt>
File: IP.PNG Graphic file (type png)
<use IP.PNG>
Package pdftex.def Info: IP.PNG  used on input line 836.
(pdftex.def)             Requested size: 452.13383pt x 56.76138pt.

Overfull \hbox (11.1161pt too wide) in paragraph at lines 836--837
 [] 
 []


Underfull \hbox (badness 10000) in paragraph at lines 841--842

 []

<Dis_1.PNG, id=484, 699.61375pt x 395.4775pt>
File: Dis_1.PNG Graphic file (type png)
<use Dis_1.PNG>
Package pdftex.def Info: Dis_1.PNG  used on input line 845.
(pdftex.def)             Requested size: 430.26524pt x 243.22023pt.

LaTeX Warning: `!h' float specifier changed to `!ht'.

<Dis_2.PNG, id=485, 863.6265pt x 213.79875pt>
File: Dis_2.PNG Graphic file (type png)
<use Dis_2.PNG>
Package pdftex.def Info: Dis_2.PNG  used on input line 852.
(pdftex.def)             Requested size: 431.8122pt x 106.89911pt.

LaTeX Warning: `!h' float specifier changed to `!ht'.


LaTeX Warning: The counter will not be printed.
             The label is: - on input line 858.

[29 <./IP.PNG>]

LaTeX Warning: The counter will not be printed.
             The label is: - on input line 870.

[30 <./Dis_1.PNG> <./Dis_2.PNG>] [31]
Underfull \hbox (badness 10000) in paragraph at lines 886--887

 []


Underfull \hbox (badness 10000) in paragraph at lines 888--889

 []


Underfull \hbox (badness 10000) in paragraph at lines 890--891

 []


Underfull \hbox (badness 10000) in paragraph at lines 892--893

 []


Underfull \hbox (badness 10000) in paragraph at lines 894--895

 []


Underfull \hbox (badness 10000) in paragraph at lines 896--897

 []


Underfull \hbox (badness 10000) in paragraph at lines 898--899

 []


Overfull \hbox (24.75917pt too wide) in paragraph at lines 900--901
\T5/cmr/m/n/10.95 https://towardsdatascience.com/how-to-train-your-deep-learnin
g-models-in-a-distributed-fashion-
 []


Underfull \hbox (badness 10000) in paragraph at lines 900--901

 []

[32]
Package atveryend Info: Empty hook `BeforeClearDocument' on input line 905.
Package atveryend Info: Empty hook `AfterLastShipout' on input line 905.
 (./TieuLuan_TTSS.aux)
Package atveryend Info: Executing hook `AtVeryEndDocument' on input line 905.
Package atveryend Info: Executing hook `AtEndAfterFileList' on input line 905.
Package rerunfilecheck Info: File `TieuLuan_TTSS.out' has not changed.
(rerunfilecheck)             Checksum: 3AB22EFEA9A9888EC940D68CD6466FF8;7930.


LaTeX Warning: There were multiply-defined labels.

Package logreq Info: Writing requests to 'TieuLuan_TTSS.run.xml'.
\openout1 = `TieuLuan_TTSS.run.xml'.

Package atveryend Info: Empty hook `AtVeryVeryEnd' on input line 905.
 ) 
Here is how much of TeX's memory you used:
 34833 strings out of 480608
 618711 string characters out of 5905572
 1375527 words of memory out of 5000000
 49961 multiletter control sequences out of 15000+600000
 551184 words of font info for 58 fonts, out of 8000000 for 9000
 1141 hyphenation exceptions out of 8191
 60i,12n,60p,977b,1203s stack positions out of 5000i,500n,10000p,200000b,80000s
{d:/APP/texlive/2020/texmf-dist/fonts/enc/dvips/cm-super/cm-super-ts1.enc}<d:
/APP/texlive/2020/texmf-dist/fonts/type1/public/amsfonts/cm/cmex10.pfb><d:/APP/
texlive/2020/texmf-dist/fonts/type1/public/amsfonts/cm/cmmi10.pfb><d:/APP/texli
ve/2020/texmf-dist/fonts/type1/public/amsfonts/cm/cmmi8.pfb><d:/APP/texlive/202
0/texmf-dist/fonts/type1/public/amsfonts/cm/cmr10.pfb><d:/APP/texlive/2020/texm
f-dist/fonts/type1/public/amsfonts/cm/cmr8.pfb><d:/APP/texlive/2020/texmf-dist/
fonts/type1/public/amsfonts/cm/cmsy10.pfb><d:/APP/texlive/2020/texmf-dist/fonts
/type1/public/amsfonts/cm/cmsy8.pfb><d:/APP/texlive/2020/texmf-dist/fonts/type1
/public/amsfonts/symbols/msam10.pfb><d:/APP/texlive/2020/texmf-dist/fonts/type1
/public/cm-super/sfrm0900.pfb><d:/APP/texlive/2020/texmf-dist/fonts/type1/publi
c/cm-super/sfrm1095.pfb><d:/APP/texlive/2020/texmf-dist/fonts/type1/vntex/vnr/v
nbx10.pfb><d:/APP/texlive/2020/texmf-dist/fonts/type1/vntex/vnr/vnbx12.pfb><d:/
APP/texlive/2020/texmf-dist/fonts/type1/vntex/vnr/vnr10.pfb><d:/APP/texlive/202
0/texmf-dist/fonts/type1/vntex/vnr/vnr9.pfb><d:/APP/texlive/2020/texmf-dist/fon
ts/type1/vntex/vnr/vnti10.pfb>
Output written on TieuLuan_TTSS.pdf (33 pages, 11154451 bytes).
PDF statistics:
 613 PDF objects out of 1000 (max. 8388607)
 506 compressed objects within 6 object streams
 177 named destinations out of 1000 (max. 500000)
 408 words of extra memory for PDF output out of 10000 (max. 10000000)

