This is pdfTeX, Version 3.14159265-2.6-1.40.21 (TeX Live 2020/W32TeX) (preloaded format=pdflatex 2020.9.30)  3 AUG 2021 10:54
entering extended mode
 restricted \write18 enabled.
 %&-line parsing enabled.
**Slide_TTSS.tex
(./Slide_TTSS.tex
LaTeX2e <2020-02-02> patch level 5
L3 programming layer <2020-03-06>
(d:/APP/texlive/2020/texmf-dist/tex/latex/beamer/beamer.cls
Document Class: beamer 2019/09/29 v3.57 A class for typesetting presentations
(d:/APP/texlive/2020/texmf-dist/tex/latex/beamer/beamerbasemodes.sty
(d:/APP/texlive/2020/texmf-dist/tex/latex/etoolbox/etoolbox.sty
Package: etoolbox 2019/09/21 v2.5h e-TeX tools for LaTeX (JAW)
\etb@tempcnta=\count167
)
\beamer@tempbox=\box45
\beamer@tempcount=\count168
\c@beamerpauses=\count169

(d:/APP/texlive/2020/texmf-dist/tex/latex/beamer/beamerbasedecode.sty
\beamer@slideinframe=\count170
\beamer@minimum=\count171
\beamer@decode@box=\box46
)
\beamer@commentbox=\box47
\beamer@modecount=\count172
)
(d:/APP/texlive/2020/texmf-dist/tex/generic/iftex/ifpdf.sty
Package: ifpdf 2019/10/25 v3.4 ifpdf legacy package. Use iftex instead.

(d:/APP/texlive/2020/texmf-dist/tex/generic/iftex/iftex.sty
Package: iftex 2020/03/06 v1.0d TeX engine tests
))
\headdp=\dimen134
\footheight=\dimen135
\sidebarheight=\dimen136
\beamer@tempdim=\dimen137
\beamer@finalheight=\dimen138
\beamer@animht=\dimen139
\beamer@animdp=\dimen140
\beamer@animwd=\dimen141
\beamer@leftmargin=\dimen142
\beamer@rightmargin=\dimen143
\beamer@leftsidebar=\dimen144
\beamer@rightsidebar=\dimen145
\beamer@boxsize=\dimen146
\beamer@vboxoffset=\dimen147
\beamer@descdefault=\dimen148
\beamer@descriptionwidth=\dimen149
\beamer@lastskip=\skip47
\beamer@areabox=\box48
\beamer@animcurrent=\box49
\beamer@animshowbox=\box50
\beamer@sectionbox=\box51
\beamer@logobox=\box52
\beamer@linebox=\box53
\beamer@sectioncount=\count173
\beamer@subsubsectionmax=\count174
\beamer@subsectionmax=\count175
\beamer@sectionmax=\count176
\beamer@totalheads=\count177
\beamer@headcounter=\count178
\beamer@partstartpage=\count179
\beamer@sectionstartpage=\count180
\beamer@subsectionstartpage=\count181
\beamer@animationtempa=\count182
\beamer@animationtempb=\count183
\beamer@xpos=\count184
\beamer@ypos=\count185
\beamer@ypos@offset=\count186
\beamer@showpartnumber=\count187
\beamer@currentsubsection=\count188
\beamer@coveringdepth=\count189
\beamer@sectionadjust=\count190
\beamer@tocsectionnumber=\count191

(d:/APP/texlive/2020/texmf-dist/tex/latex/beamer/beamerbaseoptions.sty
(d:/APP/texlive/2020/texmf-dist/tex/latex/graphics/keyval.sty
Package: keyval 2014/10/28 v1.15 key=value parser (DPC)
\KV@toks@=\toks15
))
\beamer@paperwidth=\skip48
\beamer@paperheight=\skip49

(d:/APP/texlive/2020/texmf-dist/tex/latex/geometry/geometry.sty
Package: geometry 2020/01/02 v5.9 Page Geometry

(d:/APP/texlive/2020/texmf-dist/tex/generic/iftex/ifvtex.sty
Package: ifvtex 2019/10/25 v1.7 ifvtex legacy package. Use iftex instead.
)
\Gm@cnth=\count192
\Gm@cntv=\count193
\c@Gm@tempcnt=\count194
\Gm@bindingoffset=\dimen150
\Gm@wd@mp=\dimen151
\Gm@odd@mp=\dimen152
\Gm@even@mp=\dimen153
\Gm@layoutwidth=\dimen154
\Gm@layoutheight=\dimen155
\Gm@layouthoffset=\dimen156
\Gm@layoutvoffset=\dimen157
\Gm@dimlist=\toks16
)
(d:/APP/texlive/2020/texmf-dist/tex/latex/base/size11.clo
File: size11.clo 2019/12/20 v1.4l Standard LaTeX file (size option)
)
(d:/APP/texlive/2020/texmf-dist/tex/latex/pgf/basiclayer/pgfcore.sty
(d:/APP/texlive/2020/texmf-dist/tex/latex/graphics/graphicx.sty
Package: graphicx 2019/11/30 v1.2a Enhanced LaTeX Graphics (DPC,SPQR)

(d:/APP/texlive/2020/texmf-dist/tex/latex/graphics/graphics.sty
Package: graphics 2019/11/30 v1.4a Standard LaTeX Graphics (DPC,SPQR)

(d:/APP/texlive/2020/texmf-dist/tex/latex/graphics/trig.sty
Package: trig 2016/01/03 v1.10 sin cos tan (DPC)
)
(d:/APP/texlive/2020/texmf-dist/tex/latex/graphics-cfg/graphics.cfg
File: graphics.cfg 2016/06/04 v1.11 sample graphics configuration
)
Package graphics Info: Driver file: pdftex.def on input line 105.

(d:/APP/texlive/2020/texmf-dist/tex/latex/graphics-def/pdftex.def
File: pdftex.def 2018/01/08 v1.0l Graphics/color driver for pdftex
))
\Gin@req@height=\dimen158
\Gin@req@width=\dimen159
)
(d:/APP/texlive/2020/texmf-dist/tex/latex/pgf/systemlayer/pgfsys.sty
(d:/APP/texlive/2020/texmf-dist/tex/latex/pgf/utilities/pgfrcs.sty
(d:/APP/texlive/2020/texmf-dist/tex/generic/pgf/utilities/pgfutil-common.tex
\pgfutil@everybye=\toks17
\pgfutil@tempdima=\dimen160
\pgfutil@tempdimb=\dimen161

(d:/APP/texlive/2020/texmf-dist/tex/generic/pgf/utilities/pgfutil-common-lists.
tex))
(d:/APP/texlive/2020/texmf-dist/tex/generic/pgf/utilities/pgfutil-latex.def
\pgfutil@abb=\box54

(d:/APP/texlive/2020/texmf-dist/tex/latex/ms/everyshi.sty
Package: everyshi 2001/05/15 v3.00 EveryShipout Package (MS)
))
(d:/APP/texlive/2020/texmf-dist/tex/generic/pgf/utilities/pgfrcs.code.tex
(d:/APP/texlive/2020/texmf-dist/tex/generic/pgf/pgf.revision.tex)
Package: pgfrcs 2020/01/08 v3.1.5b (3.1.5b)
))
(d:/APP/texlive/2020/texmf-dist/tex/generic/pgf/systemlayer/pgfsys.code.tex
Package: pgfsys 2020/01/08 v3.1.5b (3.1.5b)

(d:/APP/texlive/2020/texmf-dist/tex/generic/pgf/utilities/pgfkeys.code.tex
\pgfkeys@pathtoks=\toks18
\pgfkeys@temptoks=\toks19

(d:/APP/texlive/2020/texmf-dist/tex/generic/pgf/utilities/pgfkeysfiltered.code.
tex
\pgfkeys@tmptoks=\toks20
))
\pgf@x=\dimen162
\pgf@y=\dimen163
\pgf@xa=\dimen164
\pgf@ya=\dimen165
\pgf@xb=\dimen166
\pgf@yb=\dimen167
\pgf@xc=\dimen168
\pgf@yc=\dimen169
\pgf@xd=\dimen170
\pgf@yd=\dimen171
\w@pgf@writea=\write3
\r@pgf@reada=\read2
\c@pgf@counta=\count195
\c@pgf@countb=\count196
\c@pgf@countc=\count197
\c@pgf@countd=\count198
\t@pgf@toka=\toks21
\t@pgf@tokb=\toks22
\t@pgf@tokc=\toks23
\pgf@sys@id@count=\count199
 (d:/APP/texlive/2020/texmf-dist/tex/generic/pgf/systemlayer/pgf.cfg
File: pgf.cfg 2020/01/08 v3.1.5b (3.1.5b)
)
Driver file for pgf: pgfsys-pdftex.def

(d:/APP/texlive/2020/texmf-dist/tex/generic/pgf/systemlayer/pgfsys-pdftex.def
File: pgfsys-pdftex.def 2020/01/08 v3.1.5b (3.1.5b)

(d:/APP/texlive/2020/texmf-dist/tex/generic/pgf/systemlayer/pgfsys-common-pdf.d
ef
File: pgfsys-common-pdf.def 2020/01/08 v3.1.5b (3.1.5b)
)))
(d:/APP/texlive/2020/texmf-dist/tex/generic/pgf/systemlayer/pgfsyssoftpath.code
.tex
File: pgfsyssoftpath.code.tex 2020/01/08 v3.1.5b (3.1.5b)
\pgfsyssoftpath@smallbuffer@items=\count266
\pgfsyssoftpath@bigbuffer@items=\count267
)
(d:/APP/texlive/2020/texmf-dist/tex/generic/pgf/systemlayer/pgfsysprotocol.code
.tex
File: pgfsysprotocol.code.tex 2020/01/08 v3.1.5b (3.1.5b)
)) (d:/APP/texlive/2020/texmf-dist/tex/latex/xcolor/xcolor.sty
Package: xcolor 2016/05/11 v2.12 LaTeX color extensions (UK)

(d:/APP/texlive/2020/texmf-dist/tex/latex/graphics-cfg/color.cfg
File: color.cfg 2016/01/02 v1.6 sample color configuration
)
Package xcolor Info: Driver file: pdftex.def on input line 225.
Package xcolor Info: Model `cmy' substituted by `cmy0' on input line 1348.
Package xcolor Info: Model `hsb' substituted by `rgb' on input line 1352.
Package xcolor Info: Model `RGB' extended on input line 1364.
Package xcolor Info: Model `HTML' substituted by `rgb' on input line 1366.
Package xcolor Info: Model `Hsb' substituted by `hsb' on input line 1367.
Package xcolor Info: Model `tHsb' substituted by `hsb' on input line 1368.
Package xcolor Info: Model `HSB' substituted by `hsb' on input line 1369.
Package xcolor Info: Model `Gray' substituted by `gray' on input line 1370.
Package xcolor Info: Model `wave' substituted by `hsb' on input line 1371.
)
(d:/APP/texlive/2020/texmf-dist/tex/generic/pgf/basiclayer/pgfcore.code.tex
Package: pgfcore 2020/01/08 v3.1.5b (3.1.5b)

(d:/APP/texlive/2020/texmf-dist/tex/generic/pgf/math/pgfmath.code.tex
(d:/APP/texlive/2020/texmf-dist/tex/generic/pgf/math/pgfmathcalc.code.tex
(d:/APP/texlive/2020/texmf-dist/tex/generic/pgf/math/pgfmathutil.code.tex)
(d:/APP/texlive/2020/texmf-dist/tex/generic/pgf/math/pgfmathparser.code.tex
\pgfmath@dimen=\dimen172
\pgfmath@count=\count268
\pgfmath@box=\box55
\pgfmath@toks=\toks24
\pgfmath@stack@operand=\toks25
\pgfmath@stack@operation=\toks26
)
(d:/APP/texlive/2020/texmf-dist/tex/generic/pgf/math/pgfmathfunctions.code.tex
(d:/APP/texlive/2020/texmf-dist/tex/generic/pgf/math/pgfmathfunctions.basic.cod
e.tex)
(d:/APP/texlive/2020/texmf-dist/tex/generic/pgf/math/pgfmathfunctions.trigonome
tric.code.tex)
(d:/APP/texlive/2020/texmf-dist/tex/generic/pgf/math/pgfmathfunctions.random.co
de.tex)
(d:/APP/texlive/2020/texmf-dist/tex/generic/pgf/math/pgfmathfunctions.compariso
n.code.tex)
(d:/APP/texlive/2020/texmf-dist/tex/generic/pgf/math/pgfmathfunctions.base.code
.tex)
(d:/APP/texlive/2020/texmf-dist/tex/generic/pgf/math/pgfmathfunctions.round.cod
e.tex)
(d:/APP/texlive/2020/texmf-dist/tex/generic/pgf/math/pgfmathfunctions.misc.code
.tex)
(d:/APP/texlive/2020/texmf-dist/tex/generic/pgf/math/pgfmathfunctions.integerar
ithmetics.code.tex)))
(d:/APP/texlive/2020/texmf-dist/tex/generic/pgf/math/pgfmathfloat.code.tex
\c@pgfmathroundto@lastzeros=\count269
))
(d:/APP/texlive/2020/texmf-dist/tex/generic/pgf/math/pgfint.code.tex)
(d:/APP/texlive/2020/texmf-dist/tex/generic/pgf/basiclayer/pgfcorepoints.code.t
ex
File: pgfcorepoints.code.tex 2020/01/08 v3.1.5b (3.1.5b)
\pgf@picminx=\dimen173
\pgf@picmaxx=\dimen174
\pgf@picminy=\dimen175
\pgf@picmaxy=\dimen176
\pgf@pathminx=\dimen177
\pgf@pathmaxx=\dimen178
\pgf@pathminy=\dimen179
\pgf@pathmaxy=\dimen180
\pgf@xx=\dimen181
\pgf@xy=\dimen182
\pgf@yx=\dimen183
\pgf@yy=\dimen184
\pgf@zx=\dimen185
\pgf@zy=\dimen186
)
(d:/APP/texlive/2020/texmf-dist/tex/generic/pgf/basiclayer/pgfcorepathconstruct
.code.tex
File: pgfcorepathconstruct.code.tex 2020/01/08 v3.1.5b (3.1.5b)
\pgf@path@lastx=\dimen187
\pgf@path@lasty=\dimen188
)
(d:/APP/texlive/2020/texmf-dist/tex/generic/pgf/basiclayer/pgfcorepathusage.cod
e.tex
File: pgfcorepathusage.code.tex 2020/01/08 v3.1.5b (3.1.5b)
\pgf@shorten@end@additional=\dimen189
\pgf@shorten@start@additional=\dimen190
)
(d:/APP/texlive/2020/texmf-dist/tex/generic/pgf/basiclayer/pgfcorescopes.code.t
ex
File: pgfcorescopes.code.tex 2020/01/08 v3.1.5b (3.1.5b)
\pgfpic=\box56
\pgf@hbox=\box57
\pgf@layerbox@main=\box58
\pgf@picture@serial@count=\count270
)
(d:/APP/texlive/2020/texmf-dist/tex/generic/pgf/basiclayer/pgfcoregraphicstate.
code.tex
File: pgfcoregraphicstate.code.tex 2020/01/08 v3.1.5b (3.1.5b)
\pgflinewidth=\dimen191
)
(d:/APP/texlive/2020/texmf-dist/tex/generic/pgf/basiclayer/pgfcoretransformatio
ns.code.tex
File: pgfcoretransformations.code.tex 2020/01/08 v3.1.5b (3.1.5b)
\pgf@pt@x=\dimen192
\pgf@pt@y=\dimen193
\pgf@pt@temp=\dimen194
)
(d:/APP/texlive/2020/texmf-dist/tex/generic/pgf/basiclayer/pgfcorequick.code.te
x
File: pgfcorequick.code.tex 2020/01/08 v3.1.5b (3.1.5b)
)
(d:/APP/texlive/2020/texmf-dist/tex/generic/pgf/basiclayer/pgfcoreobjects.code.
tex
File: pgfcoreobjects.code.tex 2020/01/08 v3.1.5b (3.1.5b)
)
(d:/APP/texlive/2020/texmf-dist/tex/generic/pgf/basiclayer/pgfcorepathprocessin
g.code.tex
File: pgfcorepathprocessing.code.tex 2020/01/08 v3.1.5b (3.1.5b)
)
(d:/APP/texlive/2020/texmf-dist/tex/generic/pgf/basiclayer/pgfcorearrows.code.t
ex
File: pgfcorearrows.code.tex 2020/01/08 v3.1.5b (3.1.5b)
\pgfarrowsep=\dimen195
)
(d:/APP/texlive/2020/texmf-dist/tex/generic/pgf/basiclayer/pgfcoreshade.code.te
x
File: pgfcoreshade.code.tex 2020/01/08 v3.1.5b (3.1.5b)
\pgf@max=\dimen196
\pgf@sys@shading@range@num=\count271
\pgf@shadingcount=\count272
)
(d:/APP/texlive/2020/texmf-dist/tex/generic/pgf/basiclayer/pgfcoreimage.code.te
x
File: pgfcoreimage.code.tex 2020/01/08 v3.1.5b (3.1.5b)

(d:/APP/texlive/2020/texmf-dist/tex/generic/pgf/basiclayer/pgfcoreexternal.code
.tex
File: pgfcoreexternal.code.tex 2020/01/08 v3.1.5b (3.1.5b)
\pgfexternal@startupbox=\box59
))
(d:/APP/texlive/2020/texmf-dist/tex/generic/pgf/basiclayer/pgfcorelayers.code.t
ex
File: pgfcorelayers.code.tex 2020/01/08 v3.1.5b (3.1.5b)
)
(d:/APP/texlive/2020/texmf-dist/tex/generic/pgf/basiclayer/pgfcoretransparency.
code.tex
File: pgfcoretransparency.code.tex 2020/01/08 v3.1.5b (3.1.5b)
)
(d:/APP/texlive/2020/texmf-dist/tex/generic/pgf/basiclayer/pgfcorepatterns.code
.tex
File: pgfcorepatterns.code.tex 2020/01/08 v3.1.5b (3.1.5b)
)
(d:/APP/texlive/2020/texmf-dist/tex/generic/pgf/basiclayer/pgfcorerdf.code.tex
File: pgfcorerdf.code.tex 2020/01/08 v3.1.5b (3.1.5b)
))) (d:/APP/texlive/2020/texmf-dist/tex/latex/pgf/utilities/xxcolor.sty
Package: xxcolor 2003/10/24 ver 0.1
\XC@nummixins=\count273
\XC@countmixins=\count274
)
(d:/APP/texlive/2020/texmf-dist/tex/generic/atbegshi/atbegshi.sty
Package: atbegshi 2019/12/05 v1.19 At begin shipout hook (HO)

(d:/APP/texlive/2020/texmf-dist/tex/generic/infwarerr/infwarerr.sty
Package: infwarerr 2019/12/03 v1.5 Providing info/warning/error messages (HO)
)
(d:/APP/texlive/2020/texmf-dist/tex/generic/ltxcmds/ltxcmds.sty
Package: ltxcmds 2019/12/15 v1.24 LaTeX kernel commands for general use (HO)
))
(d:/APP/texlive/2020/texmf-dist/tex/latex/hyperref/hyperref.sty
Package: hyperref 2020/01/14 v7.00d Hypertext links for LaTeX

(d:/APP/texlive/2020/texmf-dist/tex/latex/pdftexcmds/pdftexcmds.sty
Package: pdftexcmds 2019/11/24 v0.31 Utility functions of pdfTeX for LuaTeX (HO
)
Package pdftexcmds Info: \pdf@primitive is available.
Package pdftexcmds Info: \pdf@ifprimitive is available.
Package pdftexcmds Info: \pdfdraftmode found.
)
(d:/APP/texlive/2020/texmf-dist/tex/generic/kvsetkeys/kvsetkeys.sty
Package: kvsetkeys 2019/12/15 v1.18 Key value parser (HO)
)
(d:/APP/texlive/2020/texmf-dist/tex/generic/kvdefinekeys/kvdefinekeys.sty
Package: kvdefinekeys 2019-12-19 v1.6 Define keys (HO)
)
(d:/APP/texlive/2020/texmf-dist/tex/generic/pdfescape/pdfescape.sty
Package: pdfescape 2019/12/09 v1.15 Implements pdfTeX's escape features (HO)
)
(d:/APP/texlive/2020/texmf-dist/tex/latex/hycolor/hycolor.sty
Package: hycolor 2020-01-27 v1.10 Color options for hyperref/bookmark (HO)
)
(d:/APP/texlive/2020/texmf-dist/tex/latex/letltxmacro/letltxmacro.sty
Package: letltxmacro 2019/12/03 v1.6 Let assignment for LaTeX macros (HO)
)
(d:/APP/texlive/2020/texmf-dist/tex/latex/auxhook/auxhook.sty
Package: auxhook 2019-12-17 v1.6 Hooks for auxiliary files (HO)
)
(d:/APP/texlive/2020/texmf-dist/tex/latex/kvoptions/kvoptions.sty
Package: kvoptions 2019/11/29 v3.13 Key value format for package options (HO)
)
\@linkdim=\dimen197
\Hy@linkcounter=\count275
\Hy@pagecounter=\count276

(d:/APP/texlive/2020/texmf-dist/tex/latex/hyperref/pd1enc.def
File: pd1enc.def 2020/01/14 v7.00d Hyperref: PDFDocEncoding definition (HO)
Now handling font encoding PD1 ...
... no UTF-8 mapping file for font encoding PD1
)
(d:/APP/texlive/2020/texmf-dist/tex/generic/intcalc/intcalc.sty
Package: intcalc 2019/12/15 v1.3 Expandable calculations with integers (HO)
)
(d:/APP/texlive/2020/texmf-dist/tex/generic/etexcmds/etexcmds.sty
Package: etexcmds 2019/12/15 v1.7 Avoid name clashes with e-TeX commands (HO)
)
\Hy@SavedSpaceFactor=\count277
Package hyperref Info: Option `bookmarks' set `true' on input line 4421.
Package hyperref Info: Option `bookmarksopen' set `true' on input line 4421.
Package hyperref Info: Option `bookmarks' set `true' on input line 4421.
Package hyperref Info: Option `implicit' set `false' on input line 4421.
Package hyperref Info: Hyper figures OFF on input line 4547.
Package hyperref Info: Link nesting OFF on input line 4552.
Package hyperref Info: Hyper index ON on input line 4555.
Package hyperref Info: Plain pages OFF on input line 4562.
Package hyperref Info: Backreferencing OFF on input line 4567.
Package hyperref Info: Implicit mode OFF; no redefinition of LaTeX internals.
Package hyperref Info: Bookmarks ON on input line 4800.
\c@Hy@tempcnt=\count278

(d:/APP/texlive/2020/texmf-dist/tex/latex/url/url.sty
\Urlmuskip=\muskip16
Package: url 2013/09/16  ver 3.4  Verb mode for urls, etc.
)
LaTeX Info: Redefining \url on input line 5159.
\XeTeXLinkMargin=\dimen198

(d:/APP/texlive/2020/texmf-dist/tex/generic/bitset/bitset.sty
Package: bitset 2019/12/09 v1.3 Handle bit-vector datatype (HO)

(d:/APP/texlive/2020/texmf-dist/tex/generic/bigintcalc/bigintcalc.sty
Package: bigintcalc 2019/12/15 v1.5 Expandable calculations on big integers (HO
)
))
\Fld@menulength=\count279
\Field@Width=\dimen199
\Fld@charsize=\dimen256
Package hyperref Info: Hyper figures OFF on input line 6430.
Package hyperref Info: Link nesting OFF on input line 6435.
Package hyperref Info: Hyper index ON on input line 6438.
Package hyperref Info: backreferencing OFF on input line 6445.
Package hyperref Info: Link coloring OFF on input line 6450.
Package hyperref Info: Link coloring with OCG OFF on input line 6455.
Package hyperref Info: PDF/A mode OFF on input line 6460.
LaTeX Info: Redefining \ref on input line 6500.
LaTeX Info: Redefining \pageref on input line 6504.
\Hy@abspage=\count280


Package hyperref Message: Stopped early.

)
Package hyperref Info: Driver (autodetected): hpdftex.
 (d:/APP/texlive/2020/texmf-dist/tex/latex/hyperref/hpdftex.def
File: hpdftex.def 2020/01/14 v7.00d Hyperref driver for pdfTeX

(d:/APP/texlive/2020/texmf-dist/tex/latex/atveryend/atveryend.sty
Package: atveryend 2019-12-11 v1.11 Hooks at the very end of document (HO)
)
\Fld@listcount=\count281
\c@bookmark@seq@number=\count282

(d:/APP/texlive/2020/texmf-dist/tex/latex/rerunfilecheck/rerunfilecheck.sty
Package: rerunfilecheck 2019/12/05 v1.9 Rerun checks for auxiliary files (HO)

(d:/APP/texlive/2020/texmf-dist/tex/generic/uniquecounter/uniquecounter.sty
Package: uniquecounter 2019/12/15 v1.4 Provide unlimited unique counter (HO)
)
Package uniquecounter Info: New unique counter `rerunfilecheck' on input line 2
86.
))
(d:/APP/texlive/2020/texmf-dist/tex/latex/beamer/beamerbaserequires.sty
(d:/APP/texlive/2020/texmf-dist/tex/latex/beamer/beamerbasecompatibility.sty)
(d:/APP/texlive/2020/texmf-dist/tex/latex/beamer/beamerbasefont.sty
(d:/APP/texlive/2020/texmf-dist/tex/latex/amsfonts/amssymb.sty
Package: amssymb 2013/01/14 v3.01 AMS font symbols

(d:/APP/texlive/2020/texmf-dist/tex/latex/amsfonts/amsfonts.sty
Package: amsfonts 2013/01/14 v3.01 Basic AMSFonts support
\@emptytoks=\toks27
\symAMSa=\mathgroup4
\symAMSb=\mathgroup5
LaTeX Font Info:    Redeclaring math symbol \hbar on input line 98.
LaTeX Font Info:    Overwriting math alphabet `\mathfrak' in version `bold'
(Font)                  U/euf/m/n --> U/euf/b/n on input line 106.
))
(d:/APP/texlive/2020/texmf-dist/tex/latex/sansmathaccent/sansmathaccent.sty
Package: sansmathaccent 2020/01/31

(d:/APP/texlive/2020/texmf-dist/tex/latex/koma-script/scrlfile.sty
Package: scrlfile 2020/01/24 v3.29 KOMA-Script package (loading files)
)))
(d:/APP/texlive/2020/texmf-dist/tex/latex/beamer/beamerbasetranslator.sty
(d:/APP/texlive/2020/texmf-dist/tex/latex/translator/translator.sty
Package: translator 2019-05-31 v1.12a Easy translation of strings in LaTeX
))
(d:/APP/texlive/2020/texmf-dist/tex/latex/beamer/beamerbasemisc.sty)
(d:/APP/texlive/2020/texmf-dist/tex/latex/beamer/beamerbasetwoscreens.sty)
(d:/APP/texlive/2020/texmf-dist/tex/latex/beamer/beamerbaseoverlay.sty
\beamer@argscount=\count283
\beamer@lastskipcover=\skip50
\beamer@trivlistdepth=\count284
)
(d:/APP/texlive/2020/texmf-dist/tex/latex/beamer/beamerbasetitle.sty)
(d:/APP/texlive/2020/texmf-dist/tex/latex/beamer/beamerbasesection.sty
\c@lecture=\count285
\c@part=\count286
\c@section=\count287
\c@subsection=\count288
\c@subsubsection=\count289
)
(d:/APP/texlive/2020/texmf-dist/tex/latex/beamer/beamerbaseframe.sty
\beamer@framebox=\box60
\beamer@frametitlebox=\box61
\beamer@zoombox=\box62
\beamer@zoomcount=\count290
\beamer@zoomframecount=\count291
\beamer@frametextheight=\dimen257
\c@subsectionslide=\count292
\beamer@frametopskip=\skip51
\beamer@framebottomskip=\skip52
\beamer@frametopskipautobreak=\skip53
\beamer@framebottomskipautobreak=\skip54
\beamer@envbody=\toks28
\framewidth=\dimen258
\c@framenumber=\count293
)
(d:/APP/texlive/2020/texmf-dist/tex/latex/beamer/beamerbaseverbatim.sty
\beamer@verbatimfileout=\write4
)
(d:/APP/texlive/2020/texmf-dist/tex/latex/beamer/beamerbaseframesize.sty
\beamer@splitbox=\box63
\beamer@autobreakcount=\count294
\beamer@autobreaklastheight=\dimen259
\beamer@frametitletoks=\toks29
\beamer@framesubtitletoks=\toks30
)
(d:/APP/texlive/2020/texmf-dist/tex/latex/beamer/beamerbaseframecomponents.sty
\beamer@footins=\box64
) (d:/APP/texlive/2020/texmf-dist/tex/latex/beamer/beamerbasecolor.sty)
(d:/APP/texlive/2020/texmf-dist/tex/latex/beamer/beamerbasenotes.sty
\beamer@frameboxcopy=\box65
)
(d:/APP/texlive/2020/texmf-dist/tex/latex/beamer/beamerbasetoc.sty)
(d:/APP/texlive/2020/texmf-dist/tex/latex/beamer/beamerbasetemplates.sty
\beamer@sbttoks=\toks31

(d:/APP/texlive/2020/texmf-dist/tex/latex/beamer/beamerbaseauxtemplates.sty
(d:/APP/texlive/2020/texmf-dist/tex/latex/beamer/beamerbaseboxes.sty
\bmb@box=\box66
\bmb@colorbox=\box67
\bmb@boxshadow=\box68
\bmb@boxshadowball=\box69
\bmb@boxshadowballlarge=\box70
\bmb@temp=\dimen260
\bmb@dima=\dimen261
\bmb@dimb=\dimen262
\bmb@prevheight=\dimen263
)
\beamer@blockheadheight=\dimen264
))
(d:/APP/texlive/2020/texmf-dist/tex/latex/beamer/beamerbaselocalstructure.sty
(d:/APP/texlive/2020/texmf-dist/tex/latex/tools/enumerate.sty
Package: enumerate 2015/07/23 v3.00 enumerate extensions (DPC)
\@enLab=\toks32
)
\c@figure=\count295
\c@table=\count296
\abovecaptionskip=\skip55
\belowcaptionskip=\skip56
)
(d:/APP/texlive/2020/texmf-dist/tex/latex/beamer/beamerbasenavigation.sty
\beamer@section@min@dim=\dimen265
)
(d:/APP/texlive/2020/texmf-dist/tex/latex/beamer/beamerbasetheorems.sty
(d:/APP/texlive/2020/texmf-dist/tex/latex/amsmath/amsmath.sty
Package: amsmath 2020/01/20 v2.17e AMS math features
\@mathmargin=\skip57

For additional information on amsmath, use the `?' option.
(d:/APP/texlive/2020/texmf-dist/tex/latex/amsmath/amstext.sty
Package: amstext 2000/06/29 v2.01 AMS text

(d:/APP/texlive/2020/texmf-dist/tex/latex/amsmath/amsgen.sty
File: amsgen.sty 1999/11/30 v2.0 generic functions
\@emptytoks=\toks33
\ex@=\dimen266
))
(d:/APP/texlive/2020/texmf-dist/tex/latex/amsmath/amsbsy.sty
Package: amsbsy 1999/11/29 v1.2d Bold Symbols
\pmbraise@=\dimen267
)
(d:/APP/texlive/2020/texmf-dist/tex/latex/amsmath/amsopn.sty
Package: amsopn 2016/03/08 v2.02 operator names
)
\inf@bad=\count297
LaTeX Info: Redefining \frac on input line 227.
\uproot@=\count298
\leftroot@=\count299
LaTeX Info: Redefining \overline on input line 389.
\classnum@=\count300
\DOTSCASE@=\count301
LaTeX Info: Redefining \ldots on input line 486.
LaTeX Info: Redefining \dots on input line 489.
LaTeX Info: Redefining \cdots on input line 610.
\Mathstrutbox@=\box71
\strutbox@=\box72
\big@size=\dimen268
LaTeX Font Info:    Redeclaring font encoding OML on input line 733.
LaTeX Font Info:    Redeclaring font encoding OMS on input line 734.
\macc@depth=\count302
\c@MaxMatrixCols=\count303
\dotsspace@=\muskip17
\c@parentequation=\count304
\dspbrk@lvl=\count305
\tag@help=\toks34
\row@=\count306
\column@=\count307
\maxfields@=\count308
\andhelp@=\toks35
\eqnshift@=\dimen269
\alignsep@=\dimen270
\tagshift@=\dimen271
\tagwidth@=\dimen272
\totwidth@=\dimen273
\lineht@=\dimen274
\@envbody=\toks36
\multlinegap=\skip58
\multlinetaggap=\skip59
\mathdisplay@stack=\toks37
LaTeX Info: Redefining \[ on input line 2859.
LaTeX Info: Redefining \] on input line 2860.
)
(d:/APP/texlive/2020/texmf-dist/tex/latex/amscls/amsthm.sty
Package: amsthm 2017/10/31 v2.20.4
\thm@style=\toks38
\thm@bodyfont=\toks39
\thm@headfont=\toks40
\thm@notefont=\toks41
\thm@headpunct=\toks42
\thm@preskip=\skip60
\thm@postskip=\skip61
\thm@headsep=\skip62
\dth@everypar=\toks43
))
(d:/APP/texlive/2020/texmf-dist/tex/latex/beamer/beamerbasethemes.sty))
(d:/APP/texlive/2020/texmf-dist/tex/latex/beamer/beamerthemedefault.sty
(d:/APP/texlive/2020/texmf-dist/tex/latex/beamer/beamerfontthemedefault.sty)
(d:/APP/texlive/2020/texmf-dist/tex/latex/beamer/beamercolorthemedefault.sty)
(d:/APP/texlive/2020/texmf-dist/tex/latex/beamer/beamerinnerthemedefault.sty
\beamer@dima=\dimen275
\beamer@dimb=\dimen276
)
(d:/APP/texlive/2020/texmf-dist/tex/latex/beamer/beamerouterthemedefault.sty)))
(d:/APP/texlive/2020/texmf-dist/tex/latex/beamer/beamerprosper.sty
\beamerprosper@notebox=\box73
\beamerprosper@leftwidth=\dimen277
\beamerprosper@rightwidth=\dimen278
)
(d:/APP/texlive/2020/texmf-dist/tex/latex/vntex/vietnam.sty
Package: vietnam 2009/07/12 v1.3 support for Vietnamese

(d:/APP/texlive/2020/texmf-dist/tex/latex/base/ifthen.sty
Package: ifthen 2014/09/29 v1.1c Standard LaTeX ifthen package (DPC)
)
(d:/APP/texlive/2020/texmf-dist/tex/latex/base/fontenc.sty
Package: fontenc 2020/02/11 v2.0o Standard LaTeX package

(d:/APP/texlive/2020/texmf-dist/tex/latex/vntex/t5enc.def
File: t5enc.def 2006/11/21 v1.4 Vietnamese T5 encoding
Now handling font encoding T5 ...
... processing UTF-8 mapping file for font encoding T5

(d:/APP/texlive/2020/texmf-dist/tex/latex/vntex/t5enc.dfu
File: t5enc.dfu 2006/08/19 v1.1 UTF8 support for Vietnamese
   defining Unicode char U+00AB (decimal 171)
   defining Unicode char U+00BB (decimal 187)
   defining Unicode char U+00C0 (decimal 192)
   defining Unicode char U+00C1 (decimal 193)
   defining Unicode char U+00C2 (decimal 194)
   defining Unicode char U+00C3 (decimal 195)
   defining Unicode char U+00C8 (decimal 200)
   defining Unicode char U+00C9 (decimal 201)
   defining Unicode char U+00CA (decimal 202)
   defining Unicode char U+00CC (decimal 204)
   defining Unicode char U+00CD (decimal 205)
   defining Unicode char U+00D2 (decimal 210)
   defining Unicode char U+00D3 (decimal 211)
   defining Unicode char U+00D4 (decimal 212)
   defining Unicode char U+00D5 (decimal 213)
   defining Unicode char U+00D9 (decimal 217)
   defining Unicode char U+00DA (decimal 218)
   defining Unicode char U+00DD (decimal 221)
   defining Unicode char U+00E0 (decimal 224)
   defining Unicode char U+00E1 (decimal 225)
   defining Unicode char U+00E2 (decimal 226)
   defining Unicode char U+00E3 (decimal 227)
   defining Unicode char U+00E8 (decimal 232)
   defining Unicode char U+00E9 (decimal 233)
   defining Unicode char U+00EA (decimal 234)
   defining Unicode char U+00EC (decimal 236)
   defining Unicode char U+00ED (decimal 237)
   defining Unicode char U+00F2 (decimal 242)
   defining Unicode char U+00F3 (decimal 243)
   defining Unicode char U+00F4 (decimal 244)
   defining Unicode char U+00F5 (decimal 245)
   defining Unicode char U+00F9 (decimal 249)
   defining Unicode char U+00FA (decimal 250)
   defining Unicode char U+00FD (decimal 253)
   defining Unicode char U+0102 (decimal 258)
   defining Unicode char U+0103 (decimal 259)
   defining Unicode char U+0110 (decimal 272)
   defining Unicode char U+0111 (decimal 273)
   defining Unicode char U+0128 (decimal 296)
   defining Unicode char U+0129 (decimal 297)
   defining Unicode char U+0131 (decimal 305)
   defining Unicode char U+0168 (decimal 360)
   defining Unicode char U+0169 (decimal 361)
   defining Unicode char U+01A0 (decimal 416)
   defining Unicode char U+01A1 (decimal 417)
   defining Unicode char U+01AF (decimal 431)
   defining Unicode char U+01B0 (decimal 432)
   defining Unicode char U+1EA0 (decimal 7840)
   defining Unicode char U+1EA1 (decimal 7841)
   defining Unicode char U+1EA2 (decimal 7842)
   defining Unicode char U+1EA3 (decimal 7843)
   defining Unicode char U+1EA4 (decimal 7844)
   defining Unicode char U+1EA5 (decimal 7845)
   defining Unicode char U+1EA6 (decimal 7846)
   defining Unicode char U+1EA7 (decimal 7847)
   defining Unicode char U+1EA8 (decimal 7848)
   defining Unicode char U+1EA9 (decimal 7849)
   defining Unicode char U+1EAA (decimal 7850)
   defining Unicode char U+1EAB (decimal 7851)
   defining Unicode char U+1EAC (decimal 7852)
   defining Unicode char U+1EAD (decimal 7853)
   defining Unicode char U+1EAE (decimal 7854)
   defining Unicode char U+1EAF (decimal 7855)
   defining Unicode char U+1EB0 (decimal 7856)
   defining Unicode char U+1EB1 (decimal 7857)
   defining Unicode char U+1EB2 (decimal 7858)
   defining Unicode char U+1EB3 (decimal 7859)
   defining Unicode char U+1EB4 (decimal 7860)
   defining Unicode char U+1EB5 (decimal 7861)
   defining Unicode char U+1EB6 (decimal 7862)
   defining Unicode char U+1EB7 (decimal 7863)
   defining Unicode char U+1EB8 (decimal 7864)
   defining Unicode char U+1EB9 (decimal 7865)
   defining Unicode char U+1EBA (decimal 7866)
   defining Unicode char U+1EBB (decimal 7867)
   defining Unicode char U+1EBC (decimal 7868)
   defining Unicode char U+1EBD (decimal 7869)
   defining Unicode char U+1EBE (decimal 7870)
   defining Unicode char U+1EBF (decimal 7871)
   defining Unicode char U+1EC0 (decimal 7872)
   defining Unicode char U+1EC1 (decimal 7873)
   defining Unicode char U+1EC2 (decimal 7874)
   defining Unicode char U+1EC3 (decimal 7875)
   defining Unicode char U+1EC4 (decimal 7876)
   defining Unicode char U+1EC5 (decimal 7877)
   defining Unicode char U+1EC6 (decimal 7878)
   defining Unicode char U+1EC7 (decimal 7879)
   defining Unicode char U+1EC8 (decimal 7880)
   defining Unicode char U+1EC9 (decimal 7881)
   defining Unicode char U+1ECA (decimal 7882)
   defining Unicode char U+1ECB (decimal 7883)
   defining Unicode char U+1ECC (decimal 7884)
   defining Unicode char U+1ECD (decimal 7885)
   defining Unicode char U+1ECE (decimal 7886)
   defining Unicode char U+1ECF (decimal 7887)
   defining Unicode char U+1ED0 (decimal 7888)
   defining Unicode char U+1ED1 (decimal 7889)
   defining Unicode char U+1ED2 (decimal 7890)
   defining Unicode char U+1ED3 (decimal 7891)
   defining Unicode char U+1ED4 (decimal 7892)
   defining Unicode char U+1ED5 (decimal 7893)
   defining Unicode char U+1ED6 (decimal 7894)
   defining Unicode char U+1ED7 (decimal 7895)
   defining Unicode char U+1ED8 (decimal 7896)
   defining Unicode char U+1ED9 (decimal 7897)
   defining Unicode char U+1EDA (decimal 7898)
   defining Unicode char U+1EDB (decimal 7899)
   defining Unicode char U+1EDC (decimal 7900)
   defining Unicode char U+1EDD (decimal 7901)
   defining Unicode char U+1EDE (decimal 7902)
   defining Unicode char U+1EDF (decimal 7903)
   defining Unicode char U+1EE0 (decimal 7904)
   defining Unicode char U+1EE1 (decimal 7905)
   defining Unicode char U+1EE2 (decimal 7906)
   defining Unicode char U+1EE3 (decimal 7907)
   defining Unicode char U+1EE4 (decimal 7908)
   defining Unicode char U+1EE5 (decimal 7909)
   defining Unicode char U+1EE6 (decimal 7910)
   defining Unicode char U+1EE7 (decimal 7911)
   defining Unicode char U+1EE8 (decimal 7912)
   defining Unicode char U+1EE9 (decimal 7913)
   defining Unicode char U+1EEA (decimal 7914)
   defining Unicode char U+1EEB (decimal 7915)
   defining Unicode char U+1EEC (decimal 7916)
   defining Unicode char U+1EED (decimal 7917)
   defining Unicode char U+1EEE (decimal 7918)
   defining Unicode char U+1EEF (decimal 7919)
   defining Unicode char U+1EF0 (decimal 7920)
   defining Unicode char U+1EF1 (decimal 7921)
   defining Unicode char U+1EF2 (decimal 7922)
   defining Unicode char U+1EF3 (decimal 7923)
   defining Unicode char U+1EF4 (decimal 7924)
   defining Unicode char U+1EF5 (decimal 7925)
   defining Unicode char U+1EF6 (decimal 7926)
   defining Unicode char U+1EF7 (decimal 7927)
   defining Unicode char U+1EF8 (decimal 7928)
   defining Unicode char U+1EF9 (decimal 7929)
   defining Unicode char U+200C (decimal 8204)
   defining Unicode char U+2013 (decimal 8211)
   defining Unicode char U+2014 (decimal 8212)
   defining Unicode char U+2018 (decimal 8216)
   defining Unicode char U+2019 (decimal 8217)
   defining Unicode char U+201A (decimal 8218)
   defining Unicode char U+201C (decimal 8220)
   defining Unicode char U+201D (decimal 8221)
   defining Unicode char U+201E (decimal 8222)
   defining Unicode char U+2030 (decimal 8240)
   defining Unicode char U+2031 (decimal 8241)
   defining Unicode char U+2039 (decimal 8249)
   defining Unicode char U+203A (decimal 8250)
   defining Unicode char U+2423 (decimal 9251)
))
LaTeX Font Info:    Trying to load font information for T5+cmss on input line 1
12.

(d:/APP/texlive/2020/texmf-dist/tex/latex/vntex/t5cmss.fd
File: t5cmss.fd 1999/05/25 v2.5h Standard LaTeX font definitions
))
(d:/APP/texlive/2020/texmf-dist/tex/latex/base/inputenc.sty
Package: inputenc 2018/08/11 v1.3c Input encoding file
\inpenc@prehook=\toks44
\inpenc@posthook=\toks45
)
(d:/APP/texlive/2020/texmf-dist/tex/latex/vntex/vncaps.tex
File: vncaps.tex 2006/06/07 v1.1 Captions in Vietnamese
))
(d:/APP/texlive/2020/texmf-dist/tex/generic/babel/babel.sty
Package: babel 2020/03/22 3.42 The Babel package

(d:/APP/texlive/2020/texmf-dist/tex/generic/babel/switch.def
File: switch.def 2020/03/22 3.42 Babel switching mechanism
)
(d:/APP/texlive/2020/texmf-dist/tex/generic/babel-english/english.ldf
Language: english 2017/06/06 v3.3r English support from the babel system

(d:/APP/texlive/2020/texmf-dist/tex/generic/babel/babel.def
File: babel.def 2020/03/22 3.42 Babel common definitions
\babel@savecnt=\count309
\U@D=\dimen279

(d:/APP/texlive/2020/texmf-dist/tex/generic/babel/txtbabel.def)
\bbl@readstream=\read3
LaTeX Info: Redefining \textlatin on input line 2435.
\bbl@dirlevel=\count310
)))
(d:/APP/texlive/2020/texmf-dist/tex/generic/ulem/ulem.sty
\UL@box=\box74
\UL@hyphenbox=\box75
\UL@skip=\skip63
\UL@hook=\toks46
\UL@height=\dimen280
\UL@pe=\count311
\UL@pixel=\dimen281
\ULC@box=\box76
Package: ulem 2019/11/18
\ULdepth=\dimen282
)
(d:/APP/texlive/2020/texmf-dist/tex/latex/psnfss/pifont.sty
Package: pifont 2005/04/12 PSNFSS-v9.2a Pi font support (SPQR) 
LaTeX Font Info:    Trying to load font information for U+pzd on input line 63.


(d:/APP/texlive/2020/texmf-dist/tex/latex/psnfss/upzd.fd
File: upzd.fd 2001/06/04 font definitions for U/pzd.
)
LaTeX Font Info:    Trying to load font information for U+psy on input line 64.


(d:/APP/texlive/2020/texmf-dist/tex/latex/psnfss/upsy.fd
File: upsy.fd 2001/06/04 font definitions for U/psy.
))
(d:/APP/texlive/2020/texmf-dist/tex/latex/amsfonts/eucal.sty
Package: eucal 2009/06/22 v3.00 Euler Script fonts
LaTeX Font Info:    Overwriting math alphabet `\EuScript' in version `bold'
(Font)                  U/eus/m/n --> U/eus/b/n on input line 33.
)
(d:/APP/texlive/2020/texmf-dist/tex/latex/amsmath/amsxtra.sty
Package: amsxtra 1999/11/15 v1.2c AMS extra commands
LaTeX Info: Redefining \nobreakspace on input line 54.
)
(d:/APP/texlive/2020/texmf-dist/tex/latex/base/latexsym.sty
Package: latexsym 1998/08/17 v2.2e Standard LaTeX package (lasy symbols)
\symlasy=\mathgroup6
LaTeX Font Info:    Overwriting symbol font `lasy' in version `bold'
(Font)                  U/lasy/m/n --> U/lasy/b/n on input line 52.
)
(d:/APP/texlive/2020/texmf-dist/tex/latex/amsmath/amscd.sty
Package: amscd 2017/04/14 v2.1 AMS Commutative Diagrams
\athelp@=\toks47
\minaw@=\dimen283
\bigaw@=\dimen284
\minCDarrowwidth=\dimen285
)
(d:/APP/texlive/2020/texmf-dist/tex/latex/base/graphpap.sty
Package: graphpap 1994/08/09 v1.0c Standard LaTeX graphpap package (LL)
)
(d:/APP/texlive/2020/texmf-dist/tex/latex/tools/indentfirst.sty
Package: indentfirst 1995/11/23 v1.03 Indent first paragraph (DPC)
)
(d:/APP/texlive/2020/texmf-dist/tex/latex/graphics/rotating.sty
Package: rotating 2016/08/11 v2.16d rotated objects in LaTeX
\c@r@tfl@t=\count312
\rotFPtop=\skip64
\rotFPbot=\skip65
\rot@float@box=\box77
\rot@mess@toks=\toks48
)
(d:/APP/texlive/2020/texmf-dist/tex/latex/graphics/epsfig.sty
Package: epsfig 2017/06/25 v1.7b (e)psfig emulation (SPQR)
\epsfxsize=\dimen286
\epsfysize=\dimen287
)
(d:/APP/texlive/2020/texmf-dist/tex/latex/natbib/natbib.sty
Package: natbib 2010/09/13 8.31b (PWD, AO)
\bibhang=\skip66
\bibsep=\skip67
LaTeX Info: Redefining \cite on input line 694.
\c@NAT@ctr=\count313
)
(d:/APP/texlive/2020/texmf-dist/tex/latex/pdfpages/pdfpages.sty
Package: pdfpages 2020/01/28 v0.5q Insert pages of external PDF documents (AM)

(d:/APP/texlive/2020/texmf-dist/tex/latex/tools/calc.sty
Package: calc 2017/05/25 v4.3 Infix arithmetic (KKT,FJ)
\calc@Acount=\count314
\calc@Bcount=\count315
\calc@Adimen=\dimen288
\calc@Bdimen=\dimen289
\calc@Askip=\skip68
\calc@Bskip=\skip69
LaTeX Info: Redefining \setlength on input line 80.
LaTeX Info: Redefining \addtolength on input line 81.
\calc@Ccount=\count316
\calc@Cskip=\skip70
)
(d:/APP/texlive/2020/texmf-dist/tex/latex/eso-pic/eso-pic.sty
Package: eso-pic 2018/04/12 v2.0h eso-pic (RN)
)
\AM@pagewidth=\dimen290
\AM@pageheight=\dimen291

(d:/APP/texlive/2020/texmf-dist/tex/latex/pdfpages/pppdftex.def
File: pppdftex.def 2020/01/28 v0.5q Pdfpages driver for pdfTeX (AM)
)
\AM@pagebox=\box78
\AM@global@opts=\toks49
\AM@pagecnt=\count317
\AM@toc@title=\toks50
\c@AM@survey=\count318
\AM@templatesizebox=\box79
)
(d:/APP/texlive/2020/texmf-dist/tex/latex/tools/multicol.sty
Package: multicol 2019/12/09 v1.8y multicolumn formatting (FMi)
\c@tracingmulticols=\count319
\mult@box=\box80
\multicol@leftmargin=\dimen292
\c@unbalance=\count320
\c@collectmore=\count321
\doublecol@number=\count322
\multicoltolerance=\count323
\multicolpretolerance=\count324
\full@width=\dimen293
\page@free=\dimen294
\premulticols=\dimen295
\postmulticols=\dimen296
\multicolsep=\skip71
\multicolbaselineskip=\skip72
\partial@page=\box81
\last@line=\box82
\maxbalancingoverflow=\dimen297
\mult@rightbox=\box83
\mult@grightbox=\box84
\mult@gfirstbox=\box85
\mult@firstbox=\box86
\@tempa=\box87
\@tempa=\box88
\@tempa=\box89
\@tempa=\box90
\@tempa=\box91
\@tempa=\box92
\@tempa=\box93
\@tempa=\box94
\@tempa=\box95
\@tempa=\box96
\@tempa=\box97
\@tempa=\box98
\@tempa=\box99
\@tempa=\box100
\@tempa=\box101
\@tempa=\box102
\@tempa=\box103
\@tempa=\box104
\@tempa=\box105
\@tempa=\box106
\@tempa=\box107
\@tempa=\box108
\@tempa=\box109
\@tempa=\box110
\@tempa=\box111
\@tempa=\box112
\@tempa=\box113
\@tempa=\box114
\@tempa=\box115
\@tempa=\box116
\@tempa=\box117
\@tempa=\box118
\@tempa=\box119
\@tempa=\box120
\@tempa=\box121
\@tempa=\box122
\@tempa=\box123
\c@minrows=\count325
\c@columnbadness=\count326
\c@finalcolumnbadness=\count327
\last@try=\dimen298
\multicolovershoot=\dimen299
\multicolundershoot=\dimen300
\mult@nat@firstbox=\box124
\colbreak@box=\box125
\mc@col@check@num=\count328
)
(d:/APP/texlive/2020/texmf-dist/tex/latex/subfigure/subfigure.sty
Package: subfigure 2002/03/15 v2.1.5 subfigure package
\subfigtopskip=\skip73
\subfigcapskip=\skip74
\subfigcaptopadj=\dimen301
\subfigbottomskip=\skip75
\subfigcapmargin=\dimen302
\subfiglabelskip=\skip76
\c@subfigure=\count329
\c@lofdepth=\count330
\c@subtable=\count331
\c@lotdepth=\count332

****************************************
* Local config file subfigure.cfg used *
****************************************
(d:/APP/texlive/2020/texmf-dist/tex/latex/subfigure/subfigure.cfg)
\subfig@top=\skip77
\subfig@bottom=\skip78
)
(d:/APP/texlive/2020/texmf-dist/tex/latex/beamer/multimedia.sty
Package: multimedia 2012/05/02 ver 0.02
\mm@movie=\count333
)
(d:/APP/texlive/2020/texmf-dist/tex/latex/boxedminipage/boxedminipage.sty)
(d:/APP/texlive/2020/texmf-dist/tex/latex/pgf/frontendlayer/tikz.sty
(d:/APP/texlive/2020/texmf-dist/tex/latex/pgf/basiclayer/pgf.sty
Package: pgf 2020/01/08 v3.1.5b (3.1.5b)

(d:/APP/texlive/2020/texmf-dist/tex/generic/pgf/modules/pgfmoduleshapes.code.te
x
File: pgfmoduleshapes.code.tex 2020/01/08 v3.1.5b (3.1.5b)
\pgfnodeparttextbox=\box126
)
(d:/APP/texlive/2020/texmf-dist/tex/generic/pgf/modules/pgfmoduleplot.code.tex
File: pgfmoduleplot.code.tex 2020/01/08 v3.1.5b (3.1.5b)
)
(d:/APP/texlive/2020/texmf-dist/tex/latex/pgf/compatibility/pgfcomp-version-0-6
5.sty
Package: pgfcomp-version-0-65 2020/01/08 v3.1.5b (3.1.5b)
\pgf@nodesepstart=\dimen303
\pgf@nodesepend=\dimen304
)
(d:/APP/texlive/2020/texmf-dist/tex/latex/pgf/compatibility/pgfcomp-version-1-1
8.sty
Package: pgfcomp-version-1-18 2020/01/08 v3.1.5b (3.1.5b)
)) (d:/APP/texlive/2020/texmf-dist/tex/latex/pgf/utilities/pgffor.sty
(d:/APP/texlive/2020/texmf-dist/tex/latex/pgf/utilities/pgfkeys.sty
(d:/APP/texlive/2020/texmf-dist/tex/generic/pgf/utilities/pgfkeys.code.tex))
(d:/APP/texlive/2020/texmf-dist/tex/latex/pgf/math/pgfmath.sty
(d:/APP/texlive/2020/texmf-dist/tex/generic/pgf/math/pgfmath.code.tex))
(d:/APP/texlive/2020/texmf-dist/tex/generic/pgf/utilities/pgffor.code.tex
Package: pgffor 2020/01/08 v3.1.5b (3.1.5b)

(d:/APP/texlive/2020/texmf-dist/tex/generic/pgf/math/pgfmath.code.tex)
\pgffor@iter=\dimen305
\pgffor@skip=\dimen306
\pgffor@stack=\toks51
\pgffor@toks=\toks52
))
(d:/APP/texlive/2020/texmf-dist/tex/generic/pgf/frontendlayer/tikz/tikz.code.te
x
Package: tikz 2020/01/08 v3.1.5b (3.1.5b)

(d:/APP/texlive/2020/texmf-dist/tex/generic/pgf/libraries/pgflibraryplothandler
s.code.tex
File: pgflibraryplothandlers.code.tex 2020/01/08 v3.1.5b (3.1.5b)
\pgf@plot@mark@count=\count334
\pgfplotmarksize=\dimen307
)
\tikz@lastx=\dimen308
\tikz@lasty=\dimen309
\tikz@lastxsaved=\dimen310
\tikz@lastysaved=\dimen311
\tikz@lastmovetox=\dimen312
\tikz@lastmovetoy=\dimen313
\tikzleveldistance=\dimen314
\tikzsiblingdistance=\dimen315
\tikz@figbox=\box127
\tikz@figbox@bg=\box128
\tikz@tempbox=\box129
\tikz@tempbox@bg=\box130
\tikztreelevel=\count335
\tikznumberofchildren=\count336
\tikznumberofcurrentchild=\count337
\tikz@fig@count=\count338

(d:/APP/texlive/2020/texmf-dist/tex/generic/pgf/modules/pgfmodulematrix.code.te
x
File: pgfmodulematrix.code.tex 2020/01/08 v3.1.5b (3.1.5b)
\pgfmatrixcurrentrow=\count339
\pgfmatrixcurrentcolumn=\count340
\pgf@matrix@numberofcolumns=\count341
)
\tikz@expandcount=\count342

(d:/APP/texlive/2020/texmf-dist/tex/generic/pgf/frontendlayer/tikz/libraries/ti
kzlibrarytopaths.code.tex
File: tikzlibrarytopaths.code.tex 2020/01/08 v3.1.5b (3.1.5b)
)))
(d:/APP/texlive/2020/texmf-dist/tex/latex/units/nicefrac.sty
Package: nicefrac 1998/08/04 v0.9b Nice fractions
\L@UnitsRaiseDisplaystyle=\skip79
\L@UnitsRaiseTextstyle=\skip80
\L@UnitsRaiseScriptstyle=\skip81
)
(d:/APP/texlive/2020/texmf-dist/tex/latex/beamer/beamerthemeCopenhagen.sty
(d:/APP/texlive/2020/texmf-dist/tex/latex/beamer/beamerouterthemesplit.sty)
(d:/APP/texlive/2020/texmf-dist/tex/latex/beamer/beamerinnerthemerounded.sty)
(d:/APP/texlive/2020/texmf-dist/tex/latex/beamer/beamercolorthemewhale.sty)
(d:/APP/texlive/2020/texmf-dist/tex/latex/beamer/beamercolorthemeorchid.sty))
(d:/APP/texlive/2020/texmf-dist/tex/latex/beamer/beamercolorthemerose.sty)
(d:/APP/texlive/2020/texmf-dist/tex/latex/beamer/beamerfontthemestructurebold.s
ty)
(d:/APP/texlive/2020/texmf-dist/tex/latex/beamer/beamerfontthemeprofessionalfon
ts.sty) (d:/APP/texlive/2020/texmf-dist/tex/latex/tools/array.sty
Package: array 2019/08/31 v2.4l Tabular extension package (FMi)
\col@sep=\dimen316
\ar@mcellbox=\box131
\extrarowheight=\dimen317
\NC@list=\toks53
\extratabsurround=\skip82
\backup@length=\skip83
\ar@cellbox=\box132
)
\c@definition=\count343
\c@proposition=\count344
\c@theorem=\count345
\c@lemma=\count346
\c@corollary=\count347
\c@conjecture=\count348
\c@remark=\count349
\c@example=\count350
\c@problem=\count351
\c@exercise=\count352

(d:/APP/texlive/2020/texmf-dist/tex/latex/l3backend/l3backend-pdfmode.def
File: l3backend-pdfmode.def 2020-03-12 L3 backend support: PDF mode
\l__kernel_color_stack_int=\count353
\l__pdf_internal_box=\box133
)
(./Slide_TTSS.aux)
\openout1 = `Slide_TTSS.aux'.

LaTeX Font Info:    Checking defaults for OML/cmm/m/it on input line 124.
LaTeX Font Info:    ... okay on input line 124.
LaTeX Font Info:    Checking defaults for OMS/cmsy/m/n on input line 124.
LaTeX Font Info:    ... okay on input line 124.
LaTeX Font Info:    Checking defaults for OT1/cmr/m/n on input line 124.
LaTeX Font Info:    ... okay on input line 124.
LaTeX Font Info:    Checking defaults for T1/cmr/m/n on input line 124.
LaTeX Font Info:    ... okay on input line 124.
LaTeX Font Info:    Checking defaults for TS1/cmr/m/n on input line 124.
LaTeX Font Info:    ... okay on input line 124.
LaTeX Font Info:    Checking defaults for OMX/cmex/m/n on input line 124.
LaTeX Font Info:    ... okay on input line 124.
LaTeX Font Info:    Checking defaults for U/cmr/m/n on input line 124.
LaTeX Font Info:    ... okay on input line 124.
LaTeX Font Info:    Checking defaults for PD1/pdf/m/n on input line 124.
LaTeX Font Info:    ... okay on input line 124.
LaTeX Font Info:    Checking defaults for T5/cmr/m/n on input line 124.
LaTeX Font Info:    Trying to load font information for T5+cmr on input line 12
4.
 (d:/APP/texlive/2020/texmf-dist/tex/latex/vntex/t5cmr.fd
File: t5cmr.fd 1999/05/25 v2.5h Standard LaTeX font definitions
)
LaTeX Font Info:    ... okay on input line 124.

*geometry* driver: auto-detecting
*geometry* detected driver: pdftex
*geometry* verbose mode - [ preamble ] result:
* driver: pdftex
* paper: custom
* layout: <same size as paper>
* layoutoffset:(h,v)=(0.0pt,0.0pt)
* modes: includehead includefoot 
* h-part:(L,W,R)=(28.45274pt, 307.28987pt, 28.45274pt)
* v-part:(T,H,B)=(0.0pt, 273.14662pt, 0.0pt)
* \paperwidth=364.19536pt
* \paperheight=273.14662pt
* \textwidth=307.28987pt
* \textheight=244.6939pt
* \oddsidemargin=-43.81725pt
* \evensidemargin=-43.81725pt
* \topmargin=-72.26999pt
* \headheight=14.22636pt
* \headsep=0.0pt
* \topskip=11.0pt
* \footskip=14.22636pt
* \marginparwidth=4.0pt
* \marginparsep=10.0pt
* \columnsep=10.0pt
* \skip\footins=10.0pt plus 4.0pt minus 2.0pt
* \hoffset=0.0pt
* \voffset=0.0pt
* \mag=1000
* \@twocolumnfalse
* \@twosidefalse
* \@mparswitchfalse
* \@reversemarginfalse
* (1in=72.27pt=25.4mm, 1cm=28.453pt)

(d:/APP/texlive/2020/texmf-dist/tex/context/base/mkii/supp-pdf.mkii
[Loading MPS to PDF converter (version 2006.09.02).]
\scratchcounter=\count354
\scratchdimen=\dimen318
\scratchbox=\box134
\nofMPsegments=\count355
\nofMParguments=\count356
\everyMPshowfont=\toks54
\MPscratchCnt=\count357
\MPscratchDim=\dimen319
\MPnumerator=\count358
\makeMPintoPDFobject=\count359
\everyMPtoPDFconversion=\toks55
) (d:/APP/texlive/2020/texmf-dist/tex/latex/epstopdf-pkg/epstopdf-base.sty
Package: epstopdf-base 2020-01-24 v2.11 Base part for package epstopdf
Package epstopdf-base Info: Redefining graphics rule for `.eps' on input line 4
85.

(d:/APP/texlive/2020/texmf-dist/tex/latex/latexconfig/epstopdf-sys.cfg
File: epstopdf-sys.cfg 2010/07/13 v1.3 Configuration of (r)epstopdf for TeX Liv
e
))
ABD: EveryShipout initializing macros
\AtBeginShipoutBox=\box135
Package hyperref Info: Link coloring OFF on input line 124.

(d:/APP/texlive/2020/texmf-dist/tex/latex/hyperref/nameref.sty
Package: nameref 2019/09/16 v2.46 Cross-referencing by name of section

(d:/APP/texlive/2020/texmf-dist/tex/latex/refcount/refcount.sty
Package: refcount 2019/12/15 v3.6 Data extraction from label references (HO)
)
(d:/APP/texlive/2020/texmf-dist/tex/generic/gettitlestring/gettitlestring.sty
Package: gettitlestring 2019/12/15 v1.6 Cleanup title references (HO)
)
\c@section@level=\count360
)
LaTeX Info: Redefining \ref on input line 124.
LaTeX Info: Redefining \pageref on input line 124.
LaTeX Info: Redefining \nameref on input line 124.
(./Slide_TTSS.out) (./Slide_TTSS.out)
\@outlinefile=\write5
\openout5 = `Slide_TTSS.out'.


(d:/APP/texlive/2020/texmf-dist/tex/latex/translator/translator-basic-dictionar
y-English.dict
Dictionary: translator-basic-dictionary, Language: English 
)
(d:/APP/texlive/2020/texmf-dist/tex/latex/translator/translator-bibliography-di
ctionary-English.dict
Dictionary: translator-bibliography-dictionary, Language: English 
)
(d:/APP/texlive/2020/texmf-dist/tex/latex/translator/translator-environment-dic
tionary-English.dict
Dictionary: translator-environment-dictionary, Language: English 
)
(d:/APP/texlive/2020/texmf-dist/tex/latex/translator/translator-months-dictiona
ry-English.dict
Dictionary: translator-months-dictionary, Language: English 
)
(d:/APP/texlive/2020/texmf-dist/tex/latex/translator/translator-numbers-diction
ary-English.dict
Dictionary: translator-numbers-dictionary, Language: English 
)
(d:/APP/texlive/2020/texmf-dist/tex/latex/translator/translator-theorem-diction
ary-English.dict
Dictionary: translator-theorem-dictionary, Language: English 
)
(d:/APP/texlive/2020/texmf-dist/tex/latex/pdflscape/pdflscape.sty
Package: pdflscape 2019/12/05 v0.12 Display of landscape pages in PDF (HO)

(d:/APP/texlive/2020/texmf-dist/tex/latex/graphics/lscape.sty
Package: lscape 2000/10/22 v3.01 Landscape Pages (DPC)
)
Package pdflscape Info: Auto-detected driver: pdftex on input line 81.
)
(./Slide_TTSS.nav)
<logi_Hust.png, id=16, 184.69pt x 275.0275pt>
File: logi_Hust.png Graphic file (type png)
<use logi_Hust.png>
Package pdftex.def Info: logi_Hust.png  used on input line 142.
(pdftex.def)             Requested size: 170.7172pt x 273.17194pt.
<sami.png, id=17, 225.84375pt x 225.84375pt>
File: sami.png Graphic file (type png)
<use sami.png>
Package pdftex.def Info: sami.png  used on input line 142.
(pdftex.def)             Requested size: 28.45094pt x 28.45274pt.
 [1

{d:/APP/texlive/2020/texmf-var/fonts/map/pdftex/updmap/pdftex.map} <./logi_Hust
.png> <./sami.png>]
LaTeX Font Info:    Trying to load font information for U+msa on input line 158
.

(d:/APP/texlive/2020/texmf-dist/tex/latex/amsfonts/umsa.fd
File: umsa.fd 2013/01/14 v3.01 AMS symbols A
)
LaTeX Font Info:    Trying to load font information for U+msb on input line 158
.

(d:/APP/texlive/2020/texmf-dist/tex/latex/amsfonts/umsb.fd
File: umsb.fd 2013/01/14 v3.01 AMS symbols B
)
LaTeX Font Info:    Trying to load font information for U+lasy on input line 15
8.

(d:/APP/texlive/2020/texmf-dist/tex/latex/base/ulasy.fd
File: ulasy.fd 1998/08/17 v2.2e LaTeX symbol font definitions
)
File: logi_Hust.png Graphic file (type png)
<use logi_Hust.png>
Package pdftex.def Info: logi_Hust.png  used on input line 158.
(pdftex.def)             Requested size: 170.7172pt x 273.17194pt.
File: sami.png Graphic file (type png)
<use sami.png>
Package pdftex.def Info: sami.png  used on input line 158.
(pdftex.def)             Requested size: 28.45094pt x 28.45274pt.
 [2

]
File: logi_Hust.png Graphic file (type png)
<use logi_Hust.png>
Package pdftex.def Info: logi_Hust.png  used on input line 158.
(pdftex.def)             Requested size: 170.7172pt x 273.17194pt.
File: sami.png Graphic file (type png)
<use sami.png>
Package pdftex.def Info: sami.png  used on input line 158.
(pdftex.def)             Requested size: 28.45094pt x 28.45274pt.
 [3

]
File: logi_Hust.png Graphic file (type png)
<use logi_Hust.png>
Package pdftex.def Info: logi_Hust.png  used on input line 158.
(pdftex.def)             Requested size: 170.7172pt x 273.17194pt.
File: sami.png Graphic file (type png)
<use sami.png>
Package pdftex.def Info: sami.png  used on input line 158.
(pdftex.def)             Requested size: 28.45094pt x 28.45274pt.
 [4

]
File: logi_Hust.png Graphic file (type png)
<use logi_Hust.png>
Package pdftex.def Info: logi_Hust.png  used on input line 167.
(pdftex.def)             Requested size: 170.7172pt x 273.17194pt.
File: sami.png Graphic file (type png)
<use sami.png>
Package pdftex.def Info: sami.png  used on input line 167.
(pdftex.def)             Requested size: 28.45094pt x 28.45274pt.
 [5

]
File: logi_Hust.png Graphic file (type png)
<use logi_Hust.png>
Package pdftex.def Info: logi_Hust.png  used on input line 173.
(pdftex.def)             Requested size: 170.7172pt x 273.17194pt.
File: sami.png Graphic file (type png)
<use sami.png>
Package pdftex.def Info: sami.png  used on input line 173.
(pdftex.def)             Requested size: 28.45094pt x 28.45274pt.

[6

]

LaTeX Warning: The counter will not be printed.
             The label is: - on input line 187.

<Deep_1.PNG, id=64, 642.60075pt x 343.2825pt>
File: Deep_1.PNG Graphic file (type png)
<use Deep_1.PNG>
Package pdftex.def Info: Deep_1.PNG  used on input line 187.
(pdftex.def)             Requested size: 257.03574pt x 137.31056pt.
File: logi_Hust.png Graphic file (type png)
<use logi_Hust.png>
Package pdftex.def Info: logi_Hust.png  used on input line 187.
(pdftex.def)             Requested size: 170.7172pt x 273.17194pt.
File: sami.png Graphic file (type png)
<use sami.png>
Package pdftex.def Info: sami.png  used on input line 187.
(pdftex.def)             Requested size: 28.45094pt x 28.45274pt.
[7

 <./Deep_1.PNG>]

LaTeX Warning: The counter will not be printed.
             The label is: - on input line 187.

File: Deep_1.PNG Graphic file (type png)
<use Deep_1.PNG>
Package pdftex.def Info: Deep_1.PNG  used on input line 187.
(pdftex.def)             Requested size: 257.03574pt x 137.31056pt.
File: logi_Hust.png Graphic file (type png)
<use logi_Hust.png>
Package pdftex.def Info: logi_Hust.png  used on input line 187.
(pdftex.def)             Requested size: 170.7172pt x 273.17194pt.
File: sami.png Graphic file (type png)
<use sami.png>
Package pdftex.def Info: sami.png  used on input line 187.
(pdftex.def)             Requested size: 28.45094pt x 28.45274pt.
[8

]

LaTeX Warning: The counter will not be printed.
             The label is: - on input line 199.

<neuron.jpg, id=80, 803.0pt x 602.25pt>
File: neuron.jpg Graphic file (type jpg)
<use neuron.jpg>
Package pdftex.def Info: neuron.jpg  used on input line 199.
(pdftex.def)             Requested size: 240.90186pt x 180.67639pt.
File: logi_Hust.png Graphic file (type png)
<use logi_Hust.png>
Package pdftex.def Info: logi_Hust.png  used on input line 199.
(pdftex.def)             Requested size: 170.7172pt x 273.17194pt.
File: sami.png Graphic file (type png)
<use sami.png>
Package pdftex.def Info: sami.png  used on input line 199.
(pdftex.def)             Requested size: 28.45094pt x 28.45274pt.
[9

 <./neuron.jpg>]

LaTeX Warning: The counter will not be printed.
             The label is: - on input line 199.

File: neuron.jpg Graphic file (type jpg)
<use neuron.jpg>
Package pdftex.def Info: neuron.jpg  used on input line 199.
(pdftex.def)             Requested size: 240.90186pt x 180.67639pt.
File: logi_Hust.png Graphic file (type png)
<use logi_Hust.png>
Package pdftex.def Info: logi_Hust.png  used on input line 199.
(pdftex.def)             Requested size: 170.7172pt x 273.17194pt.
File: sami.png Graphic file (type png)
<use sami.png>
Package pdftex.def Info: sami.png  used on input line 199.
(pdftex.def)             Requested size: 28.45094pt x 28.45274pt.
[10

]
<ANN.png, id=93, 401.5pt x 289.08pt>
File: ANN.png Graphic file (type png)
<use ANN.png>
Package pdftex.def Info: ANN.png  used on input line 208.
(pdftex.def)             Requested size: 240.90184pt x 173.44933pt.
File: logi_Hust.png Graphic file (type png)
<use logi_Hust.png>
Package pdftex.def Info: logi_Hust.png  used on input line 208.
(pdftex.def)             Requested size: 170.7172pt x 273.17194pt.
File: sami.png Graphic file (type png)
<use sami.png>
Package pdftex.def Info: sami.png  used on input line 208.
(pdftex.def)             Requested size: 28.45094pt x 28.45274pt.
 [11

 <./ANN.png>]

LaTeX Warning: The counter will not be printed.
             The label is: - on input line 227.


LaTeX Warning: The counter will not be printed.
             The label is: + on input line 227.

File: logi_Hust.png Graphic file (type png)
<use logi_Hust.png>
Package pdftex.def Info: logi_Hust.png  used on input line 227.
(pdftex.def)             Requested size: 170.7172pt x 273.17194pt.
File: sami.png Graphic file (type png)
<use sami.png>
Package pdftex.def Info: sami.png  used on input line 227.
(pdftex.def)             Requested size: 28.45094pt x 28.45274pt.
[12

]

LaTeX Warning: The counter will not be printed.
             The label is: - on input line 227.


LaTeX Warning: The counter will not be printed.
             The label is: + on input line 227.

File: logi_Hust.png Graphic file (type png)
<use logi_Hust.png>
Package pdftex.def Info: logi_Hust.png  used on input line 227.
(pdftex.def)             Requested size: 170.7172pt x 273.17194pt.
File: sami.png Graphic file (type png)
<use sami.png>
Package pdftex.def Info: sami.png  used on input line 227.
(pdftex.def)             Requested size: 28.45094pt x 28.45274pt.
[13

]

LaTeX Warning: The counter will not be printed.
             The label is: - on input line 227.


LaTeX Warning: The counter will not be printed.
             The label is: + on input line 227.

File: logi_Hust.png Graphic file (type png)
<use logi_Hust.png>
Package pdftex.def Info: logi_Hust.png  used on input line 227.
(pdftex.def)             Requested size: 170.7172pt x 273.17194pt.
File: sami.png Graphic file (type png)
<use sami.png>
Package pdftex.def Info: sami.png  used on input line 227.
(pdftex.def)             Requested size: 28.45094pt x 28.45274pt.
[14

]

LaTeX Warning: The counter will not be printed.
             The label is: - on input line 227.


LaTeX Warning: The counter will not be printed.
             The label is: + on input line 227.

File: logi_Hust.png Graphic file (type png)
<use logi_Hust.png>
Package pdftex.def Info: logi_Hust.png  used on input line 227.
(pdftex.def)             Requested size: 170.7172pt x 273.17194pt.
File: sami.png Graphic file (type png)
<use sami.png>
Package pdftex.def Info: sami.png  used on input line 227.
(pdftex.def)             Requested size: 28.45094pt x 28.45274pt.
[15

]

LaTeX Warning: The counter will not be printed.
             The label is: - on input line 227.


LaTeX Warning: The counter will not be printed.
             The label is: + on input line 227.

File: logi_Hust.png Graphic file (type png)
<use logi_Hust.png>
Package pdftex.def Info: logi_Hust.png  used on input line 227.
(pdftex.def)             Requested size: 170.7172pt x 273.17194pt.
File: sami.png Graphic file (type png)
<use sami.png>
Package pdftex.def Info: sami.png  used on input line 227.
(pdftex.def)             Requested size: 28.45094pt x 28.45274pt.
[16

]

LaTeX Warning: The counter will not be printed.
             The label is: - on input line 227.


LaTeX Warning: The counter will not be printed.
             The label is: + on input line 227.

File: logi_Hust.png Graphic file (type png)
<use logi_Hust.png>
Package pdftex.def Info: logi_Hust.png  used on input line 227.
(pdftex.def)             Requested size: 170.7172pt x 273.17194pt.
File: sami.png Graphic file (type png)
<use sami.png>
Package pdftex.def Info: sami.png  used on input line 227.
(pdftex.def)             Requested size: 28.45094pt x 28.45274pt.
[17

]
<KTSS1.PNG, id=138, 733.5405pt x 587.19376pt>
File: KTSS1.PNG Graphic file (type png)
<use KTSS1.PNG>
Package pdftex.def Info: KTSS1.PNG  used on input line 234.
(pdftex.def)             Requested size: 256.74301pt x 205.52089pt.
File: logi_Hust.png Graphic file (type png)
<use logi_Hust.png>
Package pdftex.def Info: logi_Hust.png  used on input line 234.
(pdftex.def)             Requested size: 170.7172pt x 273.17194pt.
File: sami.png Graphic file (type png)
<use sami.png>
Package pdftex.def Info: sami.png  used on input line 234.
(pdftex.def)             Requested size: 28.45094pt x 28.45274pt.
 [18

 <./KTSS1.PNG>]

LaTeX Warning: The counter will not be printed.
             The label is: - on input line 244.

File: logi_Hust.png Graphic file (type png)
<use logi_Hust.png>
Package pdftex.def Info: logi_Hust.png  used on input line 244.
(pdftex.def)             Requested size: 170.7172pt x 273.17194pt.
File: sami.png Graphic file (type png)
<use sami.png>
Package pdftex.def Info: sami.png  used on input line 244.
(pdftex.def)             Requested size: 28.45094pt x 28.45274pt.
[19

]

LaTeX Warning: The counter will not be printed.
             The label is: - on input line 244.

File: logi_Hust.png Graphic file (type png)
<use logi_Hust.png>
Package pdftex.def Info: logi_Hust.png  used on input line 244.
(pdftex.def)             Requested size: 170.7172pt x 273.17194pt.
File: sami.png Graphic file (type png)
<use sami.png>
Package pdftex.def Info: sami.png  used on input line 244.
(pdftex.def)             Requested size: 28.45094pt x 28.45274pt.
[20

]

LaTeX Warning: The counter will not be printed.
             The label is: - on input line 254.

File: logi_Hust.png Graphic file (type png)
<use logi_Hust.png>
Package pdftex.def Info: logi_Hust.png  used on input line 254.
(pdftex.def)             Requested size: 170.7172pt x 273.17194pt.
File: sami.png Graphic file (type png)
<use sami.png>
Package pdftex.def Info: sami.png  used on input line 254.
(pdftex.def)             Requested size: 28.45094pt x 28.45274pt.
[21

]

LaTeX Warning: The counter will not be printed.
             The label is: - on input line 254.

File: logi_Hust.png Graphic file (type png)
<use logi_Hust.png>
Package pdftex.def Info: logi_Hust.png  used on input line 254.
(pdftex.def)             Requested size: 170.7172pt x 273.17194pt.
File: sami.png Graphic file (type png)
<use sami.png>
Package pdftex.def Info: sami.png  used on input line 254.
(pdftex.def)             Requested size: 28.45094pt x 28.45274pt.
[22

]
<multiNode.PNG, id=172, 646.21425pt x 390.86024pt>
File: multiNode.PNG Graphic file (type png)
<use multiNode.PNG>
Package pdftex.def Info: multiNode.PNG  used on input line 261.
(pdftex.def)             Requested size: 258.48111pt x 156.34132pt.
File: logi_Hust.png Graphic file (type png)
<use logi_Hust.png>
Package pdftex.def Info: logi_Hust.png  used on input line 261.
(pdftex.def)             Requested size: 170.7172pt x 273.17194pt.
File: sami.png Graphic file (type png)
<use sami.png>
Package pdftex.def Info: sami.png  used on input line 261.
(pdftex.def)             Requested size: 28.45094pt x 28.45274pt.
 [23

 <./multiNode.PNG>]
<multiNode2.PNG, id=180, 628.14674pt x 495.0495pt>
File: multiNode2.PNG Graphic file (type png)
<use multiNode2.PNG>
Package pdftex.def Info: multiNode2.PNG  used on input line 267.
(pdftex.def)             Requested size: 251.25424pt x 198.01628pt.
File: logi_Hust.png Graphic file (type png)
<use logi_Hust.png>
Package pdftex.def Info: logi_Hust.png  used on input line 267.
(pdftex.def)             Requested size: 170.7172pt x 273.17194pt.
File: sami.png Graphic file (type png)
<use sami.png>
Package pdftex.def Info: sami.png  used on input line 267.
(pdftex.def)             Requested size: 28.45094pt x 28.45274pt.
 [24

 <./multiNode2.PNG>]

LaTeX Warning: The counter will not be printed.
             The label is: - on input line 276.

File: logi_Hust.png Graphic file (type png)
<use logi_Hust.png>
Package pdftex.def Info: logi_Hust.png  used on input line 276.
(pdftex.def)             Requested size: 170.7172pt x 273.17194pt.
File: sami.png Graphic file (type png)
<use sami.png>
Package pdftex.def Info: sami.png  used on input line 276.
(pdftex.def)             Requested size: 28.45094pt x 28.45274pt.
[25

]
File: logi_Hust.png Graphic file (type png)
<use logi_Hust.png>
Package pdftex.def Info: logi_Hust.png  used on input line 282.
(pdftex.def)             Requested size: 170.7172pt x 273.17194pt.
File: sami.png Graphic file (type png)
<use sami.png>
Package pdftex.def Info: sami.png  used on input line 282.
(pdftex.def)             Requested size: 28.45094pt x 28.45274pt.
 [26

]
File: logi_Hust.png Graphic file (type png)
<use logi_Hust.png>
Package pdftex.def Info: logi_Hust.png  used on input line 287.
(pdftex.def)             Requested size: 170.7172pt x 273.17194pt.
File: sami.png Graphic file (type png)
<use sami.png>
Package pdftex.def Info: sami.png  used on input line 287.
(pdftex.def)             Requested size: 28.45094pt x 28.45274pt.
 [27

]
File: logi_Hust.png Graphic file (type png)
<use logi_Hust.png>
Package pdftex.def Info: logi_Hust.png  used on input line 287.
(pdftex.def)             Requested size: 170.7172pt x 273.17194pt.
File: sami.png Graphic file (type png)
<use sami.png>
Package pdftex.def Info: sami.png  used on input line 287.
(pdftex.def)             Requested size: 28.45094pt x 28.45274pt.
 [28

]
File: logi_Hust.png Graphic file (type png)
<use logi_Hust.png>
Package pdftex.def Info: logi_Hust.png  used on input line 298.
(pdftex.def)             Requested size: 170.7172pt x 273.17194pt.
File: sami.png Graphic file (type png)
<use sami.png>
Package pdftex.def Info: sami.png  used on input line 298.
(pdftex.def)             Requested size: 28.45094pt x 28.45274pt.
 [29

]
File: logi_Hust.png Graphic file (type png)
<use logi_Hust.png>
Package pdftex.def Info: logi_Hust.png  used on input line 298.
(pdftex.def)             Requested size: 170.7172pt x 273.17194pt.
File: sami.png Graphic file (type png)
<use sami.png>
Package pdftex.def Info: sami.png  used on input line 298.
(pdftex.def)             Requested size: 28.45094pt x 28.45274pt.
 [30

]
File: logi_Hust.png Graphic file (type png)
<use logi_Hust.png>
Package pdftex.def Info: logi_Hust.png  used on input line 298.
(pdftex.def)             Requested size: 170.7172pt x 273.17194pt.
File: sami.png Graphic file (type png)
<use sami.png>
Package pdftex.def Info: sami.png  used on input line 298.
(pdftex.def)             Requested size: 28.45094pt x 28.45274pt.
 [31

]
File: logi_Hust.png Graphic file (type png)
<use logi_Hust.png>
Package pdftex.def Info: logi_Hust.png  used on input line 298.
(pdftex.def)             Requested size: 170.7172pt x 273.17194pt.
File: sami.png Graphic file (type png)
<use sami.png>
Package pdftex.def Info: sami.png  used on input line 298.
(pdftex.def)             Requested size: 28.45094pt x 28.45274pt.
 [32

]
File: logi_Hust.png Graphic file (type png)
<use logi_Hust.png>
Package pdftex.def Info: logi_Hust.png  used on input line 298.
(pdftex.def)             Requested size: 170.7172pt x 273.17194pt.
File: sami.png Graphic file (type png)
<use sami.png>
Package pdftex.def Info: sami.png  used on input line 298.
(pdftex.def)             Requested size: 28.45094pt x 28.45274pt.
 [33

]
File: logi_Hust.png Graphic file (type png)
<use logi_Hust.png>
Package pdftex.def Info: logi_Hust.png  used on input line 298.
(pdftex.def)             Requested size: 170.7172pt x 273.17194pt.
File: sami.png Graphic file (type png)
<use sami.png>
Package pdftex.def Info: sami.png  used on input line 298.
(pdftex.def)             Requested size: 28.45094pt x 28.45274pt.
 [34

]
File: logi_Hust.png Graphic file (type png)
<use logi_Hust.png>
Package pdftex.def Info: logi_Hust.png  used on input line 308.
(pdftex.def)             Requested size: 170.7172pt x 273.17194pt.
File: sami.png Graphic file (type png)
<use sami.png>
Package pdftex.def Info: sami.png  used on input line 308.
(pdftex.def)             Requested size: 28.45094pt x 28.45274pt.
 [35

]
<parallel_1.PNG, id=256, 569.7285pt x 148.1535pt>
File: parallel_1.PNG Graphic file (type png)
<use parallel_1.PNG>
Package pdftex.def Info: parallel_1.PNG  used on input line 314.
(pdftex.def)             Requested size: 313.35164pt x 81.48466pt.

Overfull \hbox (6.06177pt too wide) in paragraph at lines 314--314
 [] 
 []

File: logi_Hust.png Graphic file (type png)
<use logi_Hust.png>
Package pdftex.def Info: logi_Hust.png  used on input line 314.
(pdftex.def)             Requested size: 170.7172pt x 273.17194pt.
File: sami.png Graphic file (type png)
<use sami.png>
Package pdftex.def Info: sami.png  used on input line 314.
(pdftex.def)             Requested size: 28.45094pt x 28.45274pt.
[36

 <./parallel_1.PNG>]
File: logi_Hust.png Graphic file (type png)
<use logi_Hust.png>
Package pdftex.def Info: logi_Hust.png  used on input line 322.
(pdftex.def)             Requested size: 170.7172pt x 273.17194pt.
File: sami.png Graphic file (type png)
<use sami.png>
Package pdftex.def Info: sami.png  used on input line 322.
(pdftex.def)             Requested size: 28.45094pt x 28.45274pt.
 [37

]
File: logi_Hust.png Graphic file (type png)
<use logi_Hust.png>
Package pdftex.def Info: logi_Hust.png  used on input line 322.
(pdftex.def)             Requested size: 170.7172pt x 273.17194pt.
File: sami.png Graphic file (type png)
<use sami.png>
Package pdftex.def Info: sami.png  used on input line 322.
(pdftex.def)             Requested size: 28.45094pt x 28.45274pt.
 [38

]
File: logi_Hust.png Graphic file (type png)
<use logi_Hust.png>
Package pdftex.def Info: logi_Hust.png  used on input line 331.
(pdftex.def)             Requested size: 170.7172pt x 273.17194pt.
File: sami.png Graphic file (type png)
<use sami.png>
Package pdftex.def Info: sami.png  used on input line 331.
(pdftex.def)             Requested size: 28.45094pt x 28.45274pt.
 [39

]
<Async.PNG, id=283, 572.1375pt x 319.79475pt>
File: Async.PNG Graphic file (type png)
<use Async.PNG>
Package pdftex.def Info: Async.PNG  used on input line 339.
(pdftex.def)             Requested size: 314.67659pt x 175.88765pt.

Overfull \hbox (7.38672pt too wide) in paragraph at lines 339--339
 [] 
 []

File: logi_Hust.png Graphic file (type png)
<use logi_Hust.png>
Package pdftex.def Info: logi_Hust.png  used on input line 339.
(pdftex.def)             Requested size: 170.7172pt x 273.17194pt.
File: sami.png Graphic file (type png)
<use sami.png>
Package pdftex.def Info: sami.png  used on input line 339.
(pdftex.def)             Requested size: 28.45094pt x 28.45274pt.
[40

 <./Async.PNG>]
<sync.PNG, id=292, 281.853pt x 308.352pt>
File: sync.PNG Graphic file (type png)
<use sync.PNG>
Package pdftex.def Info: sync.PNG  used on input line 348.
(pdftex.def)             Requested size: 155.01962pt x 169.59412pt.
File: logi_Hust.png Graphic file (type png)
<use logi_Hust.png>
Package pdftex.def Info: logi_Hust.png  used on input line 348.
(pdftex.def)             Requested size: 170.7172pt x 273.17194pt.
File: sami.png Graphic file (type png)
<use sami.png>
Package pdftex.def Info: sami.png  used on input line 348.
(pdftex.def)             Requested size: 28.45094pt x 28.45274pt.
 [41

 <./sync.PNG>]
File: logi_Hust.png Graphic file (type png)
<use logi_Hust.png>
Package pdftex.def Info: logi_Hust.png  used on input line 354.
(pdftex.def)             Requested size: 170.7172pt x 273.17194pt.
File: sami.png Graphic file (type png)
<use sami.png>
Package pdftex.def Info: sami.png  used on input line 354.
(pdftex.def)             Requested size: 28.45094pt x 28.45274pt.
 [42

]
File: logi_Hust.png Graphic file (type png)
<use logi_Hust.png>
Package pdftex.def Info: logi_Hust.png  used on input line 359.
(pdftex.def)             Requested size: 170.7172pt x 273.17194pt.
File: sami.png Graphic file (type png)
<use sami.png>
Package pdftex.def Info: sami.png  used on input line 359.
(pdftex.def)             Requested size: 28.45094pt x 28.45274pt.
 [43

]
File: logi_Hust.png Graphic file (type png)
<use logi_Hust.png>
Package pdftex.def Info: logi_Hust.png  used on input line 367.
(pdftex.def)             Requested size: 170.7172pt x 273.17194pt.
File: sami.png Graphic file (type png)
<use sami.png>
Package pdftex.def Info: sami.png  used on input line 367.
(pdftex.def)             Requested size: 28.45094pt x 28.45274pt.
 [44

]

LaTeX Warning: The counter will not be printed.
             The label is: - on input line 379.

File: logi_Hust.png Graphic file (type png)
<use logi_Hust.png>
Package pdftex.def Info: logi_Hust.png  used on input line 379.
(pdftex.def)             Requested size: 170.7172pt x 273.17194pt.
File: sami.png Graphic file (type png)
<use sami.png>
Package pdftex.def Info: sami.png  used on input line 379.
(pdftex.def)             Requested size: 28.45094pt x 28.45274pt.
[45

]

LaTeX Warning: The counter will not be printed.
             The label is: - on input line 379.

File: logi_Hust.png Graphic file (type png)
<use logi_Hust.png>
Package pdftex.def Info: logi_Hust.png  used on input line 379.
(pdftex.def)             Requested size: 170.7172pt x 273.17194pt.
File: sami.png Graphic file (type png)
<use sami.png>
Package pdftex.def Info: sami.png  used on input line 379.
(pdftex.def)             Requested size: 28.45094pt x 28.45274pt.
[46

]

LaTeX Warning: The counter will not be printed.
             The label is: - on input line 379.

File: logi_Hust.png Graphic file (type png)
<use logi_Hust.png>
Package pdftex.def Info: logi_Hust.png  used on input line 379.
(pdftex.def)             Requested size: 170.7172pt x 273.17194pt.
File: sami.png Graphic file (type png)
<use sami.png>
Package pdftex.def Info: sami.png  used on input line 379.
(pdftex.def)             Requested size: 28.45094pt x 28.45274pt.
[47

]

LaTeX Warning: The counter will not be printed.
             The label is: - on input line 379.

File: logi_Hust.png Graphic file (type png)
<use logi_Hust.png>
Package pdftex.def Info: logi_Hust.png  used on input line 379.
(pdftex.def)             Requested size: 170.7172pt x 273.17194pt.
File: sami.png Graphic file (type png)
<use sami.png>
Package pdftex.def Info: sami.png  used on input line 379.
(pdftex.def)             Requested size: 28.45094pt x 28.45274pt.
[48

]

LaTeX Warning: The counter will not be printed.
             The label is: - on input line 379.

File: logi_Hust.png Graphic file (type png)
<use logi_Hust.png>
Package pdftex.def Info: logi_Hust.png  used on input line 379.
(pdftex.def)             Requested size: 170.7172pt x 273.17194pt.
File: sami.png Graphic file (type png)
<use sami.png>
Package pdftex.def Info: sami.png  used on input line 379.
(pdftex.def)             Requested size: 28.45094pt x 28.45274pt.
[49

]

LaTeX Warning: The counter will not be printed.
             The label is: - on input line 379.

File: logi_Hust.png Graphic file (type png)
<use logi_Hust.png>
Package pdftex.def Info: logi_Hust.png  used on input line 379.
(pdftex.def)             Requested size: 170.7172pt x 273.17194pt.
File: sami.png Graphic file (type png)
<use sami.png>
Package pdftex.def Info: sami.png  used on input line 379.
(pdftex.def)             Requested size: 28.45094pt x 28.45274pt.
[50

]

LaTeX Warning: The counter will not be printed.
             The label is: - on input line 388.

File: logi_Hust.png Graphic file (type png)
<use logi_Hust.png>
Package pdftex.def Info: logi_Hust.png  used on input line 388.
(pdftex.def)             Requested size: 170.7172pt x 273.17194pt.
File: sami.png Graphic file (type png)
<use sami.png>
Package pdftex.def Info: sami.png  used on input line 388.
(pdftex.def)             Requested size: 28.45094pt x 28.45274pt.
[51

]

LaTeX Warning: The counter will not be printed.
             The label is: - on input line 388.

File: logi_Hust.png Graphic file (type png)
<use logi_Hust.png>
Package pdftex.def Info: logi_Hust.png  used on input line 388.
(pdftex.def)             Requested size: 170.7172pt x 273.17194pt.
File: sami.png Graphic file (type png)
<use sami.png>
Package pdftex.def Info: sami.png  used on input line 388.
(pdftex.def)             Requested size: 28.45094pt x 28.45274pt.
[52

]

LaTeX Warning: The counter will not be printed.
             The label is: - on input line 388.

File: logi_Hust.png Graphic file (type png)
<use logi_Hust.png>
Package pdftex.def Info: logi_Hust.png  used on input line 388.
(pdftex.def)             Requested size: 170.7172pt x 273.17194pt.
File: sami.png Graphic file (type png)
<use sami.png>
Package pdftex.def Info: sami.png  used on input line 388.
(pdftex.def)             Requested size: 28.45094pt x 28.45274pt.
[53

]
File: logi_Hust.png Graphic file (type png)
<use logi_Hust.png>
Package pdftex.def Info: logi_Hust.png  used on input line 397.
(pdftex.def)             Requested size: 170.7172pt x 273.17194pt.
File: sami.png Graphic file (type png)
<use sami.png>
Package pdftex.def Info: sami.png  used on input line 397.
(pdftex.def)             Requested size: 28.45094pt x 28.45274pt.
 [54

]
File: logi_Hust.png Graphic file (type png)
<use logi_Hust.png>
Package pdftex.def Info: logi_Hust.png  used on input line 403.
(pdftex.def)             Requested size: 170.7172pt x 273.17194pt.
File: sami.png Graphic file (type png)
<use sami.png>
Package pdftex.def Info: sami.png  used on input line 403.
(pdftex.def)             Requested size: 28.45094pt x 28.45274pt.
 [55

]

LaTeX Warning: The counter will not be printed.
             The label is: - on input line 425.


LaTeX Warning: The counter will not be printed.
             The label is: + on input line 425.


LaTeX Warning: The counter will not be printed.
             The label is: o on input line 425.


LaTeX Warning: The counter will not be printed.
             The label is: + on input line 425.

File: logi_Hust.png Graphic file (type png)
<use logi_Hust.png>
Package pdftex.def Info: logi_Hust.png  used on input line 425.
(pdftex.def)             Requested size: 170.7172pt x 273.17194pt.
File: sami.png Graphic file (type png)
<use sami.png>
Package pdftex.def Info: sami.png  used on input line 425.
(pdftex.def)             Requested size: 28.45094pt x 28.45274pt.
[56

]

LaTeX Warning: The counter will not be printed.
             The label is: - on input line 425.


LaTeX Warning: The counter will not be printed.
             The label is: + on input line 425.


LaTeX Warning: The counter will not be printed.
             The label is: o on input line 425.


LaTeX Warning: The counter will not be printed.
             The label is: + on input line 425.

File: logi_Hust.png Graphic file (type png)
<use logi_Hust.png>
Package pdftex.def Info: logi_Hust.png  used on input line 425.
(pdftex.def)             Requested size: 170.7172pt x 273.17194pt.
File: sami.png Graphic file (type png)
<use sami.png>
Package pdftex.def Info: sami.png  used on input line 425.
(pdftex.def)             Requested size: 28.45094pt x 28.45274pt.
[57

]

LaTeX Warning: The counter will not be printed.
             The label is: - on input line 425.


LaTeX Warning: The counter will not be printed.
             The label is: + on input line 425.


LaTeX Warning: The counter will not be printed.
             The label is: o on input line 425.


LaTeX Warning: The counter will not be printed.
             The label is: + on input line 425.

File: logi_Hust.png Graphic file (type png)
<use logi_Hust.png>
Package pdftex.def Info: logi_Hust.png  used on input line 425.
(pdftex.def)             Requested size: 170.7172pt x 273.17194pt.
File: sami.png Graphic file (type png)
<use sami.png>
Package pdftex.def Info: sami.png  used on input line 425.
(pdftex.def)             Requested size: 28.45094pt x 28.45274pt.
[58

]

LaTeX Warning: The counter will not be printed.
             The label is: - on input line 425.


LaTeX Warning: The counter will not be printed.
             The label is: + on input line 425.


LaTeX Warning: The counter will not be printed.
             The label is: o on input line 425.


LaTeX Warning: The counter will not be printed.
             The label is: + on input line 425.

File: logi_Hust.png Graphic file (type png)
<use logi_Hust.png>
Package pdftex.def Info: logi_Hust.png  used on input line 425.
(pdftex.def)             Requested size: 170.7172pt x 273.17194pt.
File: sami.png Graphic file (type png)
<use sami.png>
Package pdftex.def Info: sami.png  used on input line 425.
(pdftex.def)             Requested size: 28.45094pt x 28.45274pt.
[59

]

LaTeX Warning: The counter will not be printed.
             The label is: - on input line 425.


LaTeX Warning: The counter will not be printed.
             The label is: + on input line 425.


LaTeX Warning: The counter will not be printed.
             The label is: o on input line 425.


LaTeX Warning: The counter will not be printed.
             The label is: + on input line 425.

File: logi_Hust.png Graphic file (type png)
<use logi_Hust.png>
Package pdftex.def Info: logi_Hust.png  used on input line 425.
(pdftex.def)             Requested size: 170.7172pt x 273.17194pt.
File: sami.png Graphic file (type png)
<use sami.png>
Package pdftex.def Info: sami.png  used on input line 425.
(pdftex.def)             Requested size: 28.45094pt x 28.45274pt.
[60

]

LaTeX Warning: The counter will not be printed.
             The label is: - on input line 434.

File: logi_Hust.png Graphic file (type png)
<use logi_Hust.png>
Package pdftex.def Info: logi_Hust.png  used on input line 434.
(pdftex.def)             Requested size: 170.7172pt x 273.17194pt.
File: sami.png Graphic file (type png)
<use sami.png>
Package pdftex.def Info: sami.png  used on input line 434.
(pdftex.def)             Requested size: 28.45094pt x 28.45274pt.
[61

]

LaTeX Warning: The counter will not be printed.
             The label is: - on input line 434.

File: logi_Hust.png Graphic file (type png)
<use logi_Hust.png>
Package pdftex.def Info: logi_Hust.png  used on input line 434.
(pdftex.def)             Requested size: 170.7172pt x 273.17194pt.
File: sami.png Graphic file (type png)
<use sami.png>
Package pdftex.def Info: sami.png  used on input line 434.
(pdftex.def)             Requested size: 28.45094pt x 28.45274pt.
[62

]

LaTeX Warning: The counter will not be printed.
             The label is: - on input line 434.

File: logi_Hust.png Graphic file (type png)
<use logi_Hust.png>
Package pdftex.def Info: logi_Hust.png  used on input line 434.
(pdftex.def)             Requested size: 170.7172pt x 273.17194pt.
File: sami.png Graphic file (type png)
<use sami.png>
Package pdftex.def Info: sami.png  used on input line 434.
(pdftex.def)             Requested size: 28.45094pt x 28.45274pt.
[63

]
<GG_1.PNG, id=437, 601.0455pt x 473.97075pt>
File: GG_1.PNG Graphic file (type png)
<use GG_1.PNG>
Package pdftex.def Info: GG_1.PNG  used on input line 440.
(pdftex.def)             Requested size: 270.46797pt x 213.28487pt.
File: logi_Hust.png Graphic file (type png)
<use logi_Hust.png>
Package pdftex.def Info: logi_Hust.png  used on input line 440.
(pdftex.def)             Requested size: 170.7172pt x 273.17194pt.
File: sami.png Graphic file (type png)
<use sami.png>
Package pdftex.def Info: sami.png  used on input line 440.
(pdftex.def)             Requested size: 28.45094pt x 28.45274pt.
 [64

 <./GG_1.PNG>]
<GG_4.PNG, id=445, 531.1845pt x 437.2335pt>
File: GG_4.PNG Graphic file (type png)
<use GG_4.PNG>
Package pdftex.def Info: GG_4.PNG  used on input line 446.
(pdftex.def)             Requested size: 239.0308pt x 196.75325pt.
File: logi_Hust.png Graphic file (type png)
<use logi_Hust.png>
Package pdftex.def Info: logi_Hust.png  used on input line 446.
(pdftex.def)             Requested size: 170.7172pt x 273.17194pt.
File: sami.png Graphic file (type png)
<use sami.png>
Package pdftex.def Info: sami.png  used on input line 446.
(pdftex.def)             Requested size: 28.45094pt x 28.45274pt.
 [65

 <./GG_4.PNG>]
<GG_5.PNG, id=453, 531.78674pt x 434.22224pt>
File: GG_5.PNG Graphic file (type png)
<use GG_5.PNG>
Package pdftex.def Info: GG_5.PNG  used on input line 452.
(pdftex.def)             Requested size: 239.30182pt x 195.3982pt.
File: logi_Hust.png Graphic file (type png)
<use logi_Hust.png>
Package pdftex.def Info: logi_Hust.png  used on input line 452.
(pdftex.def)             Requested size: 170.7172pt x 273.17194pt.
File: sami.png Graphic file (type png)
<use sami.png>
Package pdftex.def Info: sami.png  used on input line 452.
(pdftex.def)             Requested size: 28.45094pt x 28.45274pt.
 [66

 <./GG_5.PNG>]

LaTeX Warning: The counter will not be printed.
             The label is: - on input line 468.


Overfull \hbox (3.83179pt too wide) in paragraph at lines 468--468
[][]  
 []

File: logi_Hust.png Graphic file (type png)
<use logi_Hust.png>
Package pdftex.def Info: logi_Hust.png  used on input line 468.
(pdftex.def)             Requested size: 170.7172pt x 273.17194pt.
File: sami.png Graphic file (type png)
<use sami.png>
Package pdftex.def Info: sami.png  used on input line 468.
(pdftex.def)             Requested size: 28.45094pt x 28.45274pt.
[67

]

LaTeX Warning: The counter will not be printed.
             The label is: - on input line 468.


Overfull \hbox (3.83179pt too wide) in paragraph at lines 468--468
[][]  
 []

File: logi_Hust.png Graphic file (type png)
<use logi_Hust.png>
Package pdftex.def Info: logi_Hust.png  used on input line 468.
(pdftex.def)             Requested size: 170.7172pt x 273.17194pt.
File: sami.png Graphic file (type png)
<use sami.png>
Package pdftex.def Info: sami.png  used on input line 468.
(pdftex.def)             Requested size: 28.45094pt x 28.45274pt.
[68

]

LaTeX Warning: The counter will not be printed.
             The label is: - on input line 468.


Overfull \hbox (3.83179pt too wide) in paragraph at lines 468--468
[][]  
 []

File: logi_Hust.png Graphic file (type png)
<use logi_Hust.png>
Package pdftex.def Info: logi_Hust.png  used on input line 468.
(pdftex.def)             Requested size: 170.7172pt x 273.17194pt.
File: sami.png Graphic file (type png)
<use sami.png>
Package pdftex.def Info: sami.png  used on input line 468.
(pdftex.def)             Requested size: 28.45094pt x 28.45274pt.
[69

]

LaTeX Warning: The counter will not be printed.
             The label is: - on input line 475.

File: logi_Hust.png Graphic file (type png)
<use logi_Hust.png>
Package pdftex.def Info: logi_Hust.png  used on input line 475.
(pdftex.def)             Requested size: 170.7172pt x 273.17194pt.
File: sami.png Graphic file (type png)
<use sami.png>
Package pdftex.def Info: sami.png  used on input line 475.
(pdftex.def)             Requested size: 28.45094pt x 28.45274pt.
[70

]
<MIT_1.PNG, id=486, 704.03024pt x 349.305pt>
File: MIT_1.PNG Graphic file (type png)
<use MIT_1.PNG>
Package pdftex.def Info: MIT_1.PNG  used on input line 481.
(pdftex.def)             Requested size: 295.69067pt x 146.70709pt.
File: logi_Hust.png Graphic file (type png)
<use logi_Hust.png>
Package pdftex.def Info: logi_Hust.png  used on input line 481.
(pdftex.def)             Requested size: 170.7172pt x 273.17194pt.
File: sami.png Graphic file (type png)
<use sami.png>
Package pdftex.def Info: sami.png  used on input line 481.
(pdftex.def)             Requested size: 28.45094pt x 28.45274pt.
 [71

 <./MIT_1.PNG>]
<MIT_2.PNG, id=494, 666.69075pt x 367.97475pt>
File: MIT_2.PNG Graphic file (type png)
<use MIT_2.PNG>
Package pdftex.def Info: MIT_2.PNG  used on input line 487.
(pdftex.def)             Requested size: 280.0082pt x 154.54834pt.
File: logi_Hust.png Graphic file (type png)
<use logi_Hust.png>
Package pdftex.def Info: logi_Hust.png  used on input line 487.
(pdftex.def)             Requested size: 170.7172pt x 273.17194pt.
File: sami.png Graphic file (type png)
<use sami.png>
Package pdftex.def Info: sami.png  used on input line 487.
(pdftex.def)             Requested size: 28.45094pt x 28.45274pt.
 [72

 <./MIT_2.PNG>]
<MIT_4.PNG, id=502, 718.48425pt x 297.5115pt>
File: MIT_4.PNG Graphic file (type png)
<use MIT_4.PNG>
Package pdftex.def Info: MIT_4.PNG  used on input line 494.
(pdftex.def)             Requested size: 301.76132pt x 124.95398pt.
File: logi_Hust.png Graphic file (type png)
<use logi_Hust.png>
Package pdftex.def Info: logi_Hust.png  used on input line 494.
(pdftex.def)             Requested size: 170.7172pt x 273.17194pt.
File: sami.png Graphic file (type png)
<use sami.png>
Package pdftex.def Info: sami.png  used on input line 494.
(pdftex.def)             Requested size: 28.45094pt x 28.45274pt.
 [73

 <./MIT_4.PNG>]

LaTeX Warning: The counter will not be printed.
             The label is: - on input line 502.

File: logi_Hust.png Graphic file (type png)
<use logi_Hust.png>
Package pdftex.def Info: logi_Hust.png  used on input line 502.
(pdftex.def)             Requested size: 170.7172pt x 273.17194pt.
File: sami.png Graphic file (type png)
<use sami.png>
Package pdftex.def Info: sami.png  used on input line 502.
(pdftex.def)             Requested size: 28.45094pt x 28.45274pt.
[74

]

LaTeX Warning: The counter will not be printed.
             The label is: - on input line 502.

File: logi_Hust.png Graphic file (type png)
<use logi_Hust.png>
Package pdftex.def Info: logi_Hust.png  used on input line 502.
(pdftex.def)             Requested size: 170.7172pt x 273.17194pt.
File: sami.png Graphic file (type png)
<use sami.png>
Package pdftex.def Info: sami.png  used on input line 502.
(pdftex.def)             Requested size: 28.45094pt x 28.45274pt.
[75

]
<CODE1.PNG, id=523, 606.46574pt x 174.05025pt>
File: CODE1.PNG Graphic file (type png)
<use CODE1.PNG>
Package pdftex.def Info: CODE1.PNG  used on input line 508.
(pdftex.def)             Requested size: 315.364pt x 90.50664pt.

Overfull \hbox (8.07413pt too wide) in paragraph at lines 508--508
 [] 
 []

File: logi_Hust.png Graphic file (type png)
<use logi_Hust.png>
Package pdftex.def Info: logi_Hust.png  used on input line 508.
(pdftex.def)             Requested size: 170.7172pt x 273.17194pt.
File: sami.png Graphic file (type png)
<use sami.png>
Package pdftex.def Info: sami.png  used on input line 508.
(pdftex.def)             Requested size: 28.45094pt x 28.45274pt.
[76

 <./CODE1.PNG>]
<CODE2.PNG, id=531, 573.94424pt x 72.27pt>
File: CODE2.PNG Graphic file (type png)
<use CODE2.PNG>
Package pdftex.def Info: CODE2.PNG  used on input line 514.
(pdftex.def)             Requested size: 298.45273pt x 37.5806pt.
File: logi_Hust.png Graphic file (type png)
<use logi_Hust.png>
Package pdftex.def Info: logi_Hust.png  used on input line 514.
(pdftex.def)             Requested size: 170.7172pt x 273.17194pt.
File: sami.png Graphic file (type png)
<use sami.png>
Package pdftex.def Info: sami.png  used on input line 514.
(pdftex.def)             Requested size: 28.45094pt x 28.45274pt.
 [77

 <./CODE2.PNG>]
<IP.PNG, id=539, 695.59875pt x 87.32625pt>
File: IP.PNG Graphic file (type png)
<use IP.PNG>
Package pdftex.def Info: IP.PNG  used on input line 520.
(pdftex.def)             Requested size: 313.01654pt x 39.29645pt.

Overfull \hbox (5.72667pt too wide) in paragraph at lines 520--520
 [] 
 []

File: logi_Hust.png Graphic file (type png)
<use logi_Hust.png>
Package pdftex.def Info: logi_Hust.png  used on input line 520.
(pdftex.def)             Requested size: 170.7172pt x 273.17194pt.
File: sami.png Graphic file (type png)
<use sami.png>
Package pdftex.def Info: sami.png  used on input line 520.
(pdftex.def)             Requested size: 28.45094pt x 28.45274pt.
[78

 <./IP.PNG>]
<Dis_1.PNG, id=547, 699.61375pt x 395.4775pt>
File: Dis_1.PNG Graphic file (type png)
<use Dis_1.PNG>
Package pdftex.def Info: Dis_1.PNG  used on input line 527.
(pdftex.def)             Requested size: 314.82327pt x 177.96323pt.

Overfull \hbox (7.5334pt too wide) in paragraph at lines 527--527
 [] 
 []

File: logi_Hust.png Graphic file (type png)
<use logi_Hust.png>
Package pdftex.def Info: logi_Hust.png  used on input line 527.
(pdftex.def)             Requested size: 170.7172pt x 273.17194pt.
File: sami.png Graphic file (type png)
<use sami.png>
Package pdftex.def Info: sami.png  used on input line 527.
(pdftex.def)             Requested size: 28.45094pt x 28.45274pt.
[79

 <./Dis_1.PNG>]
File: Dis_1.PNG Graphic file (type png)
<use Dis_1.PNG>
Package pdftex.def Info: Dis_1.PNG  used on input line 534.
(pdftex.def)             Requested size: 314.82327pt x 177.96323pt.

Overfull \hbox (7.5334pt too wide) in paragraph at lines 534--534
 [] 
 []

File: logi_Hust.png Graphic file (type png)
<use logi_Hust.png>
Package pdftex.def Info: logi_Hust.png  used on input line 534.
(pdftex.def)             Requested size: 170.7172pt x 273.17194pt.
File: sami.png Graphic file (type png)
<use sami.png>
Package pdftex.def Info: sami.png  used on input line 534.
(pdftex.def)             Requested size: 28.45094pt x 28.45274pt.
[80

]
<thanks.png, id=563, 741.77126pt x 489.83pt>
File: thanks.png Graphic file (type png)
<use thanks.png>
Package pdftex.def Info: thanks.png  used on input line 540.
(pdftex.def)             Requested size: 296.70325pt x 195.92853pt.
File: logi_Hust.png Graphic file (type png)
<use logi_Hust.png>
Package pdftex.def Info: logi_Hust.png  used on input line 540.
(pdftex.def)             Requested size: 170.7172pt x 273.17194pt.
File: sami.png Graphic file (type png)
<use sami.png>
Package pdftex.def Info: sami.png  used on input line 540.
(pdftex.def)             Requested size: 28.45094pt x 28.45274pt.
 [81

 <./thanks.png>]
\tf@nav=\write6
\openout6 = `Slide_TTSS.nav'.

\tf@toc=\write7
\openout7 = `Slide_TTSS.toc'.

\tf@snm=\write8
\openout8 = `Slide_TTSS.snm'.

Package atveryend Info: Empty hook `BeforeClearDocument' on input line 550.
Package atveryend Info: Empty hook `AfterLastShipout' on input line 550.
 (./Slide_TTSS.aux)
Package atveryend Info: Executing hook `AtVeryEndDocument' on input line 550.
Package atveryend Info: Executing hook `AtEndAfterFileList' on input line 550.
Package rerunfilecheck Info: File `Slide_TTSS.out' has not changed.
(rerunfilecheck)             Checksum: D41D8CD98F00B204E9800998ECF8427E;0.
 ) 
Here is how much of TeX's memory you used:
 24738 strings out of 480608
 469774 string characters out of 5905572
 738705 words of memory out of 5000000
 39794 multiletter control sequences out of 15000+600000
 549941 words of font info for 59 fonts, out of 8000000 for 9000
 1141 hyphenation exceptions out of 8191
 58i,15n,67p,824b,1121s stack positions out of 5000i,500n,10000p,200000b,80000s
<d:/APP/texlive/2020/texmf-dist/fonts/type1/vntex/vnr/vnss10.pfb><d:/APP/texl
ive/2020/texmf-dist/fonts/type1/vntex/vnr/vnss12.pfb><d:/APP/texlive/2020/texmf
-dist/fonts/type1/vntex/vnr/vnss8.pfb><d:/APP/texlive/2020/texmf-dist/fonts/typ
e1/vntex/vnr/vnss9.pfb><d:/APP/texlive/2020/texmf-dist/fonts/type1/vntex/vnr/vn
ssbx10.pfb>
Output written on Slide_TTSS.pdf (81 pages, 2830776 bytes).
PDF statistics:
 625 PDF objects out of 1000 (max. 8388607)
 481 compressed objects within 5 object streams
 163 named destinations out of 1000 (max. 500000)
 168 words of extra memory for PDF output out of 10000 (max. 10000000)

